2013-11-30 09:05:57,557:INFO:STDOUT:Start
2013-11-30 09:05:57,767:INFO:STDOUT:(389730, 493)
2013-11-30 09:05:57,767:INFO:STDOUT:Vectorized
2013-11-30 09:05:59,458:INFO:STDOUT:Densified
2013-11-30 09:05:59,761:INFO:STDOUT:========================================
2013-11-30 09:05:59,761:INFO:STDOUT:Training: GradientBoostingClassifier
2013-11-30 09:06:00,477:INFO:STDOUT:      Iter       Train Loss      OOB Improve   Remaining Time
2013-11-30 09:06:23,590:INFO:STDOUT:         1           0.6469           0.0938          115.18m
2013-11-30 09:06:49,099:INFO:STDOUT:         2           0.5938           0.0511          120.74m
2013-11-30 09:07:17,922:INFO:STDOUT:         3           0.5595           0.0364          127.78m
2013-11-30 09:07:43,603:INFO:STDOUT:         4           0.5314           0.0282          127.19m
2013-11-30 09:08:34,952:INFO:STDOUT:         5           0.5069           0.0217          151.90m
2013-11-30 09:09:03,983:INFO:STDOUT:         6           0.4865           0.0184          149.86m
2013-11-30 09:09:33,553:INFO:STDOUT:         7           0.4742           0.0159          148.65m
2013-11-30 09:09:59,518:INFO:STDOUT:         8           0.4639           0.0128          145.42m
2013-11-30 09:10:48,682:INFO:STDOUT:         9           0.4511           0.0107          155.31m
2013-11-30 09:11:14,888:INFO:STDOUT:        10           0.4397           0.0087          151.97m
2013-11-30 09:16:31,739:INFO:STDOUT:        20           0.3871           0.0027          147.29m
2013-11-30 09:24:58,830:INFO:STDOUT:        30           0.3752           0.0014          170.75m
2013-11-30 09:34:14,960:INFO:STDOUT:        40           0.3643           0.0005          183.57m
2013-11-30 18:05:25,921:INFO:STDOUT:Start
2013-11-30 18:05:26,158:INFO:STDOUT:(389730, 493)
2013-11-30 18:05:26,159:INFO:STDOUT:Vectorized
2013-11-30 18:05:27,959:INFO:STDOUT:Densified
2013-11-30 18:05:28,282:INFO:STDOUT:========================================
2013-11-30 18:05:28,283:INFO:STDOUT:Training: GradientBoostingClassifier
2013-11-30 18:05:29,047:INFO:STDOUT:      Iter       Train Loss      OOB Improve   Remaining Time
2013-11-30 18:05:55,347:INFO:STDOUT:         1           0.6446           0.0944           43.39m
2013-11-30 18:06:21,448:INFO:STDOUT:         2           0.5972           0.0504           42.79m
2013-11-30 18:07:16,540:INFO:STDOUT:         3           0.5564           0.0359           57.93m
2013-11-30 18:08:14,883:INFO:STDOUT:         4           0.5277           0.0287           66.33m
2013-11-30 18:09:14,072:INFO:STDOUT:         5           0.5084           0.0221           71.26m
2013-11-30 18:10:13,466:INFO:STDOUT:         6           0.4873           0.0188           74.26m
2013-11-30 18:11:13,018:INFO:STDOUT:         7           0.4722           0.0153           76.16m
2013-11-30 18:12:11,672:INFO:STDOUT:         8           0.4577           0.0130           77.17m
2013-11-30 18:13:11,727:INFO:STDOUT:         9           0.4478           0.0106           77.97m
2013-11-30 18:14:11,148:INFO:STDOUT:        10           0.4439           0.0089           78.32m
2013-11-30 18:24:06,816:INFO:STDOUT:        20           0.3922           0.0023           74.52m
2013-11-30 18:31:06,270:INFO:STDOUT:        30           0.3742           0.0017           59.78m
2013-11-30 18:41:11,594:INFO:STDOUT:        40           0.3661           0.0007           53.56m
2013-11-30 18:47:46,246:INFO:STDOUT:        50           0.3545           0.0004           42.29m
2013-11-30 18:58:03,814:INFO:STDOUT:        60           0.3498           0.0003           35.05m
2013-11-30 19:08:10,321:INFO:STDOUT:        70           0.3485           0.0004           26.87m
2013-11-30 19:18:25,386:INFO:STDOUT:        80           0.3463           0.0001           18.23m
2013-11-30 19:24:16,447:INFO:STDOUT:        90           0.3419           0.0001            8.75m
2013-11-30 19:27:56,939:INFO:STDOUT:       100           0.3383           0.0001            0.00s
2013-11-30 19:27:56,939:INFO:STDOUT:train time: 4948.654s
2013-11-30 19:27:56,956:ERROR:STDERR:Traceback (most recent call last):
2013-11-30 19:27:56,956:ERROR:STDERR:  File "gb.py", line 120, in <module>
2013-11-30 19:27:56,956:ERROR:STDERR:main()
2013-11-30 19:27:56,956:ERROR:STDERR:  File "gb.py", line 78, in main
2013-11-30 19:27:56,957:ERROR:STDERR:save(clf, 'k%d' % i, args.saveFolder[0])
2013-11-30 19:27:56,957:ERROR:STDERR:TypeError
2013-11-30 19:27:56,957:ERROR:STDERR::
2013-11-30 19:27:56,957:ERROR:STDERR:%d format: a number is required, not list
2013-11-30 19:50:54,944:INFO:STDOUT:Start
2013-11-30 19:50:55,248:INFO:STDOUT:(389730, 493)
2013-11-30 19:50:55,248:INFO:STDOUT:Vectorized
2013-11-30 19:50:57,677:INFO:STDOUT:Densified
2013-11-30 19:50:57,957:INFO:STDOUT:========================================
2013-11-30 19:50:57,957:INFO:STDOUT:Training: GradientBoostingClassifier
2013-11-30 19:50:59,024:INFO:STDOUT:      Iter       Train Loss      OOB Improve   Remaining Time
2013-11-30 19:51:55,662:INFO:STDOUT:         1           0.6462           0.0934           93.45m
2013-11-30 19:52:53,971:INFO:STDOUT:         2           0.5943           0.0510           93.87m
2013-11-30 19:53:53,165:INFO:STDOUT:         3           0.5612           0.0365           93.84m
2013-11-30 19:54:50,692:INFO:STDOUT:         4           0.5288           0.0279           92.67m
2013-11-30 19:55:17,182:INFO:STDOUT:         5           0.5085           0.0218           81.75m
2013-11-30 19:55:43,955:INFO:STDOUT:         6           0.4893           0.0184           74.40m
2013-11-30 19:56:08,597:INFO:STDOUT:         7           0.4768           0.0159           68.55m
2013-11-30 19:56:34,387:INFO:STDOUT:         8           0.4636           0.0129           64.28m
2013-11-30 19:57:00,648:INFO:STDOUT:         9           0.4536           0.0106           60.94m
2013-11-30 19:57:27,170:INFO:STDOUT:        10           0.4369           0.0089           58.22m
2013-11-30 20:02:03,174:INFO:STDOUT:        20           0.3944           0.0023           44.28m
2013-11-30 20:12:03,799:INFO:STDOUT:        30           0.3756           0.0011           49.19m
2013-11-30 20:20:17,552:INFO:STDOUT:        40           0.3639           0.0011           43.96m
2013-11-30 20:30:35,039:INFO:STDOUT:        50           0.3565           0.0003           39.60m
2013-11-30 20:40:29,801:INFO:STDOUT:        60           0.3497           0.0002           33.01m
2013-11-30 20:48:28,403:INFO:STDOUT:        70           0.3515           0.0002           24.64m
2013-11-30 20:56:25,870:INFO:STDOUT:        80           0.3445           0.0001           16.36m
2013-11-30 21:05:29,121:INFO:STDOUT:        90           0.3420           0.0003            8.28m
2013-11-30 21:12:43,696:INFO:STDOUT:       100           0.3398           0.0002            0.00s
2013-11-30 21:12:43,696:INFO:STDOUT:train time: 4905.738s
2013-11-30 21:12:43,835:INFO:STDOUT:Saved k3
2013-12-01 00:37:50,683:INFO:STDOUT:Start
2013-12-01 00:37:50,901:INFO:STDOUT:(389730, 493)
2013-12-01 00:37:50,901:INFO:STDOUT:Vectorized
2013-12-01 00:37:52,649:INFO:STDOUT:Densified
2013-12-01 00:37:52,793:INFO:STDOUT:========================================
2013-12-01 00:37:52,793:INFO:STDOUT:Training: GradientBoostingClassifier
2013-12-01 00:37:53,537:INFO:STDOUT:      Iter       Train Loss      OOB Improve   Remaining Time
2013-12-01 00:38:19,364:INFO:STDOUT:         1           0.6447           0.0935          128.71m
2013-12-01 00:38:45,215:INFO:STDOUT:         2           0.5954           0.0510          128.33m
2013-12-01 00:39:21,267:INFO:STDOUT:         3           0.5581           0.0369          144.75m
2013-12-01 00:40:20,422:INFO:STDOUT:         4           0.5275           0.0281          181.16m
2013-12-01 00:41:15,092:INFO:STDOUT:         5           0.5064           0.0221          198.20m
2013-12-01 00:41:41,328:INFO:STDOUT:         6           0.4885           0.0186          186.03m
2013-12-01 00:42:17,751:INFO:STDOUT:         7           0.4715           0.0153          184.32m
2013-12-01 00:43:17,807:INFO:STDOUT:         8           0.4620           0.0129          197.26m
2013-12-01 00:44:06,232:INFO:STDOUT:         9           0.4515           0.0105          200.84m
2013-12-01 00:44:32,211:INFO:STDOUT:        10           0.4431           0.0097          192.69m
2013-12-01 00:53:59,704:INFO:STDOUT:        20           0.3901           0.0027          225.44m
2013-12-01 01:03:41,987:INFO:STDOUT:        30           0.3771           0.0010          232.27m
2013-12-01 01:14:01,296:INFO:STDOUT:        40           0.3647           0.0005          234.84m
2013-12-01 01:22:14,181:INFO:STDOUT:        50           0.3600           0.0007          221.72m
2013-12-01 01:31:47,328:INFO:STDOUT:        60           0.3512           0.0007          215.59m
2013-12-01 01:40:42,712:INFO:STDOUT:        70           0.3497           0.0002          206.41m
2013-12-01 01:45:04,949:INFO:STDOUT:        80           0.3475           0.0001          184.77m
2013-12-01 01:49:17,933:INFO:STDOUT:        90           0.3436           0.0001          166.62m
2013-12-01 01:53:28,970:INFO:STDOUT:       100           0.3407           0.0001          151.18m
2013-12-01 07:30:39,844:INFO:STDOUT:Start
2013-12-01 07:30:40,446:INFO:STDOUT:(389730, 493)
2013-12-01 07:30:40,446:INFO:STDOUT:Vectorized
2013-12-01 07:30:42,126:INFO:STDOUT:Densified
2013-12-01 07:30:42,267:INFO:STDOUT:========================================
2013-12-01 07:30:42,267:INFO:STDOUT:Training: GradientBoostingClassifier
2013-12-01 07:30:42,979:INFO:STDOUT:      Iter       Train Loss      OOB Improve   Remaining Time
2013-12-01 07:30:57,179:INFO:STDOUT:         1           0.6461           0.0939           70.76m
2013-12-01 07:31:26,945:INFO:STDOUT:         2           0.5972           0.0506          109.18m
2013-12-01 07:32:06,259:INFO:STDOUT:         3           0.5550           0.0364          137.41m
2013-12-01 07:32:44,846:INFO:STDOUT:         4           0.5318           0.0287          150.30m
2013-12-01 07:33:23,642:INFO:STDOUT:         5           0.5088           0.0221          157.98m
2013-12-01 07:34:02,458:INFO:STDOUT:         6           0.4928           0.0182          162.91m
2013-12-01 07:34:41,449:INFO:STDOUT:         7           0.4751           0.0159          166.36m
2013-12-01 07:35:10,430:INFO:STDOUT:         8           0.4607           0.0121          162.70m
2013-12-01 07:35:28,980:INFO:STDOUT:         9           0.4509           0.0112          154.12m
2013-12-01 07:35:47,456:INFO:STDOUT:        10           0.4428           0.0097          147.16m
2013-12-01 07:39:08,211:INFO:STDOUT:        20           0.3897           0.0021          117.89m
2013-12-01 07:42:32,961:INFO:STDOUT:        30           0.3740           0.0014          106.50m
2013-12-01 07:46:00,319:INFO:STDOUT:        40           0.3615           0.0015           99.38m
2013-12-01 07:49:25,689:INFO:STDOUT:        50           0.3600           0.0004           93.56m
2013-12-01 07:52:52,199:INFO:STDOUT:        60           0.3506           0.0003           88.61m
2013-12-01 07:56:26,395:INFO:STDOUT:        70           0.3526           0.0001           84.52m
2013-12-01 08:00:03,228:INFO:STDOUT:        80           0.3429           0.0002           80.68m
2013-12-01 08:03:30,596:INFO:STDOUT:        90           0.3387           0.0002           76.52m
2013-12-01 08:06:58,427:INFO:STDOUT:       100           0.3401           0.0001           72.51m
2013-12-01 08:41:40,866:INFO:STDOUT:       200           0.3293          -0.0000           35.48m
2013-12-01 09:16:33,130:INFO:STDOUT:       300           0.3178           0.0000            0.00s
2013-12-01 09:16:33,131:INFO:STDOUT:train time: 6350.864s
2013-12-01 09:16:33,367:INFO:STDOUT:Saved k3
