2013-11-30 09:06:01,844:INFO:STDOUT:Start
2013-11-30 09:06:02,056:INFO:STDOUT:(389730, 493)
2013-11-30 09:06:02,057:INFO:STDOUT:Vectorized
2013-11-30 09:06:03,772:INFO:STDOUT:Densified
2013-11-30 09:06:04,057:INFO:STDOUT:========================================
2013-11-30 09:06:04,057:INFO:STDOUT:Training: GradientBoostingClassifier
2013-11-30 09:06:04,778:INFO:STDOUT:      Iter       Train Loss      OOB Improve   Remaining Time
2013-11-30 09:06:29,157:INFO:STDOUT:         1           0.2149           0.1057          121.49m
2013-11-30 09:07:04,012:INFO:STDOUT:         2           0.1948           0.0209          147.10m
2013-11-30 09:07:39,285:INFO:STDOUT:         3           0.1798           0.0149          155.94m
2013-11-30 09:08:28,822:INFO:STDOUT:         4           0.1683           0.0114          177.65m
2013-11-30 09:09:30,234:INFO:STDOUT:         5           0.1595           0.0091          202.03m
2013-11-30 09:10:31,105:INFO:STDOUT:         6           0.1511           0.0084          217.50m
2013-11-30 09:11:32,048:INFO:STDOUT:         7           0.1440           0.0064          228.31m
2013-11-30 09:12:32,864:INFO:STDOUT:         8           0.1385           0.0053          236.09m
2013-11-30 09:13:34,405:INFO:STDOUT:         9           0.1349           0.0046          242.30m
2013-11-30 09:14:17,246:INFO:STDOUT:        10           0.1310           0.0039          238.03m
2013-11-30 09:22:15,232:INFO:STDOUT:        20           0.1101           0.0008          226.44m
2013-11-30 09:26:59,971:INFO:STDOUT:        30           0.1067           0.0003          188.28m
2013-11-30 09:36:37,448:INFO:STDOUT:        40           0.1041           0.0000          198.54m
2013-11-30 18:05:26,636:INFO:STDOUT:Start
2013-11-30 18:05:26,955:INFO:STDOUT:(389730, 493)
2013-11-30 18:05:26,955:INFO:STDOUT:Vectorized
2013-11-30 18:05:29,282:INFO:STDOUT:Densified
2013-11-30 18:05:29,779:INFO:STDOUT:========================================
2013-11-30 18:05:29,780:INFO:STDOUT:Training: GradientBoostingClassifier
2013-11-30 18:05:30,764:INFO:STDOUT:      Iter       Train Loss      OOB Improve   Remaining Time
2013-11-30 18:06:12,552:INFO:STDOUT:         1           0.2154           0.1054           68.95m
2013-11-30 18:06:58,474:INFO:STDOUT:         2           0.1963           0.0205           71.63m
2013-11-30 18:07:57,709:INFO:STDOUT:         3           0.1786           0.0150           79.19m
2013-11-30 18:08:57,778:INFO:STDOUT:         4           0.1673           0.0115           82.81m
2013-11-30 18:09:58,701:INFO:STDOUT:         5           0.1572           0.0092           84.85m
2013-11-30 18:10:58,606:INFO:STDOUT:         6           0.1528           0.0075           85.60m
2013-11-30 18:11:58,285:INFO:STDOUT:         7           0.1446           0.0062           85.81m
2013-11-30 18:12:58,638:INFO:STDOUT:         8           0.1369           0.0067           85.84m
2013-11-30 18:13:59,014:INFO:STDOUT:         9           0.1352           0.0046           85.65m
2013-11-30 18:14:58,822:INFO:STDOUT:        10           0.1299           0.0038           85.21m
2013-11-30 18:24:56,658:INFO:STDOUT:        20           0.1112           0.0008           77.73m
2013-11-30 18:31:06,802:INFO:STDOUT:        30           0.1083           0.0003           59.73m
2013-11-30 18:35:35,124:INFO:STDOUT:        40           0.1050           0.0000           45.11m
2013-11-30 18:45:45,683:INFO:STDOUT:        50           0.1889           0.0000           40.25m
2013-11-30 18:56:13,581:INFO:STDOUT:        60           0.2768           0.0001           33.81m
2013-11-30 19:06:11,846:INFO:STDOUT:        70       39499.5572          -0.0000           26.01m
2013-11-30 19:10:42,058:INFO:STDOUT:        80       39500.5955          -0.0000           16.30m
2013-11-30 19:17:16,817:INFO:STDOUT:        90      157363.9836           0.0000            7.97m
2013-11-30 19:22:04,137:INFO:STDOUT:       100      117864.5270           0.0000            0.00s
2013-11-30 19:22:04,137:INFO:STDOUT:train time: 4594.358s
2013-11-30 19:22:04,154:ERROR:STDERR:Traceback (most recent call last):
2013-11-30 19:22:04,154:ERROR:STDERR:  File "gb.py", line 120, in <module>
2013-11-30 19:22:04,154:ERROR:STDERR:main()
2013-11-30 19:22:04,154:ERROR:STDERR:  File "gb.py", line 78, in main
2013-11-30 19:22:04,154:ERROR:STDERR:save(clf, 'k%d' % i, args.saveFolder[0])
2013-11-30 19:22:04,155:ERROR:STDERR:TypeError
2013-11-30 19:22:04,155:ERROR:STDERR::
2013-11-30 19:22:04,155:ERROR:STDERR:%d format: a number is required, not list
2013-11-30 19:50:58,937:INFO:STDOUT:Start
2013-11-30 19:50:59,155:INFO:STDOUT:(389730, 493)
2013-11-30 19:50:59,155:INFO:STDOUT:Vectorized
2013-11-30 19:51:00,911:INFO:STDOUT:Densified
2013-11-30 19:51:01,042:INFO:STDOUT:========================================
2013-11-30 19:51:01,043:INFO:STDOUT:Training: GradientBoostingClassifier
2013-11-30 19:51:01,822:INFO:STDOUT:      Iter       Train Loss      OOB Improve   Remaining Time
2013-11-30 19:51:27,405:INFO:STDOUT:         1           0.2141           0.1066           42.21m
2013-11-30 19:51:53,892:INFO:STDOUT:         2           0.1969           0.0212           42.52m
2013-11-30 19:52:25,958:INFO:STDOUT:         3           0.1797           0.0151           45.34m
2013-11-30 19:53:26,009:INFO:STDOUT:         4           0.1683           0.0115           57.67m
2013-11-30 19:54:25,207:INFO:STDOUT:         5           0.1591           0.0093           64.41m
2013-11-30 19:55:25,817:INFO:STDOUT:         6           0.1524           0.0075           68.93m
2013-11-30 19:56:21,480:INFO:STDOUT:         7           0.1424           0.0075           70.78m
2013-11-30 19:57:21,895:INFO:STDOUT:         8           0.1392           0.0054           72.85m
2013-11-30 19:58:22,125:INFO:STDOUT:         9           0.1376           0.0045           74.20m
2013-11-30 19:59:21,611:INFO:STDOUT:        10           0.1285           0.0039           74.97m
2013-11-30 20:06:51,850:INFO:STDOUT:        20           0.1113           0.0011           63.34m
2013-11-30 20:14:38,400:INFO:STDOUT:        30           0.1058           0.0003           55.09m
2013-11-30 20:22:55,562:INFO:STDOUT:        40           0.1052           0.0000           47.84m
2013-11-30 20:32:45,733:INFO:STDOUT:        50         431.0057           0.0002           41.73m
2013-11-30 20:42:33,687:INFO:STDOUT:        60       20544.3345           0.0004           34.35m
2013-11-30 20:51:56,054:INFO:STDOUT:        70       23324.2597           0.0000           26.10m
2013-11-30 20:57:40,356:INFO:STDOUT:        80       17029.4877          -0.0003           16.66m
2013-11-30 21:05:41,960:INFO:STDOUT:        90       17580.8050           0.0000            8.30m
2013-11-30 21:09:31,652:INFO:STDOUT:       100      291961.6573          -0.0000            0.00s
2013-11-30 21:09:31,652:INFO:STDOUT:train time: 4710.609s
2013-11-30 21:09:31,734:INFO:STDOUT:Saved k4
2013-12-01 00:37:50,770:INFO:STDOUT:Start
2013-12-01 00:37:50,984:INFO:STDOUT:(389730, 493)
2013-12-01 00:37:50,984:INFO:STDOUT:Vectorized
2013-12-01 00:37:52,735:INFO:STDOUT:Densified
2013-12-01 00:37:52,875:INFO:STDOUT:========================================
2013-12-01 00:37:52,875:INFO:STDOUT:Training: GradientBoostingClassifier
2013-12-01 00:37:53,626:INFO:STDOUT:      Iter       Train Loss      OOB Improve   Remaining Time
2013-12-01 00:38:20,138:INFO:STDOUT:         1           0.2189           0.1043          132.11m
2013-12-01 00:39:11,425:INFO:STDOUT:         2           0.1945           0.0211          193.20m
2013-12-01 00:40:06,628:INFO:STDOUT:         3           0.1784           0.0152          219.45m
2013-12-01 00:41:01,716:INFO:STDOUT:         4           0.1677           0.0116          231.98m
2013-12-01 00:41:57,485:INFO:STDOUT:         5           0.1591           0.0092          239.79m
2013-12-01 00:42:53,535:INFO:STDOUT:         6           0.1514           0.0076          244.92m
2013-12-01 00:43:48,151:INFO:STDOUT:         7           0.1434           0.0076          247.32m
2013-12-01 00:44:43,235:INFO:STDOUT:         8           0.1395           0.0053          249.18m
2013-12-01 00:45:38,098:INFO:STDOUT:         9           0.1337           0.0045          250.30m
2013-12-01 00:46:33,677:INFO:STDOUT:        10           0.1326           0.0039          251.36m
2013-12-01 00:55:46,306:INFO:STDOUT:        20           0.1101           0.0008          250.29m
2013-12-01 01:04:56,369:INFO:STDOUT:        30           0.1076           0.0001          243.41m
2013-12-01 01:14:17,685:INFO:STDOUT:        40           0.1040           0.0001          236.61m
2013-12-01 01:22:03,111:INFO:STDOUT:        50           0.2915           0.0000          220.79m
2013-12-01 01:31:21,883:INFO:STDOUT:        60           0.4812          -3.2695          213.88m
2013-12-01 01:37:07,501:INFO:STDOUT:        70           3.3717           0.0000          194.62m
2013-12-01 01:42:43,122:INFO:STDOUT:        80           1.9253          -0.0000          178.27m
2013-12-01 01:50:38,326:INFO:STDOUT:        90      481371.6566          -0.0003          169.74m
2013-12-01 01:54:52,078:INFO:STDOUT:       100      481368.4028          -0.0000          153.95m
2013-12-01 03:08:04,971:INFO:STDOUT:       200    20589229.0452          -0.0000           75.09m
2013-12-01 04:18:48,588:INFO:STDOUT:       300   844104397.6766 -1441151880.7543            0.00s
2013-12-01 04:18:48,589:INFO:STDOUT:train time: 13255.714s
2013-12-01 04:18:48,818:INFO:STDOUT:Saved k4
