2013-11-30 09:05:19,822:INFO:STDOUT:Start
2013-11-30 09:05:20,109:INFO:STDOUT:(389730, 493)
2013-11-30 09:05:20,109:INFO:STDOUT:Vectorized
2013-11-30 09:05:22,412:INFO:STDOUT:Densified
2013-11-30 09:05:22,931:INFO:STDOUT:========================================
2013-11-30 09:05:22,931:INFO:STDOUT:Training: GradientBoostingClassifier
2013-11-30 09:05:23,928:INFO:STDOUT:      Iter       Train Loss      OOB Improve   Remaining Time
2013-11-30 09:06:00,595:INFO:STDOUT:         1           0.5375           0.1103          182.72m
2013-11-30 09:06:54,282:INFO:STDOUT:         2           0.4926           0.0494          224.38m
2013-11-30 09:07:22,405:INFO:STDOUT:         3           0.4532           0.0339          195.49m
2013-11-30 09:07:49,416:INFO:STDOUT:         4           0.4297           0.0252          179.43m
2013-11-30 09:08:47,117:INFO:STDOUT:         5           0.4118           0.0198          199.80m
2013-11-30 09:09:41,821:INFO:STDOUT:         6           0.3945           0.0160          210.61m
2013-11-30 09:10:40,833:INFO:STDOUT:         7           0.3795           0.0130          221.08m
2013-11-30 09:11:40,992:INFO:STDOUT:         8           0.3691           0.0108          229.38m
2013-11-30 09:12:40,670:INFO:STDOUT:         9           0.3593           0.0089          235.36m
2013-11-30 09:13:40,395:INFO:STDOUT:        10           0.3497           0.0074          239.96m
2013-11-30 09:18:52,159:INFO:STDOUT:        20           0.3063           0.0017          188.59m
2013-11-30 09:28:53,143:INFO:STDOUT:        30           0.2883           0.0015          211.38m
2013-11-30 09:37:00,364:INFO:STDOUT:        40           0.2817           0.0003          205.45m
2013-11-30 18:05:26,785:INFO:STDOUT:Start
2013-11-30 18:05:27,061:INFO:STDOUT:(389730, 493)
2013-11-30 18:05:27,061:INFO:STDOUT:Vectorized
2013-11-30 18:05:29,372:INFO:STDOUT:Densified
2013-11-30 18:05:29,891:INFO:STDOUT:========================================
2013-11-30 18:05:29,891:INFO:STDOUT:Training: GradientBoostingClassifier
2013-11-30 18:05:30,877:INFO:STDOUT:      Iter       Train Loss      OOB Improve   Remaining Time
2013-11-30 18:06:27,041:INFO:STDOUT:         1           0.5387           0.1099           92.67m
2013-11-30 18:06:57,325:INFO:STDOUT:         2           0.4893           0.0493           70.60m
2013-11-30 18:07:41,582:INFO:STDOUT:         3           0.4524           0.0338           70.44m
2013-11-30 18:08:18,242:INFO:STDOUT:         4           0.4265           0.0254           66.95m
2013-11-30 18:09:10,627:INFO:STDOUT:         5           0.4086           0.0197           69.59m
2013-11-30 18:10:08,431:INFO:STDOUT:         6           0.3940           0.0159           72.47m
2013-11-30 18:11:08,081:INFO:STDOUT:         7           0.3833           0.0130           74.67m
2013-11-30 18:12:08,117:INFO:STDOUT:         8           0.3726           0.0108           76.14m
2013-11-30 18:13:06,776:INFO:STDOUT:         9           0.3600           0.0089           76.83m
2013-11-30 18:14:06,917:INFO:STDOUT:        10           0.3543           0.0075           77.41m
2013-11-30 18:24:06,300:INFO:STDOUT:        20           0.3058           0.0034           74.36m
2013-11-30 18:34:16,366:INFO:STDOUT:        30           0.2884           0.0014           67.10m
2013-11-30 18:42:37,494:INFO:STDOUT:        40           0.2800           0.0004           55.67m
2013-11-30 18:50:52,279:INFO:STDOUT:        50           0.2749           0.0007           45.36m
2013-11-30 18:55:20,221:INFO:STDOUT:        60           0.2731           0.0001           33.21m
2013-11-30 18:59:47,056:INFO:STDOUT:        70           0.2702           0.0001           23.26m
2013-11-30 19:07:53,340:INFO:STDOUT:        80           0.2603           0.0002           15.59m
2013-11-30 19:13:59,388:INFO:STDOUT:        90           0.2621           0.0006            7.61m
2013-11-30 19:18:24,084:INFO:STDOUT:       100           0.2567           0.0001            0.00s
2013-11-30 19:18:24,084:INFO:STDOUT:train time: 4374.192s
2013-11-30 19:18:24,109:ERROR:STDERR:Traceback (most recent call last):
2013-11-30 19:18:24,109:ERROR:STDERR:  File "gb.py", line 120, in <module>
2013-11-30 19:18:24,109:ERROR:STDERR:main()
2013-11-30 19:18:24,109:ERROR:STDERR:  File "gb.py", line 78, in main
2013-11-30 19:18:24,109:ERROR:STDERR:save(clf, 'k%d' % i, args.saveFolder[0])
2013-11-30 19:18:24,109:ERROR:STDERR:TypeError
2013-11-30 19:18:24,110:ERROR:STDERR::
2013-11-30 19:18:24,110:ERROR:STDERR:%d format: a number is required, not list
2013-11-30 19:50:48,012:INFO:STDOUT:Start
2013-11-30 19:50:48,295:INFO:STDOUT:(389730, 493)
2013-11-30 19:50:48,296:INFO:STDOUT:Vectorized
2013-11-30 19:50:50,710:INFO:STDOUT:Densified
2013-11-30 19:50:50,974:INFO:STDOUT:========================================
2013-11-30 19:50:50,974:INFO:STDOUT:Training: GradientBoostingClassifier
2013-11-30 19:50:52,021:INFO:STDOUT:      Iter       Train Loss      OOB Improve   Remaining Time
2013-11-30 19:51:42,182:INFO:STDOUT:         1           0.5393           0.1096           82.77m
2013-11-30 19:52:37,436:INFO:STDOUT:         2           0.4900           0.0493           86.09m
2013-11-30 19:53:32,319:INFO:STDOUT:         3           0.4528           0.0337           86.38m
2013-11-30 19:54:27,883:INFO:STDOUT:         4           0.4337           0.0250           86.35m
2013-11-30 19:55:23,544:INFO:STDOUT:         5           0.4085           0.0198           85.98m
2013-11-30 19:56:15,158:INFO:STDOUT:         6           0.3957           0.0159           84.37m
2013-11-30 19:57:10,959:INFO:STDOUT:         7           0.3765           0.0129           83.91m
2013-11-30 19:58:05,856:INFO:STDOUT:         8           0.3698           0.0108           83.15m
2013-11-30 19:59:00,839:INFO:STDOUT:         9           0.3625           0.0089           82.37m
2013-11-30 19:59:55,314:INFO:STDOUT:        10           0.3517           0.0075           81.49m
2013-11-30 20:09:44,580:INFO:STDOUT:        20           0.3059           0.0019           75.50m
2013-11-30 20:17:23,306:INFO:STDOUT:        30           0.2911           0.0006           61.88m
2013-11-30 20:21:58,006:INFO:STDOUT:        40           0.2839           0.0007           46.65m
2013-11-30 20:26:25,816:INFO:STDOUT:        50           0.2756           0.0003           35.56m
2013-11-30 20:31:52,585:INFO:STDOUT:        60           0.2713           0.0002           27.34m
2013-11-30 20:36:14,075:INFO:STDOUT:        70           0.2675           0.0002           19.44m
2013-11-30 20:40:27,869:INFO:STDOUT:        80           0.2610           0.0001           12.40m
2013-11-30 20:44:45,562:INFO:STDOUT:        90           0.2601           0.0001            5.99m
2013-11-30 20:51:34,427:INFO:STDOUT:       100           0.2579           0.0001            0.00s
2013-11-30 20:51:34,428:INFO:STDOUT:train time: 3643.453s
2013-11-30 20:51:34,639:INFO:STDOUT:Saved k1
2013-12-01 00:37:51,420:INFO:STDOUT:Start
2013-12-01 00:37:51,685:INFO:STDOUT:(389730, 493)
2013-12-01 00:37:51,685:INFO:STDOUT:Vectorized
2013-12-01 00:37:54,004:INFO:STDOUT:Densified
2013-12-01 00:37:54,280:INFO:STDOUT:========================================
2013-12-01 00:37:54,281:INFO:STDOUT:Training: GradientBoostingClassifier
2013-12-01 00:37:55,252:INFO:STDOUT:      Iter       Train Loss      OOB Improve   Remaining Time
2013-12-01 00:38:53,257:INFO:STDOUT:         1           0.5346           0.1105          289.06m
2013-12-01 00:39:52,592:INFO:STDOUT:         2           0.4897           0.0498          291.39m
2013-12-01 00:40:51,257:INFO:STDOUT:         3           0.4529           0.0340          290.41m
2013-12-01 00:41:44,831:INFO:STDOUT:         4           0.4272           0.0254          283.15m
2013-12-01 00:42:11,548:INFO:STDOUT:         5           0.4112           0.0196          252.02m
2013-12-01 00:42:37,486:INFO:STDOUT:         6           0.3942           0.0159          230.49m
2013-12-01 00:43:28,478:INFO:STDOUT:         7           0.3817           0.0131          232.47m
2013-12-01 00:44:10,863:INFO:STDOUT:         8           0.3694           0.0108          228.50m
2013-12-01 00:44:37,006:INFO:STDOUT:         9           0.3607           0.0089          216.50m
2013-12-01 00:45:03,927:INFO:STDOUT:        10           0.3499           0.0075          207.19m
2013-12-01 00:50:19,059:INFO:STDOUT:        20           0.3071           0.0021          173.56m
2013-12-01 01:00:29,476:INFO:STDOUT:        30           0.2894           0.0011          203.13m
2013-12-01 01:10:12,807:INFO:STDOUT:        40           0.2811           0.0006          209.90m
2013-12-01 01:17:49,714:INFO:STDOUT:        50           0.2777           0.0006          199.54m
2013-12-01 01:22:15,918:INFO:STDOUT:        60           0.2698           0.0002          177.38m
2013-12-01 01:30:13,524:INFO:STDOUT:        70           0.2664           0.0003          171.86m
2013-12-01 01:37:29,032:INFO:STDOUT:        80           0.2664           0.0002          163.80m
2013-12-01 01:47:25,504:INFO:STDOUT:        90           0.2596           0.0004          162.18m
2013-12-01 01:57:10,092:INFO:STDOUT:       100           0.2585           0.0000          158.49m
2013-12-01 03:13:52,816:INFO:STDOUT:       200           0.2476           0.0000           77.98m
2013-12-01 04:19:35,826:INFO:STDOUT:       300 380743004608396672.0000           0.0000            0.00s
2013-12-01 04:19:35,826:INFO:STDOUT:train time: 13301.546s
2013-12-01 04:19:36,077:INFO:STDOUT:Saved k1
