2013-11-30 09:05:51,864:INFO:STDOUT:Start
2013-11-30 09:05:52,091:INFO:STDOUT:(389730, 493)
2013-11-30 09:05:52,091:INFO:STDOUT:Vectorized
2013-11-30 09:05:53,775:INFO:STDOUT:Densified
2013-11-30 09:05:54,038:INFO:STDOUT:========================================
2013-11-30 09:05:54,039:INFO:STDOUT:Training: GradientBoostingClassifier
2013-11-30 09:05:54,749:INFO:STDOUT:      Iter       Train Loss      OOB Improve   Remaining Time
2013-11-30 09:06:41,912:INFO:STDOUT:         1           0.0694           0.0134          235.03m
2013-11-30 09:07:37,469:INFO:STDOUT:         2           0.0660           0.0022          255.09m
2013-11-30 09:08:13,925:INFO:STDOUT:         3           0.0670           0.0008          229.64m
2013-11-30 09:08:41,472:INFO:STDOUT:         4           0.0644           0.0006          205.62m
2013-11-30 09:09:08,866:INFO:STDOUT:         5           0.0647           0.0003          190.88m
2013-11-30 09:09:36,925:INFO:STDOUT:         6           0.0676           0.0005          181.44m
2013-11-30 09:10:04,294:INFO:STDOUT:         7           0.0643           0.0002          174.09m
2013-11-30 09:10:31,731:INFO:STDOUT:         8           0.0665          -0.0000          168.50m
2013-11-30 09:11:12,975:INFO:STDOUT:         9           0.0659           0.0002          171.49m
2013-11-30 09:12:14,815:INFO:STDOUT:        10           0.0660           0.0001          183.70m
2013-11-30 09:22:15,239:INFO:STDOUT:        20           0.0651          -0.0000          228.78m
2013-11-30 09:32:33,318:INFO:STDOUT:        30 218561172508342816767544891590537522607697861843002298001781828600889535507106160096118709401740329198708438094077980635678371017775932683550028504401901585040164360354208415744.0000           0.0000          239.79m
2013-11-30 18:05:26,124:INFO:STDOUT:Start
2013-11-30 18:05:26,354:INFO:STDOUT:(389730, 493)
2013-11-30 18:05:26,354:INFO:STDOUT:Vectorized
2013-11-30 18:05:28,148:INFO:STDOUT:Densified
2013-11-30 18:05:28,434:INFO:STDOUT:========================================
2013-11-30 18:05:28,435:INFO:STDOUT:Training: GradientBoostingClassifier
2013-11-30 18:05:29,206:INFO:STDOUT:      Iter       Train Loss      OOB Improve   Remaining Time
2013-11-30 18:05:56,763:INFO:STDOUT:         1           0.0723           0.0119           45.47m
2013-11-30 18:06:23,922:INFO:STDOUT:         2           0.0698           0.0019           44.68m
2013-11-30 18:06:50,678:INFO:STDOUT:         3           0.0664           0.0006           43.90m
2013-11-30 18:07:41,007:INFO:STDOUT:         4           0.0671           0.0006           52.72m
2013-11-30 18:08:32,688:INFO:STDOUT:         5           0.0663           0.0005           58.10m
2013-11-30 18:09:16,319:INFO:STDOUT:         6           0.0677           0.0002           59.30m
2013-11-30 18:10:06,592:INFO:STDOUT:         7           0.0668           0.0003           61.42m
2013-11-30 18:10:46,398:INFO:STDOUT:         8           0.0682           0.0005           60.80m
2013-11-30 18:11:48,371:INFO:STDOUT:         9           0.0633           0.0004           63.90m
2013-11-30 18:12:49,685:INFO:STDOUT:        10           0.0664          -0.0002           66.07m
2013-11-30 18:19:29,396:INFO:STDOUT:        20           0.1251          -0.0002           56.01m
2013-11-30 18:25:22,114:INFO:STDOUT:        30          15.6404          -0.0006           46.39m
2013-11-30 18:35:40,891:INFO:STDOUT:        40          15.7027        -190.0986           45.29m
2013-11-30 18:42:58,834:INFO:STDOUT:        50         336.2492          -0.0009           37.49m
2013-11-30 18:51:20,650:INFO:STDOUT:        60         245.9191           0.0000           30.57m
2013-11-30 18:55:48,101:INFO:STDOUT:        70         226.0811           0.0000           21.56m
2013-11-30 19:01:33,803:INFO:STDOUT:        80         348.8410          -0.0000           14.02m
2013-11-30 19:11:21,730:INFO:STDOUT:        90         162.5908          -0.0000            7.32m
2013-11-30 19:19:53,954:INFO:STDOUT:       100 134132889627951136768.0000           0.0000            0.00s
2013-11-30 19:19:53,954:INFO:STDOUT:train time: 4465.519s
2013-11-30 19:19:53,971:ERROR:STDERR:Traceback (most recent call last):
2013-11-30 19:19:53,972:ERROR:STDERR:  File "gb.py", line 120, in <module>
2013-11-30 19:19:53,972:ERROR:STDERR:main()
2013-11-30 19:19:53,972:ERROR:STDERR:  File "gb.py", line 78, in main
2013-11-30 19:19:53,972:ERROR:STDERR:save(clf, 'k%d' % i, args.saveFolder[0])
2013-11-30 19:19:53,972:ERROR:STDERR:TypeError
2013-11-30 19:19:53,972:ERROR:STDERR::
2013-11-30 19:19:53,972:ERROR:STDERR:%d format: a number is required, not list
2013-11-30 19:50:51,403:INFO:STDOUT:Start
2013-11-30 19:50:51,617:INFO:STDOUT:(389730, 493)
2013-11-30 19:50:51,617:INFO:STDOUT:Vectorized
2013-11-30 19:50:53,347:INFO:STDOUT:Densified
2013-11-30 19:50:53,478:INFO:STDOUT:========================================
2013-11-30 19:50:53,478:INFO:STDOUT:Training: GradientBoostingClassifier
2013-11-30 19:50:54,207:INFO:STDOUT:      Iter       Train Loss      OOB Improve   Remaining Time
2013-11-30 19:51:36,947:INFO:STDOUT:         1           0.0727           0.0111           70.52m
2013-11-30 19:52:39,570:INFO:STDOUT:         2           0.0671           0.0032           86.05m
2013-11-30 19:53:42,957:INFO:STDOUT:         3           0.0662           0.0007           90.94m
2013-11-30 19:54:45,415:INFO:STDOUT:         4           0.0661           0.0005           92.48m
2013-11-30 19:55:22,905:INFO:STDOUT:         5           0.0682           0.0003           85.09m
2013-11-30 19:56:11,655:INFO:STDOUT:         6           0.0663           0.0002           82.89m
2013-11-30 19:57:04,534:INFO:STDOUT:         7           0.0669           0.0006           82.00m
2013-11-30 19:57:31,958:INFO:STDOUT:         8           0.0647           0.0002           76.24m
2013-11-30 19:57:59,064:INFO:STDOUT:         9           0.0660           0.0002           71.60m
2013-11-30 19:58:26,579:INFO:STDOUT:        10           0.0684           0.0003           67.86m
2013-11-30 20:05:28,917:INFO:STDOUT:        20           0.0649           0.0000           58.31m
2013-11-30 20:11:59,299:INFO:STDOUT:        30          55.9216           0.0000           49.20m
2013-11-30 20:21:01,803:INFO:STDOUT:        40          92.3195           0.0000           45.19m
2013-11-30 20:29:30,274:INFO:STDOUT:        50 441998813909205308393127936.0000          -0.0000           38.60m
2013-11-30 20:36:48,731:INFO:STDOUT:        60 441998813909205308393127936.0000           0.0000           30.61m
2013-11-30 20:43:30,427:INFO:STDOUT:        70 220999406954602654196563968.0000           0.0000           22.54m
2013-11-30 20:48:14,925:INFO:STDOUT:        80 764759756608838042169084240461824.0000           0.0000           14.34m
2013-11-30 20:52:41,144:INFO:STDOUT:        90 764759535609431186199598082293760.0000           0.0000            6.86m
2013-11-30 20:58:14,411:INFO:STDOUT:       100 764759535609431186199598082293760.0000           0.0000            0.00s
2013-11-30 20:58:14,411:INFO:STDOUT:train time: 4040.933s
2013-11-30 20:58:14,517:INFO:STDOUT:Saved k2
2013-12-01 00:37:50,800:INFO:STDOUT:Start
2013-12-01 00:37:51,018:INFO:STDOUT:(389730, 493)
2013-12-01 00:37:51,018:INFO:STDOUT:Vectorized
2013-12-01 00:37:52,760:INFO:STDOUT:Densified
2013-12-01 00:37:52,895:INFO:STDOUT:========================================
2013-12-01 00:37:52,895:INFO:STDOUT:Training: GradientBoostingClassifier
2013-12-01 00:37:53,639:INFO:STDOUT:      Iter       Train Loss      OOB Improve   Remaining Time
2013-12-01 00:38:20,488:INFO:STDOUT:         1           0.0703           0.0120          133.80m
2013-12-01 00:38:48,336:INFO:STDOUT:         2           0.0697           0.0022          135.83m
2013-12-01 00:39:49,293:INFO:STDOUT:         3           0.0689           0.0007          190.83m
2013-12-01 00:40:51,345:INFO:STDOUT:         4           0.0672           0.0007          219.17m
2013-12-01 00:41:42,334:INFO:STDOUT:         5           0.0666           0.0001          224.88m
2013-12-01 00:42:43,063:INFO:STDOUT:         6           0.0691           0.0003          236.36m
2013-12-01 00:43:43,703:INFO:STDOUT:         7           0.0665           0.0002          244.21m
2013-12-01 00:44:44,566:INFO:STDOUT:         8           0.0647          -0.0004          249.98m
2013-12-01 00:45:46,353:INFO:STDOUT:         9           0.0673           0.0002          254.74m
2013-12-01 00:46:47,424:INFO:STDOUT:        10           0.0668           0.0003          258.00m
2013-12-01 00:55:20,191:INFO:STDOUT:        20 173714112302082526064398607959355493613175892666685085667379453624320.0000           0.0000          244.20m
2013-12-01 01:04:47,111:INFO:STDOUT:        30 173714112302082526064398607959355493613175892666685085667379453624320.0000           0.0000          242.02m
2013-12-01 01:13:52,085:INFO:STDOUT:        40 173714112302082526064398607959355493613175892666685085667379453624320.0000          -0.0330          233.83m
2013-12-01 01:18:54,502:INFO:STDOUT:        50 119478131217092067328.0000           0.0000          205.07m
2013-12-01 01:26:42,090:INFO:STDOUT:        60 173714112302082526064398607959355493613175892666685085667379453624320.0000           0.0000          195.23m
2013-12-01 01:33:40,023:INFO:STDOUT:        70 173714112302082526064398607959355493613175892666685085667379453624320.0000           0.0000          183.25m
2013-12-01 01:43:59,524:INFO:STDOUT:        80         354.5668           0.0000          181.77m
2013-12-01 01:53:39,806:INFO:STDOUT:        90 173714112302082526064398607959355493613175892666685085667379453624320.0000           0.0000          176.80m
2013-12-01 02:03:42,250:INFO:STDOUT:       100 119478131217092067328.0000           0.0000          171.62m
2013-12-01 03:30:42,705:INFO:STDOUT:       200 331284653214796032435050494305240328625579386362541146438759903920128.0000           0.0000           86.41m
2013-12-01 04:19:28,035:INFO:STDOUT:       300 78785270456356753185325943172942417506201746847928030385690225147904.0000           0.0000            0.00s
2013-12-01 04:19:28,035:INFO:STDOUT:train time: 13295.140s
2013-12-01 04:19:28,360:INFO:STDOUT:Saved k2
