2013-11-30 18:05:26,636:INFO:STDOUT:Start
2013-11-30 18:05:26,954:INFO:STDOUT:(389730, 493)
2013-11-30 18:05:26,955:INFO:STDOUT:Vectorized
2013-11-30 18:05:29,274:INFO:STDOUT:Densified
2013-11-30 18:05:29,769:INFO:STDOUT:========================================
2013-11-30 18:05:29,769:INFO:STDOUT:Training: GradientBoostingClassifier
2013-11-30 18:05:30,754:INFO:STDOUT:      Iter       Train Loss      OOB Improve   Remaining Time
2013-11-30 18:06:33,059:INFO:STDOUT:         1           0.0428          -0.0150          102.80m
2013-11-30 18:07:15,049:INFO:STDOUT:         2          74.7953        -104.4515           85.17m
2013-11-30 18:07:42,083:INFO:STDOUT:         3 3179888822683062875229726176190660608.0000 -4628713907574161910202095892615397376.0000           70.77m
2013-11-30 18:08:08,758:INFO:STDOUT:         4 4722793458541116255001281115023474688.0000           0.0000           63.20m
2013-11-30 18:09:06,761:INFO:STDOUT:         5 4929768470668416876091947249991417856.0000           0.0000           68.40m
2013-11-30 18:10:05,517:INFO:STDOUT:         6 3744366128484790124616458228050427904.0000           0.0000           71.74m
2013-11-30 18:11:03,388:INFO:STDOUT:         7 3857261589645135220316318423198990336.0000           0.0000           73.65m
2013-11-30 18:12:02,953:INFO:STDOUT:         8 4986216201248589719089782526918524928.0000           0.0000           75.17m
2013-11-30 18:13:01,806:INFO:STDOUT:         9 4910952560475026715487082635956584448.0000           0.0000           76.01m
2013-11-30 18:13:59,815:INFO:STDOUT:        10 4798057099314680439195601723396718592.0000           0.0000           76.36m
2013-11-30 18:23:33,902:INFO:STDOUT:        20 4101868422159217343208334503647903744.0000           0.0000           72.21m
2013-11-30 18:33:49,624:INFO:STDOUT:        30 3970157050805480906311988977053204480.0000           0.0000           66.07m
2013-11-30 18:40:51,783:INFO:STDOUT:        40 4910952560475026125191272277250932736.0000           0.0000           53.03m
2013-11-30 18:47:22,030:INFO:STDOUT:        50 3048177451329325848037570290890309632.0000           0.0000           41.85m
2013-11-30 18:54:50,725:INFO:STDOUT:        60 2991729720749153595335545372668854272.0000           0.0000           32.89m
2013-11-30 19:03:45,679:INFO:STDOUT:        70 4703977548347726094396416500988641280.0000           0.0000           24.96m
2013-11-30 19:08:16,116:INFO:STDOUT:        80 3687918397904617281618622951123320832.0000           0.0000           15.69m
2013-11-30 19:12:46,473:INFO:STDOUT:        90 4591082087187380408400745947134427136.0000           0.0000            7.47m
2013-11-30 19:17:17,315:INFO:STDOUT:       100 4007788871192262408113338922534174720.0000           0.0000            0.00s
2013-11-30 19:17:17,315:INFO:STDOUT:train time: 4307.546s
2013-11-30 19:17:17,341:ERROR:STDERR:Traceback (most recent call last):
2013-11-30 19:17:17,341:ERROR:STDERR:  File "gb.py", line 120, in <module>
2013-11-30 19:17:17,341:ERROR:STDERR:main()
2013-11-30 19:17:17,341:ERROR:STDERR:  File "gb.py", line 78, in main
2013-11-30 19:17:17,341:ERROR:STDERR:save(clf, 'k%d' % i, args.saveFolder[0])
2013-11-30 19:17:17,341:ERROR:STDERR:TypeError
2013-11-30 19:17:17,342:ERROR:STDERR::
2013-11-30 19:17:17,342:ERROR:STDERR:%d format: a number is required, not list
2013-11-30 19:51:04,852:INFO:STDOUT:Start
2013-11-30 19:51:05,150:INFO:STDOUT:(389730, 493)
2013-11-30 19:51:05,150:INFO:STDOUT:Vectorized
2013-11-30 19:51:07,668:INFO:STDOUT:Densified
2013-11-30 19:51:07,907:INFO:STDOUT:========================================
2013-11-30 19:51:07,907:INFO:STDOUT:Training: GradientBoostingClassifier
2013-11-30 19:51:08,983:INFO:STDOUT:      Iter       Train Loss      OOB Improve   Remaining Time
2013-11-30 19:52:11,122:INFO:STDOUT:         1           0.0381          -0.0215          102.53m
2013-11-30 19:53:13,941:INFO:STDOUT:         2           3.9125          -3.9724          102.05m
2013-11-30 19:54:17,156:INFO:STDOUT:         3 21139944014901112138348191422140000605308977152.0000 -20429204517848403992570632526440665647023128576.0000          101.40m
2013-11-30 19:55:18,876:INFO:STDOUT:         4 26723738334273876005290832426739800325692063744.0000 -1683839130416873268378855417059597013238153216.0000           99.96m
2013-11-30 19:56:14,226:INFO:STDOUT:         5 891080049514374120393830002093721388527981409861632.0000 -1336590617003221936632468422123279062581887220318208.0000           96.66m
2013-11-30 19:57:11,194:INFO:STDOUT:         6 2547982038579838239578765800472983515683031263729817967174732092891201536.0000 -2911979472662672497986508607207722726344515130250735394712388265591177216.0000           94.58m
2013-11-30 19:58:09,988:INFO:STDOUT:         7 2475182551763271387897217239126035673550734490425634481667200858351206400.0000           0.0000           93.22m
2013-11-30 19:59:08,182:INFO:STDOUT:         8 2693581012212971942941862923166879199947624810338184938189794561971191808.0000           0.0000           91.85m
2013-11-30 20:00:05,904:INFO:STDOUT:         9 2402383064946704536215668677779087831418437717121450996159669623811211264.0000           0.0000           90.48m
2013-11-30 20:01:04,204:INFO:STDOUT:        10 2911979472662672497986508607207722726344515130250735394712388265591177216.0000           0.0000           89.28m
2013-11-30 20:10:28,000:INFO:STDOUT:        20 2984778959479239349668057168554670568476811903554918880219919500131172352.0000           0.0000           77.27m
2013-11-30 20:19:44,101:INFO:STDOUT:        30 2911979472662672497986508607207722726344515130250735394712388265591177216.0000           0.0000           66.70m
2013-11-30 20:25:54,066:INFO:STDOUT:        40 2693581012212971942941862923166879199947624810338184938189794561971191808.0000           0.0000           52.13m
2013-11-30 20:32:49,655:INFO:STDOUT:        50 3348776393562073608075799975289409779138295770075836307757575672831148032.0000           0.0000           41.68m
2013-11-30 20:42:37,308:INFO:STDOUT:        60 2620781525396405091260314361819931357815328037034001452682263327431196672.0000           0.0000           34.31m
2013-11-30 20:47:36,235:INFO:STDOUT:        70 2766380499029538794623411484513827042079921583642368423697325796511186944.0000           0.0000           24.19m
2013-11-30 20:52:00,102:INFO:STDOUT:        80 2038385630863870277807925871044348620756953850600533568622013451111235584.0000           0.0000           15.21m
2013-11-30 21:00:02,552:INFO:STDOUT:        90 2402383064946704536215668677779087831418437717121450996159669623811211264.0000           0.0000            7.65m
2013-11-30 21:04:09,617:INFO:STDOUT:       100 2766380499029538794623411484513827042079921583642368423697325796511186944.0000           0.0000            0.00s
2013-11-30 21:04:09,617:INFO:STDOUT:train time: 4381.710s
2013-11-30 21:04:09,761:INFO:STDOUT:Saved k5
2013-12-01 00:37:50,895:INFO:STDOUT:Start
2013-12-01 00:37:51,115:INFO:STDOUT:(389730, 493)
2013-12-01 00:37:51,115:INFO:STDOUT:Vectorized
2013-12-01 00:37:52,890:INFO:STDOUT:Densified
2013-12-01 00:37:53,021:INFO:STDOUT:========================================
2013-12-01 00:37:53,021:INFO:STDOUT:Training: GradientBoostingClassifier
2013-12-01 00:37:53,789:INFO:STDOUT:      Iter       Train Loss      OOB Improve   Remaining Time
2013-12-01 00:38:21,168:INFO:STDOUT:         1           0.0382          -0.0173          136.43m
2013-12-01 00:38:48,594:INFO:STDOUT:         2      898938.4814     -718073.0170          136.10m
2013-12-01 00:39:16,942:INFO:STDOUT:         3 3488926322504557430400278804460367511552.0000 -4884496851506380039882644441855762104320.0000          137.20m
2013-12-01 00:39:44,532:INFO:STDOUT:         4 2791141058003646427890550889419963891712.0000           0.0000          136.58m
2013-12-01 00:40:12,621:INFO:STDOUT:         5 5582282116007291646855282164210753077248.0000           0.0000          136.52m
2013-12-01 00:40:40,004:INFO:STDOUT:         6 3488926322504557430400278804460367511552.0000           0.0000          135.74m
2013-12-01 00:41:28,761:INFO:STDOUT:         7 5582282116007291646855282164210753077248.0000           0.0000          149.97m
2013-12-01 00:42:32,003:INFO:STDOUT:         8 4186711587005469037372916526815358484480.0000           0.0000          169.25m
2013-12-01 00:43:35,149:INFO:STDOUT:         9 4186711587005469037372916526815358484480.0000           0.0000          183.95m
2013-12-01 00:44:38,065:INFO:STDOUT:        10 4884496851506380039882644441855762104320.0000           0.0000          195.40m
2013-12-01 00:55:11,632:INFO:STDOUT:        20 8768755987064609448280805210325959097542044945901158400.0000           0.0000          242.16m
2013-12-01 01:05:31,712:INFO:STDOUT:        30 11078513727069908719995332447481911510092300185919029248.0000           0.0000          248.69m
2013-12-01 01:16:01,489:INFO:STDOUT:        40 7731445860301107062350234447260908992806268761203015680.0000           0.0000          247.83m
2013-12-01 01:26:20,839:INFO:STDOUT:        50 3748154186911405600683690526240601468114568081754292224.0000           0.0000          242.25m
2013-12-01 01:34:47,219:INFO:STDOUT:        60 7095222053680207938893522368338530912149814370006728704.0000           0.0000          227.56m
2013-12-01 01:45:03,669:INFO:STDOUT:        70 4384377993532306085269870288916833402269452200023425024.0000           0.0000          220.68m
2013-12-01 01:54:48,593:INFO:STDOUT:        80 10442289920449008235409152684805679575937416067649896448.0000           0.0000          211.51m
2013-12-01 02:04:56,059:INFO:STDOUT:        90 7731445860301107062350234447260908992806268761203015680.0000           0.0000          203.09m
2013-12-01 02:15:00,311:INFO:STDOUT:       100 10442289920449008235409152684805679575937416067649896448.0000           0.0000          194.22m
2013-12-01 03:36:21,435:INFO:STDOUT:       200 6057911926916706233527685447150407734163253048845008896.0000           0.0000           89.23m
2013-12-01 04:31:08,199:INFO:STDOUT:       300 6458998247059308815436810289416152831493359978810441728.0000           0.0000            0.00s
2013-12-01 04:31:08,200:INFO:STDOUT:train time: 13995.179s
2013-12-01 04:31:08,437:INFO:STDOUT:Saved k5
