2013-11-30 09:06:17,659:INFO:STDOUT:Start
2013-11-30 09:06:17,870:INFO:STDOUT:(389730, 493)
2013-11-30 09:06:17,870:INFO:STDOUT:Vectorized
2013-11-30 09:06:19,623:INFO:STDOUT:Densified
2013-11-30 09:06:19,917:INFO:STDOUT:========================================
2013-11-30 09:06:19,917:INFO:STDOUT:Training: GradientBoostingClassifier
2013-11-30 09:06:20,658:INFO:STDOUT:      Iter       Train Loss      OOB Improve   Remaining Time
2013-11-30 09:06:47,045:INFO:STDOUT:         1           0.5309           0.0073          131.50m
2013-11-30 09:07:29,024:INFO:STDOUT:         2           0.5298           0.0053          169.78m
2013-11-30 09:08:27,577:INFO:STDOUT:         3           0.5228           0.0041          209.42m
2013-11-30 09:09:25,570:INFO:STDOUT:         4           0.5202           0.0036          228.06m
2013-11-30 09:10:22,849:INFO:STDOUT:         5           0.5139           0.0027          238.15m
2013-11-30 09:11:20,980:INFO:STDOUT:         6           0.5122           0.0024          245.26m
2013-11-30 09:12:19,454:INFO:STDOUT:         7           0.5162           0.0023          250.30m
2013-11-30 09:13:17,895:INFO:STDOUT:         8           0.5106           0.0020          253.82m
2013-11-30 09:14:17,431:INFO:STDOUT:         9           0.5097           0.0013          256.93m
2013-11-30 09:15:17,855:INFO:STDOUT:        10           0.5057           0.0013          259.64m
2013-11-30 09:25:26,661:INFO:STDOUT:        20           0.5009           0.0005          267.40m
2013-11-30 09:33:34,449:INFO:STDOUT:        30           0.4914           0.0003          245.07m
2013-11-30 18:05:26,844:INFO:STDOUT:Start
2013-11-30 18:05:27,141:INFO:STDOUT:(389730, 493)
2013-11-30 18:05:27,141:INFO:STDOUT:Vectorized
2013-11-30 18:05:29,453:INFO:STDOUT:Densified
2013-11-30 18:05:30,006:INFO:STDOUT:========================================
2013-11-30 18:05:30,007:INFO:STDOUT:Training: GradientBoostingClassifier
2013-11-30 18:05:31,005:INFO:STDOUT:      Iter       Train Loss      OOB Improve   Remaining Time
2013-11-30 18:06:29,786:INFO:STDOUT:         1           0.5335           0.0075           96.99m
2013-11-30 18:07:28,973:INFO:STDOUT:         2           0.5247           0.0054           96.34m
2013-11-30 18:08:08,052:INFO:STDOUT:         3           0.5247           0.0043           84.63m
2013-11-30 18:08:35,365:INFO:STDOUT:         4           0.5196           0.0032           73.74m
2013-11-30 18:09:02,136:INFO:STDOUT:         5           0.5154           0.0028           66.86m
2013-11-30 18:09:40,929:INFO:STDOUT:         6           0.5123           0.0025           65.26m
2013-11-30 18:10:24,791:INFO:STDOUT:         7           0.5158           0.0023           65.05m
2013-11-30 18:11:20,084:INFO:STDOUT:         8           0.5127           0.0021           66.91m
2013-11-30 18:12:18,363:INFO:STDOUT:         9           0.5089           0.0016           68.65m
2013-11-30 18:13:15,768:INFO:STDOUT:        10           0.5027           0.0015           69.71m
2013-11-30 18:21:15,255:INFO:STDOUT:        20           0.5003           0.0011           62.95m
2013-11-30 18:30:20,558:INFO:STDOUT:        30           0.4937           0.0007           57.93m
2013-11-30 18:39:53,278:INFO:STDOUT:        40           0.4946           0.0001           51.56m
2013-11-30 18:49:31,431:INFO:STDOUT:        50           0.4837           0.0002           44.01m
2013-11-30 19:00:01,264:INFO:STDOUT:        60           0.4838           0.0001           36.34m
2013-11-30 19:07:29,189:INFO:STDOUT:        70           0.4804           0.0001           26.56m
2013-11-30 19:11:56,649:INFO:STDOUT:        80           0.4733           0.0000           16.61m
2013-11-30 19:16:23,582:INFO:STDOUT:        90           0.4754           0.0001            7.88m
2013-11-30 19:20:34,456:INFO:STDOUT:       100           0.4768           0.0000            0.00s
2013-11-30 19:20:34,456:INFO:STDOUT:train time: 4504.450s
2013-11-30 19:20:34,474:ERROR:STDERR:Traceback (most recent call last):
2013-11-30 19:20:34,474:ERROR:STDERR:  File "gb.py", line 120, in <module>
2013-11-30 19:20:34,474:ERROR:STDERR:main()
2013-11-30 19:20:34,475:ERROR:STDERR:  File "gb.py", line 78, in main
2013-11-30 19:20:34,475:ERROR:STDERR:save(clf, 'k%d' % i, args.saveFolder[0])
2013-11-30 19:20:34,475:ERROR:STDERR:TypeError
2013-11-30 19:20:34,475:ERROR:STDERR::
2013-11-30 19:20:34,475:ERROR:STDERR:%d format: a number is required, not list
2013-11-30 19:51:13,509:INFO:STDOUT:Start
2013-11-30 19:51:13,722:INFO:STDOUT:(389730, 493)
2013-11-30 19:51:13,723:INFO:STDOUT:Vectorized
2013-11-30 19:51:15,470:INFO:STDOUT:Densified
2013-11-30 19:51:15,624:INFO:STDOUT:========================================
2013-11-30 19:51:15,624:INFO:STDOUT:Training: GradientBoostingClassifier
2013-11-30 19:51:16,587:INFO:STDOUT:      Iter       Train Loss      OOB Improve   Remaining Time
2013-11-30 19:52:14,184:INFO:STDOUT:         1           0.5342           0.0076           95.03m
2013-11-30 19:53:13,302:INFO:STDOUT:         2           0.5285           0.0052           95.32m
2013-11-30 19:54:12,030:INFO:STDOUT:         3           0.5165           0.0043           94.54m
2013-11-30 19:55:11,589:INFO:STDOUT:         4           0.5172           0.0033           94.00m
2013-11-30 19:56:07,490:INFO:STDOUT:         5           0.5230           0.0028           92.12m
2013-11-30 19:56:41,464:INFO:STDOUT:         6           0.5176           0.0024           84.83m
2013-11-30 19:57:07,903:INFO:STDOUT:         7           0.5141           0.0021           77.79m
2013-11-30 19:57:34,931:INFO:STDOUT:         8           0.5098           0.0023           72.52m
2013-11-30 19:58:01,492:INFO:STDOUT:         9           0.5024           0.0019           68.23m
2013-11-30 19:58:28,814:INFO:STDOUT:        10           0.5046           0.0010           64.83m
2013-11-30 20:03:01,401:INFO:STDOUT:        20           0.5017           0.0004           46.99m
2013-11-30 20:10:47,328:INFO:STDOUT:        30           0.4936           0.0002           45.53m
2013-11-30 20:18:15,383:INFO:STDOUT:        40           0.4930           0.0004           40.47m
2013-11-30 20:25:00,795:INFO:STDOUT:        50           0.4873           0.0001           33.74m
2013-11-30 20:30:25,514:INFO:STDOUT:        60           0.4884           0.0001           26.10m
2013-11-30 20:39:01,522:INFO:STDOUT:        70           0.4780           0.0002           20.46m
2013-11-30 20:49:10,877:INFO:STDOUT:        80           0.4800           0.0002           14.48m
2013-11-30 20:56:09,132:INFO:STDOUT:        90           0.4793          -0.0000            7.21m
2013-11-30 21:02:51,918:INFO:STDOUT:       100           0.4770           0.0000            0.00s
2013-11-30 21:02:51,918:INFO:STDOUT:train time: 4296.294s
2013-11-30 21:02:52,015:INFO:STDOUT:Saved k8
2013-12-01 00:37:51,475:INFO:STDOUT:Start
2013-12-01 00:37:51,763:INFO:STDOUT:(389730, 493)
2013-12-01 00:37:51,763:INFO:STDOUT:Vectorized
2013-12-01 00:37:54,129:INFO:STDOUT:Densified
2013-12-01 00:37:54,403:INFO:STDOUT:========================================
2013-12-01 00:37:54,403:INFO:STDOUT:Training: GradientBoostingClassifier
2013-12-01 00:37:55,467:INFO:STDOUT:      Iter       Train Loss      OOB Improve   Remaining Time
2013-12-01 00:38:36,724:INFO:STDOUT:         1           0.5364           0.0077          205.60m
2013-12-01 00:39:03,767:INFO:STDOUT:         2           0.5296           0.0053          169.61m
2013-12-01 00:39:30,435:INFO:STDOUT:         3           0.5208           0.0043          156.70m
2013-12-01 00:39:57,339:INFO:STDOUT:         4           0.5221           0.0031          150.31m
2013-12-01 00:40:23,981:INFO:STDOUT:         5           0.5149           0.0027          146.04m
2013-12-01 00:40:50,546:INFO:STDOUT:         6           0.5124           0.0027          142.98m
2013-12-01 00:41:17,398:INFO:STDOUT:         7           0.5136           0.0020          140.87m
2013-12-01 00:41:43,802:INFO:STDOUT:         8           0.5115           0.0022          138.90m
2013-12-01 00:42:24,519:INFO:STDOUT:         9           0.5051           0.0018          144.99m
2013-12-01 00:43:24,902:INFO:STDOUT:        10           0.5054           0.0012          159.23m
2013-12-01 00:48:47,024:INFO:STDOUT:        20           0.4990           0.0008          152.03m
2013-12-01 00:56:20,720:INFO:STDOUT:        30           0.4901           0.0002          165.79m
2013-12-01 01:02:04,001:INFO:STDOUT:        40           0.4837           0.0004          156.92m
2013-12-01 01:07:03,378:INFO:STDOUT:        50           0.4843           0.0001          145.66m
2013-12-01 01:15:33,966:INFO:STDOUT:        60           0.4807           0.0002          150.57m
2013-12-01 01:22:44,277:INFO:STDOUT:        70           0.4812           0.0001          147.24m
2013-12-01 01:31:43,017:INFO:STDOUT:        80           0.4782           0.0004          147.93m
2013-12-01 01:36:40,435:INFO:STDOUT:        90           0.4777           0.0000          137.08m
2013-12-01 01:41:01,126:INFO:STDOUT:       100           0.4761           0.0000          126.19m
2013-12-01 02:51:24,491:INFO:STDOUT:       200           0.4710          -0.0000           66.74m
2013-12-01 03:42:07,736:INFO:STDOUT:       300           0.4665          -0.0000            0.00s
2013-12-01 03:42:07,737:INFO:STDOUT:train time: 11053.333s
2013-12-01 03:42:08,060:INFO:STDOUT:Saved k8
