2013-11-30 09:06:49,968:INFO:STDOUT:Start
2013-11-30 09:06:50,271:INFO:STDOUT:(389730, 493)
2013-11-30 09:06:50,271:INFO:STDOUT:Vectorized
2013-11-30 09:06:52,863:INFO:STDOUT:Densified
2013-11-30 09:06:53,352:INFO:STDOUT:========================================
2013-11-30 09:06:53,352:INFO:STDOUT:Training: GradientBoostingClassifier
2013-11-30 09:06:54,479:INFO:STDOUT:      Iter       Train Loss      OOB Improve   Remaining Time
2013-11-30 09:07:55,226:INFO:STDOUT:         1           0.1843           0.1355          302.72m
2013-11-30 09:08:55,982:INFO:STDOUT:         2           0.1668           0.0191          301.73m
2013-11-30 09:09:57,115:INFO:STDOUT:         3           0.1497           0.0158          301.35m
2013-11-30 09:10:58,456:INFO:STDOUT:         4           0.1385           0.0117          300.90m
2013-11-30 09:11:59,343:INFO:STDOUT:         5           0.1259           0.0110          299.78m
2013-11-30 09:13:00,474:INFO:STDOUT:         6           0.1177           0.0081          298.90m
2013-11-30 09:14:01,535:INFO:STDOUT:         7           0.1093           0.0070          297.92m
2013-11-30 09:15:01,807:INFO:STDOUT:         8           0.1037           0.0060          296.46m
2013-11-30 09:16:02,241:INFO:STDOUT:         9           0.0992           0.0051          295.18m
2013-11-30 09:16:58,966:INFO:STDOUT:        10           0.0939           0.0043          292.17m
2013-11-30 09:25:36,191:INFO:STDOUT:        20           0.0711           0.0012          261.73m
2013-11-30 09:35:49,751:INFO:STDOUT:        30           0.0645           0.0004          260.29m
2013-11-30 18:05:26,793:INFO:STDOUT:Start
2013-11-30 18:05:27,075:INFO:STDOUT:(389730, 493)
2013-11-30 18:05:27,076:INFO:STDOUT:Vectorized
2013-11-30 18:05:29,401:INFO:STDOUT:Densified
2013-11-30 18:05:29,899:INFO:STDOUT:========================================
2013-11-30 18:05:29,899:INFO:STDOUT:Training: GradientBoostingClassifier
2013-11-30 18:05:30,895:INFO:STDOUT:      Iter       Train Loss      OOB Improve   Remaining Time
2013-11-30 18:06:31,604:INFO:STDOUT:         1           0.1834           0.1363          100.17m
2013-11-30 18:07:29,680:INFO:STDOUT:         2           0.1621           0.0192           97.01m
2013-11-30 18:08:17,832:INFO:STDOUT:         3           0.1465           0.0158           89.96m
2013-11-30 18:08:48,925:INFO:STDOUT:         4           0.1343           0.0132           79.21m
2013-11-30 18:09:29,136:INFO:STDOUT:         5           0.1257           0.0099           75.44m
2013-11-30 18:09:55,739:INFO:STDOUT:         6           0.1159           0.0080           69.15m
2013-11-30 18:10:30,043:INFO:STDOUT:         7           0.1101           0.0070           66.24m
2013-11-30 18:10:56,639:INFO:STDOUT:         8           0.1043           0.0056           62.43m
2013-11-30 18:11:23,808:INFO:STDOUT:         9           0.0980           0.0052           59.47m
2013-11-30 18:11:50,632:INFO:STDOUT:        10           0.0957           0.0044           56.96m
2013-11-30 18:16:49,101:INFO:STDOUT:        20           0.0731           0.0012           45.21m
2013-11-30 18:26:10,840:INFO:STDOUT:        30           0.0653           0.0002           48.22m
2013-11-30 18:35:59,064:INFO:STDOUT:        40           0.0640           0.0001           45.70m
2013-11-30 18:42:53,376:INFO:STDOUT:        50           0.0617           0.0000           37.37m
2013-11-30 18:51:17,710:INFO:STDOUT:        60           0.0604           0.0001           30.52m
2013-11-30 19:01:27,871:INFO:STDOUT:        70           0.0599           0.0000           23.98m
2013-11-30 19:09:40,056:INFO:STDOUT:        80           0.0599           0.0000           16.04m
2013-11-30 19:19:16,148:INFO:STDOUT:        90           0.0598           0.0000            8.19m
2013-11-30 19:26:03,935:INFO:STDOUT:       100  2401919801.3208           0.0000            0.00s
2013-11-30 19:26:03,935:INFO:STDOUT:train time: 4834.035s
2013-11-30 19:26:03,952:ERROR:STDERR:Traceback (most recent call last):
2013-11-30 19:26:03,952:ERROR:STDERR:  File "gb.py", line 120, in <module>
2013-11-30 19:26:03,952:ERROR:STDERR:main()
2013-11-30 19:26:03,952:ERROR:STDERR:  File "gb.py", line 78, in main
2013-11-30 19:26:03,952:ERROR:STDERR:save(clf, 'k%d' % i, args.saveFolder[0])
2013-11-30 19:26:03,952:ERROR:STDERR:TypeError
2013-11-30 19:26:03,952:ERROR:STDERR::
2013-11-30 19:26:03,953:ERROR:STDERR:%d format: a number is required, not list
2013-11-30 19:51:21,130:INFO:STDOUT:Start
2013-11-30 19:51:21,434:INFO:STDOUT:(389730, 493)
2013-11-30 19:51:21,434:INFO:STDOUT:Vectorized
2013-11-30 19:51:24,028:INFO:STDOUT:Densified
2013-11-30 19:51:24,280:INFO:STDOUT:========================================
2013-11-30 19:51:24,281:INFO:STDOUT:Training: GradientBoostingClassifier
2013-11-30 19:51:25,378:INFO:STDOUT:      Iter       Train Loss      OOB Improve   Remaining Time
2013-11-30 19:52:07,084:INFO:STDOUT:         1           0.1831           0.1363           68.81m
2013-11-30 19:52:33,877:INFO:STDOUT:         2           0.1630           0.0200           55.94m
2013-11-30 19:53:00,730:INFO:STDOUT:         3           0.1481           0.0150           51.38m
2013-11-30 19:53:28,001:INFO:STDOUT:         4           0.1345           0.0130           49.05m
2013-11-30 19:53:54,979:INFO:STDOUT:         5           0.1238           0.0100           47.37m
2013-11-30 19:54:21,909:INFO:STDOUT:         6           0.1149           0.0083           46.09m
2013-11-30 19:54:48,870:INFO:STDOUT:         7           0.1096           0.0069           45.06m
2013-11-30 19:55:15,983:INFO:STDOUT:         8           0.1033           0.0058           44.20m
2013-11-30 19:55:55,542:INFO:STDOUT:         9           0.0998           0.0050           45.53m
2013-11-30 19:56:35,713:INFO:STDOUT:        10           0.0957           0.0043           46.55m
2013-11-30 20:03:20,777:INFO:STDOUT:        20           0.0701           0.0012           47.69m
2013-11-30 20:07:46,456:INFO:STDOUT:        30           0.0661           0.0004           38.15m
2013-11-30 20:12:09,712:INFO:STDOUT:        40           0.0617           0.0001           31.11m
2013-11-30 20:18:59,315:INFO:STDOUT:        50           0.0597           0.0000           27.57m
2013-11-30 20:29:20,821:INFO:STDOUT:        60           0.1545           0.0000           25.28m
2013-11-30 20:35:10,904:INFO:STDOUT:        70           0.1319           0.0000           18.75m
2013-11-30 20:45:03,675:INFO:STDOUT:        80           0.1299           0.0000           13.41m
2013-11-30 20:55:21,757:INFO:STDOUT:        90           0.1283           0.0000            7.10m
2013-11-30 21:01:34,117:INFO:STDOUT:       100           0.1530           0.0000            0.00s
2013-11-30 21:01:34,118:INFO:STDOUT:train time: 4209.837s
2013-11-30 21:01:34,215:INFO:STDOUT:Saved k10
2013-12-01 00:38:48,321:INFO:STDOUT:Start
2013-12-01 00:38:48,604:INFO:STDOUT:(389730, 493)
2013-12-01 00:38:48,605:INFO:STDOUT:Vectorized
2013-12-01 00:38:51,072:INFO:STDOUT:Densified
2013-12-01 00:38:51,310:INFO:STDOUT:========================================
2013-12-01 00:38:51,310:INFO:STDOUT:Training: GradientBoostingClassifier
2013-12-01 00:38:52,382:INFO:STDOUT:      Iter       Train Loss      OOB Improve   Remaining Time
2013-12-01 00:39:52,339:INFO:STDOUT:         1           0.1848           0.1357          298.78m
2013-12-01 00:40:52,991:INFO:STDOUT:         2           0.1667           0.0193          299.51m
2013-12-01 00:41:30,404:INFO:STDOUT:         3           0.1487           0.0159          260.74m
2013-12-01 00:42:13,810:INFO:STDOUT:         4           0.1349           0.0127          248.43m
2013-12-01 00:42:41,010:INFO:STDOUT:         5           0.1240           0.0101          224.82m
2013-12-01 00:43:08,117:INFO:STDOUT:         6           0.1176           0.0082          208.85m
2013-12-01 00:43:34,745:INFO:STDOUT:         7           0.1089           0.0070          196.98m
2013-12-01 00:44:24,817:INFO:STDOUT:         8           0.1045           0.0060          202.23m
2013-12-01 00:45:25,414:INFO:STDOUT:         9           0.0999           0.0050          211.80m
2013-12-01 00:46:26,546:INFO:STDOUT:        10           0.0940           0.0044          219.51m
2013-12-01 00:53:04,330:INFO:STDOUT:        20           0.0707           0.0013          198.79m
2013-12-01 00:57:31,734:INFO:STDOUT:        30           0.0639           0.0004          167.90m
2013-12-01 01:03:38,552:INFO:STDOUT:        40           0.0630          -0.0022          161.00m
2013-12-01 01:13:40,702:INFO:STDOUT:        50           0.0611           0.0001          174.03m
2013-12-01 01:22:43,529:INFO:STDOUT:        60           0.0596           0.0002          175.41m
2013-12-01 01:30:52,521:INFO:STDOUT:        70           0.0613           0.0000          170.86m
2013-12-01 01:36:41,899:INFO:STDOUT:        80           0.0599           0.0001          159.02m
2013-12-01 01:42:39,070:INFO:STDOUT:        90           0.0591           0.0000          148.82m
2013-12-01 01:52:30,767:INFO:STDOUT:       100  4803839688.1462           0.0000          147.28m
2013-12-01 03:00:13,596:INFO:STDOUT:       200       17197.2120           0.0000           70.68m
2013-12-01 04:08:47,992:INFO:STDOUT:       300        8607.7956           0.0000            0.00s
2013-12-01 04:08:47,992:INFO:STDOUT:train time: 12596.682s
2013-12-01 04:08:48,206:INFO:STDOUT:Saved k10
