2013-11-30 09:06:44,645:INFO:STDOUT:Start
2013-11-30 09:06:44,940:INFO:STDOUT:(389730, 493)
2013-11-30 09:06:44,941:INFO:STDOUT:Vectorized
2013-11-30 09:06:47,553:INFO:STDOUT:Densified
2013-11-30 09:06:48,080:INFO:STDOUT:========================================
2013-11-30 09:06:48,080:INFO:STDOUT:Training: GradientBoostingClassifier
2013-11-30 09:06:49,175:INFO:STDOUT:      Iter       Train Loss      OOB Improve   Remaining Time
2013-11-30 09:07:48,357:INFO:STDOUT:         1           0.5645           0.1305          294.92m
2013-11-30 09:08:48,075:INFO:STDOUT:         2           0.5014           0.0625          295.27m
2013-11-30 09:09:46,978:INFO:STDOUT:         3           0.4580           0.0435          293.37m
2013-11-30 09:10:47,298:INFO:STDOUT:         4           0.4192           0.0367          293.68m
2013-11-30 09:11:47,294:INFO:STDOUT:         5           0.3941           0.0271          293.15m
2013-11-30 09:12:46,663:INFO:STDOUT:         6           0.3683           0.0227          291.95m
2013-11-30 09:13:46,781:INFO:STDOUT:         7           0.3542           0.0188          291.33m
2013-11-30 09:14:33,769:INFO:STDOUT:         8           0.3335           0.0156          282.63m
2013-11-30 09:15:00,654:INFO:STDOUT:         9           0.3220           0.0139          264.85m
2013-11-30 09:15:34,975:INFO:STDOUT:        10           0.3122           0.0115          254.14m
2013-11-30 09:23:19,953:INFO:STDOUT:        20           0.2504           0.0028          231.18m
2013-11-30 09:33:22,414:INFO:STDOUT:        30           0.2217           0.0016          238.99m
2013-11-30 18:05:26,814:INFO:STDOUT:Start
2013-11-30 18:05:27,091:INFO:STDOUT:(389730, 493)
2013-11-30 18:05:27,091:INFO:STDOUT:Vectorized
2013-11-30 18:05:29,401:INFO:STDOUT:Densified
2013-11-30 18:05:29,912:INFO:STDOUT:========================================
2013-11-30 18:05:29,912:INFO:STDOUT:Training: GradientBoostingClassifier
2013-11-30 18:05:30,909:INFO:STDOUT:      Iter       Train Loss      OOB Improve   Remaining Time
2013-11-30 18:06:31,292:INFO:STDOUT:         1           0.5671           0.1300           99.63m
2013-11-30 18:07:11,228:INFO:STDOUT:         2           0.5019           0.0628           81.93m
2013-11-30 18:07:37,696:INFO:STDOUT:         3           0.4556           0.0435           68.32m
2013-11-30 18:08:32,790:INFO:STDOUT:         4           0.4197           0.0363           72.75m
2013-11-30 18:09:02,756:INFO:STDOUT:         5           0.3911           0.0273           67.08m
2013-11-30 18:09:29,369:INFO:STDOUT:         6           0.3694           0.0220           62.26m
2013-11-30 18:09:55,338:INFO:STDOUT:         7           0.3528           0.0198           58.55m
2013-11-30 18:10:22,016:INFO:STDOUT:         8           0.3350           0.0157           55.80m
2013-11-30 18:10:58,538:INFO:STDOUT:         9           0.3218           0.0138           55.21m
2013-11-30 18:11:57,978:INFO:STDOUT:        10           0.3102           0.0115           58.06m
2013-11-30 18:21:35,369:INFO:STDOUT:        20           0.2465           0.0035           64.30m
2013-11-30 18:29:43,599:INFO:STDOUT:        30           0.2252           0.0026           56.49m
2013-11-30 18:34:10,391:INFO:STDOUT:        40           0.2125           0.0009           42.99m
2013-11-30 18:38:58,966:INFO:STDOUT:        50           0.2053           0.0006           33.47m
2013-11-30 18:48:44,108:INFO:STDOUT:        60           0.1970           0.0007           28.81m
2013-11-30 18:59:03,477:INFO:STDOUT:        70           0.1932           0.0002           22.95m
2013-11-30 19:09:15,737:INFO:STDOUT:        80           0.1893           0.0003           15.94m
2013-11-30 19:19:30,023:INFO:STDOUT:        90           0.1881           0.0001            8.22m
2013-11-30 19:25:03,160:INFO:STDOUT:       100           0.1823           0.0001            0.00s
2013-11-30 19:25:03,160:INFO:STDOUT:train time: 4773.248s
2013-11-30 19:25:03,176:ERROR:STDERR:Traceback (most recent call last):
2013-11-30 19:25:03,177:ERROR:STDERR:  File "gb.py", line 120, in <module>
2013-11-30 19:25:03,177:ERROR:STDERR:main()
2013-11-30 19:25:03,177:ERROR:STDERR:  File "gb.py", line 78, in main
2013-11-30 19:25:03,177:ERROR:STDERR:save(clf, 'k%d' % i, args.saveFolder[0])
2013-11-30 19:25:03,177:ERROR:STDERR:TypeError
2013-11-30 19:25:03,177:ERROR:STDERR::
2013-11-30 19:25:03,177:ERROR:STDERR:%d format: a number is required, not list
2013-11-30 19:51:18,020:INFO:STDOUT:Start
2013-11-30 19:51:18,310:INFO:STDOUT:(389730, 493)
2013-11-30 19:51:18,310:INFO:STDOUT:Vectorized
2013-11-30 19:51:20,851:INFO:STDOUT:Densified
2013-11-30 19:51:21,116:INFO:STDOUT:========================================
2013-11-30 19:51:21,116:INFO:STDOUT:Training: GradientBoostingClassifier
2013-11-30 19:51:22,239:INFO:STDOUT:      Iter       Train Loss      OOB Improve   Remaining Time
2013-11-30 19:52:20,693:INFO:STDOUT:         1           0.5633           0.1306           96.45m
2013-11-30 19:53:20,324:INFO:STDOUT:         2           0.4998           0.0631           96.44m
2013-11-30 19:54:19,151:INFO:STDOUT:         3           0.4551           0.0437           95.34m
2013-11-30 19:55:17,983:INFO:STDOUT:         4           0.4221           0.0333           94.30m
2013-11-30 19:56:14,789:INFO:STDOUT:         5           0.3890           0.0310           92.64m
2013-11-30 19:57:14,139:INFO:STDOUT:         6           0.3725           0.0220           91.89m
2013-11-30 19:58:14,117:INFO:STDOUT:         7           0.3509           0.0196           91.20m
2013-11-30 19:59:13,322:INFO:STDOUT:         8           0.3346           0.0158           90.29m
2013-11-30 20:00:13,073:INFO:STDOUT:         9           0.3195           0.0138           89.46m
2013-11-30 20:01:13,678:INFO:STDOUT:        10           0.3137           0.0111           88.72m
2013-11-30 20:11:09,683:INFO:STDOUT:        20           0.2445           0.0033           79.16m
2013-11-30 20:20:33,767:INFO:STDOUT:        30           0.2243           0.0027           68.11m
2013-11-30 20:28:40,782:INFO:STDOUT:        40           0.2124           0.0012           55.96m
2013-11-30 20:36:55,200:INFO:STDOUT:        50           0.2002           0.0007           45.55m
2013-11-30 20:44:18,977:INFO:STDOUT:        60           0.1979           0.0008           35.30m
2013-11-30 20:50:16,963:INFO:STDOUT:        70           0.1942           0.0002           25.25m
2013-11-30 20:58:09,615:INFO:STDOUT:        80           0.1938           0.0001           16.70m
2013-11-30 21:07:05,781:INFO:STDOUT:        90           0.1889           0.0002            8.41m
2013-11-30 21:13:15,213:INFO:STDOUT:       100           0.1844           0.0002            0.00s
2013-11-30 21:13:15,213:INFO:STDOUT:train time: 4914.096s
2013-11-30 21:13:15,375:INFO:STDOUT:Saved k9
2013-12-01 00:37:52,956:INFO:STDOUT:Start
2013-12-01 00:37:53,229:INFO:STDOUT:(389730, 493)
2013-12-01 00:37:53,229:INFO:STDOUT:Vectorized
2013-12-01 00:37:55,527:INFO:STDOUT:Densified
2013-12-01 00:37:55,784:INFO:STDOUT:========================================
2013-12-01 00:37:55,784:INFO:STDOUT:Training: GradientBoostingClassifier
2013-12-01 00:37:56,876:INFO:STDOUT:      Iter       Train Loss      OOB Improve   Remaining Time
2013-12-01 00:38:56,810:INFO:STDOUT:         1           0.5630           0.1306          298.67m
2013-12-01 00:39:55,766:INFO:STDOUT:         2           0.5026           0.0631          295.24m
2013-12-01 00:40:55,635:INFO:STDOUT:         3           0.4526           0.0442          294.95m
2013-12-01 00:41:56,364:INFO:STDOUT:         4           0.4171           0.0368          295.37m
2013-12-01 00:42:49,341:INFO:STDOUT:         5           0.3923           0.0270          287.59m
2013-12-01 00:43:15,831:INFO:STDOUT:         6           0.3729           0.0220          260.48m
2013-12-01 00:43:43,025:INFO:STDOUT:         7           0.3519           0.0198          241.48m
2013-12-01 00:44:41,910:INFO:STDOUT:         8           0.3351           0.0156          246.40m
2013-12-01 00:45:42,809:INFO:STDOUT:         9           0.3196           0.0138          251.09m
2013-12-01 00:46:44,178:INFO:STDOUT:        10           0.3104           0.0115          254.86m
2013-12-01 00:54:17,384:INFO:STDOUT:        20           0.2493           0.0030          228.79m
2013-12-01 01:04:22,239:INFO:STDOUT:        30           0.2256           0.0012          237.80m
2013-12-01 01:12:03,638:INFO:STDOUT:        40           0.2104           0.0007          221.73m
2013-12-01 01:17:33,191:INFO:STDOUT:        50           0.2044           0.0004          198.03m
2013-12-01 01:27:10,933:INFO:STDOUT:        60           0.1973           0.0004          196.94m
2013-12-01 01:36:27,919:INFO:STDOUT:        70           0.1962          -0.0000          192.27m
2013-12-01 01:46:28,148:INFO:STDOUT:        80           0.1858           0.0004          188.43m
2013-12-01 01:56:08,854:INFO:STDOUT:        90           0.1890           0.0001          182.47m
2013-12-01 02:06:13,593:INFO:STDOUT:       100           0.1854           0.0001          176.56m
2013-12-01 03:17:05,985:INFO:STDOUT:       200           0.1730           0.0000           79.58m
2013-12-01 04:00:26,176:INFO:STDOUT:       300 1622013037239006182027985060978343051180016439245043155723284432014030567868886679552.0000          -0.0000            0.00s
2013-12-01 04:00:26,176:INFO:STDOUT:train time: 12150.392s
2013-12-01 04:00:26,600:INFO:STDOUT:Saved k9
