2013-11-30 09:06:53,320:INFO:STDOUT:Start
2013-11-30 09:06:53,625:INFO:STDOUT:(389730, 493)
2013-11-30 09:06:53,626:INFO:STDOUT:Vectorized
2013-11-30 09:06:56,244:INFO:STDOUT:Densified
2013-11-30 09:06:56,778:INFO:STDOUT:========================================
2013-11-30 09:06:56,778:INFO:STDOUT:Training: GradientBoostingClassifier
2013-11-30 09:06:57,920:INFO:STDOUT:      Iter       Train Loss      OOB Improve   Remaining Time
2013-11-30 09:07:57,168:INFO:STDOUT:         1           0.7033           0.1450          295.25m
2013-11-30 09:08:56,912:INFO:STDOUT:         2           0.6209           0.0857          295.50m
2013-11-30 09:09:55,246:INFO:STDOUT:         3           0.5607           0.0613          292.59m
2013-11-30 09:10:28,791:INFO:STDOUT:         4           0.5102           0.0482          260.07m
2013-11-30 09:10:55,554:INFO:STDOUT:         5           0.4714           0.0388          233.67m
2013-11-30 09:11:21,433:INFO:STDOUT:         6           0.4407           0.0317          215.20m
2013-11-30 09:11:47,906:INFO:STDOUT:         7           0.4092           0.0302          202.30m
2013-11-30 09:12:14,263:INFO:STDOUT:         8           0.3884           0.0230          192.44m
2013-11-30 09:12:40,660:INFO:STDOUT:         9           0.3699           0.0196          184.70m
2013-11-30 09:13:07,102:INFO:STDOUT:        10           0.3498           0.0180          178.44m
2013-11-30 09:17:34,010:INFO:STDOUT:        20           0.2571           0.0050          148.42m
2013-11-30 09:22:07,202:INFO:STDOUT:        30           0.2249           0.0023          136.39m
2013-11-30 09:28:30,453:INFO:STDOUT:        40           0.2089           0.0010          140.02m
2013-11-30 09:35:16,085:INFO:STDOUT:        50           0.1977           0.0011          141.51m
2013-11-30 22:56:48,207:INFO:STDOUT:Start
2013-11-30 22:56:48,767:INFO:STDOUT:(389730, 493)
2013-11-30 22:56:48,767:INFO:STDOUT:Vectorized
2013-11-30 22:56:50,733:INFO:STDOUT:Densified
2013-11-30 22:56:51,010:INFO:STDOUT:========================================
2013-11-30 22:56:51,011:INFO:STDOUT:Training: GradientBoostingClassifier
2013-11-30 22:56:51,946:INFO:STDOUT:      Iter       Train Loss      OOB Improve   Remaining Time
2013-11-30 22:57:27,105:INFO:STDOUT:         1           0.7035           0.1441           58.01m
2013-11-30 22:58:05,594:INFO:STDOUT:         2           0.6218           0.0848           60.15m
2013-11-30 22:58:34,577:INFO:STDOUT:         3           0.5566           0.0619           55.31m
2013-11-30 22:58:54,753:INFO:STDOUT:         4           0.5118           0.0479           49.12m
2013-11-30 22:59:14,894:INFO:STDOUT:         5           0.4716           0.0385           45.27m
2013-11-30 22:59:34,928:INFO:STDOUT:         6           0.4409           0.0317           42.56m
2013-11-30 22:59:54,928:INFO:STDOUT:         7           0.4079           0.0301           40.52m
2013-11-30 23:00:15,081:INFO:STDOUT:         8           0.3878           0.0230           38.93m
2013-11-30 23:00:35,178:INFO:STDOUT:         9           0.3682           0.0196           37.62m
2013-11-30 23:00:55,228:INFO:STDOUT:        10           0.3506           0.0179           36.49m
2013-11-30 23:06:58,496:INFO:STDOUT:        20           0.2552           0.0037           40.44m
2013-11-30 23:11:34,079:INFO:STDOUT:        30           0.2233           0.0021           34.31m
2013-11-30 23:14:59,175:INFO:STDOUT:        40           0.2057           0.0009           27.18m
2013-11-30 23:18:25,939:INFO:STDOUT:        50           0.1970           0.0008           21.57m
2013-11-30 23:21:53,500:INFO:STDOUT:        60           0.1895           0.0005           16.68m
2013-11-30 23:25:21,973:INFO:STDOUT:        70           0.1867           0.0005           12.21m
2013-11-30 23:28:48,767:INFO:STDOUT:        80           0.1837           0.0003            7.99m
2013-11-30 23:32:04,499:INFO:STDOUT:        90           0.1814           0.0002            3.91m
2013-11-30 23:34:52,225:INFO:STDOUT:       100           0.1767           0.0001            0.00s
2013-11-30 23:34:52,225:INFO:STDOUT:train time: 2281.214s
2013-11-30 23:34:52,322:INFO:STDOUT:Saved k11
2013-12-01 00:38:48,856:INFO:STDOUT:Start
2013-12-01 00:38:49,149:INFO:STDOUT:(389730, 493)
2013-12-01 00:38:49,149:INFO:STDOUT:Vectorized
2013-12-01 00:38:51,719:INFO:STDOUT:Densified
2013-12-01 00:38:51,997:INFO:STDOUT:========================================
2013-12-01 00:38:51,997:INFO:STDOUT:Training: GradientBoostingClassifier
2013-12-01 00:38:53,109:INFO:STDOUT:      Iter       Train Loss      OOB Improve   Remaining Time
2013-12-01 00:39:51,811:INFO:STDOUT:         1           0.7045           0.1444          292.53m
2013-12-01 00:40:51,930:INFO:STDOUT:         2           0.6230           0.0850          295.07m
2013-12-01 00:41:50,681:INFO:STDOUT:         3           0.5588           0.0618          292.99m
2013-12-01 00:42:49,327:INFO:STDOUT:         4           0.5113           0.0475          291.34m
2013-12-01 00:43:47,145:INFO:STDOUT:         5           0.4733           0.0384          289.14m
2013-12-01 00:44:46,254:INFO:STDOUT:         6           0.4410           0.0315          288.40m
2013-12-01 00:45:46,361:INFO:STDOUT:         7           0.4102           0.0299          288.29m
2013-12-01 00:46:44,678:INFO:STDOUT:         8           0.3867           0.0231          286.87m
2013-12-01 00:47:43,270:INFO:STDOUT:         9           0.3649           0.0195          285.70m
2013-12-01 00:48:41,715:INFO:STDOUT:        10           0.3475           0.0181          284.49m
2013-12-01 00:55:20,496:INFO:STDOUT:        20           0.2567           0.0051          230.39m
2013-12-01 01:00:16,334:INFO:STDOUT:        30           0.2243           0.0021          192.48m
2013-12-01 01:08:55,835:INFO:STDOUT:        40           0.2088           0.0009          195.30m
2013-12-01 01:14:53,236:INFO:STDOUT:        50           0.1965           0.0007          180.01m
2013-12-01 01:22:52,859:INFO:STDOUT:        60           0.1891           0.0004          175.98m
2013-12-01 01:28:36,766:INFO:STDOUT:        70           0.1845           0.0002          163.39m
2013-12-01 01:36:08,908:INFO:STDOUT:        80           0.1841           0.0002          157.47m
2013-12-01 01:46:10,258:INFO:STDOUT:        90           0.1797           0.0001          157.00m
2013-12-01 01:55:57,936:INFO:STDOUT:       100           0.1788           0.0001          154.16m
2013-12-01 02:51:21,560:INFO:STDOUT:       200           0.1707           0.0000           66.24m
2013-12-01 04:05:56,528:INFO:STDOUT:       300           0.1782          -0.0000            0.00s
2013-12-01 04:05:56,528:INFO:STDOUT:train time: 12424.531s
2013-12-01 04:05:56,934:INFO:STDOUT:Saved k11
