2013-11-30 09:06:07,711:INFO:STDOUT:Start
2013-11-30 09:06:07,924:INFO:STDOUT:(389730, 493)
2013-11-30 09:06:07,924:INFO:STDOUT:Vectorized
2013-11-30 09:06:09,648:INFO:STDOUT:Densified
2013-11-30 09:06:09,958:INFO:STDOUT:========================================
2013-11-30 09:06:09,958:INFO:STDOUT:Training: GradientBoostingClassifier
2013-11-30 09:06:10,689:INFO:STDOUT:      Iter       Train Loss      OOB Improve   Remaining Time
2013-11-30 09:06:35,879:INFO:STDOUT:         1           1.1201           0.0641          125.53m
2013-11-30 09:07:12,770:INFO:STDOUT:         2           1.0694           0.0509          154.17m
2013-11-30 09:08:11,102:INFO:STDOUT:         3           1.0304           0.0418          198.68m
2013-11-30 09:09:10,320:INFO:STDOUT:         4           0.9951           0.0346          221.54m
2013-11-30 09:10:07,712:INFO:STDOUT:         5           0.9651           0.0292          233.07m
2013-11-30 09:11:04,986:INFO:STDOUT:         6           0.9412           0.0241          240.34m
2013-11-30 09:12:04,177:INFO:STDOUT:         7           0.9205           0.0207          246.60m
2013-11-30 09:13:01,567:INFO:STDOUT:         8           0.9012           0.0177          249.95m
2013-11-30 09:13:59,451:INFO:STDOUT:         9           0.8865           0.0150          252.61m
2013-11-30 09:14:59,602:INFO:STDOUT:        10           0.8739           0.0129          255.64m
2013-11-30 09:22:21,741:INFO:STDOUT:        20           0.8094           0.0031          226.58m
2013-11-30 09:27:52,529:INFO:STDOUT:        30           0.7828           0.0014          195.28m
2013-11-30 09:33:53,860:INFO:STDOUT:        40           0.7662           0.0013          180.18m
2013-11-30 18:05:26,070:INFO:STDOUT:Start
2013-11-30 18:05:26,283:INFO:STDOUT:(389730, 493)
2013-11-30 18:05:26,283:INFO:STDOUT:Vectorized
2013-11-30 18:05:28,124:INFO:STDOUT:Densified
2013-11-30 18:05:28,465:INFO:STDOUT:========================================
2013-11-30 18:05:28,465:INFO:STDOUT:Training: GradientBoostingClassifier
2013-11-30 18:05:29,274:INFO:STDOUT:      Iter       Train Loss      OOB Improve   Remaining Time
2013-11-30 18:05:56,369:INFO:STDOUT:         1           1.1213           0.0641           44.71m
2013-11-30 18:06:53,749:INFO:STDOUT:         2           1.0727           0.0510           68.99m
2013-11-30 18:07:29,227:INFO:STDOUT:         3           1.0269           0.0416           64.64m
2013-11-30 18:08:13,249:INFO:STDOUT:         4           0.9947           0.0348           65.59m
2013-11-30 18:09:01,982:INFO:STDOUT:         5           0.9631           0.0286           67.36m
2013-11-30 18:09:54,932:INFO:STDOUT:         6           0.9401           0.0245           69.37m
2013-11-30 18:10:50,078:INFO:STDOUT:         7           0.9184           0.0205           71.04m
2013-11-30 18:11:47,827:INFO:STDOUT:         8           0.9025           0.0174           72.56m
2013-11-30 18:12:45,882:INFO:STDOUT:         9           0.8870           0.0151           73.58m
2013-11-30 18:13:27,557:INFO:STDOUT:        10           0.8735           0.0129           71.74m
2013-11-30 18:21:56,246:INFO:STDOUT:        20           0.8077           0.0042           65.80m
2013-11-30 18:29:32,614:INFO:STDOUT:        30           0.7824           0.0022           56.13m
2013-11-30 18:37:37,508:INFO:STDOUT:        40           0.7699           0.0012           48.21m
2013-11-30 18:45:26,103:INFO:STDOUT:        50           0.7562           0.0006           39.95m
2013-11-30 18:55:41,771:INFO:STDOUT:        60           0.7475           0.0009           33.47m
2013-11-30 19:05:50,656:INFO:STDOUT:        70           0.7395           0.0008           25.87m
2013-11-30 19:16:08,969:INFO:STDOUT:        80           0.7298           0.0008           17.67m
2013-11-30 19:24:44,161:INFO:STDOUT:        90           0.7238           0.0004            8.81m
2013-11-30 19:29:16,183:INFO:STDOUT:       100           0.7166           0.0007            0.00s
2013-11-30 19:29:16,183:INFO:STDOUT:train time: 5027.718s
2013-11-30 19:29:16,199:ERROR:STDERR:Traceback (most recent call last):
2013-11-30 19:29:16,199:ERROR:STDERR:  File "gb.py", line 120, in <module>
2013-11-30 19:29:16,199:ERROR:STDERR:main()
2013-11-30 19:29:16,200:ERROR:STDERR:  File "gb.py", line 78, in main
2013-11-30 19:29:16,200:ERROR:STDERR:save(clf, 'k%d' % i, args.saveFolder[0])
2013-11-30 19:29:16,200:ERROR:STDERR:TypeError
2013-11-30 19:29:16,200:ERROR:STDERR::
2013-11-30 19:29:16,200:ERROR:STDERR:%d format: a number is required, not list
2013-11-30 19:51:07,230:INFO:STDOUT:Start
2013-11-30 19:51:07,447:INFO:STDOUT:(389730, 493)
2013-11-30 19:51:07,447:INFO:STDOUT:Vectorized
2013-11-30 19:51:09,241:INFO:STDOUT:Densified
2013-11-30 19:51:09,410:INFO:STDOUT:========================================
2013-11-30 19:51:09,410:INFO:STDOUT:Training: GradientBoostingClassifier
2013-11-30 19:51:10,185:INFO:STDOUT:      Iter       Train Loss      OOB Improve   Remaining Time
2013-11-30 19:51:36,344:INFO:STDOUT:         1           1.1216           0.0641           43.16m
2013-11-30 19:52:02,833:INFO:STDOUT:         2           1.0716           0.0511           42.99m
2013-11-30 19:52:45,582:INFO:STDOUT:         3           1.0307           0.0418           51.41m
2013-11-30 19:53:42,696:INFO:STDOUT:         4           0.9932           0.0346           61.00m
2013-11-30 19:54:40,418:INFO:STDOUT:         5           0.9654           0.0292           66.57m
2013-11-30 19:55:38,482:INFO:STDOUT:         6           0.9423           0.0243           70.06m
2013-11-30 19:56:33,912:INFO:STDOUT:         7           0.9225           0.0209           71.68m
2013-11-30 19:57:32,944:INFO:STDOUT:         8           0.9035           0.0175           73.36m
2013-11-30 19:58:32,615:INFO:STDOUT:         9           0.8913           0.0147           74.56m
2013-11-30 19:59:30,478:INFO:STDOUT:        10           0.8738           0.0125           75.04m
2013-11-30 20:09:02,249:INFO:STDOUT:        20           0.8103           0.0032           71.47m
2013-11-30 20:17:39,298:INFO:STDOUT:        30           0.7849           0.0014           61.80m
2013-11-30 20:27:53,089:INFO:STDOUT:        40           0.7671           0.0010           55.07m
2013-11-30 20:34:34,758:INFO:STDOUT:        50           0.7543           0.0007           43.41m
2013-11-30 20:44:18,167:INFO:STDOUT:        60           0.7469           0.0008           35.42m
2013-11-30 20:53:26,084:INFO:STDOUT:        70           0.7429           0.0007           26.68m
2013-11-30 21:03:07,080:INFO:STDOUT:        80           0.7312           0.0005           17.99m
2013-11-30 21:07:46,251:INFO:STDOUT:        90           0.7208           0.0009            8.51m
2013-11-30 21:11:07,459:INFO:STDOUT:       100           0.7155           0.0006            0.00s
2013-11-30 21:11:07,459:INFO:STDOUT:train time: 4798.049s
2013-11-30 21:11:07,546:INFO:STDOUT:Saved k6
2013-12-01 00:37:51,301:INFO:STDOUT:Start
2013-12-01 00:37:51,577:INFO:STDOUT:(389730, 493)
2013-12-01 00:37:51,577:INFO:STDOUT:Vectorized
2013-12-01 00:37:53,897:INFO:STDOUT:Densified
2013-12-01 00:37:54,220:INFO:STDOUT:========================================
2013-12-01 00:37:54,221:INFO:STDOUT:Training: GradientBoostingClassifier
2013-12-01 00:37:55,198:INFO:STDOUT:      Iter       Train Loss      OOB Improve   Remaining Time
2013-12-01 00:38:53,086:INFO:STDOUT:         1           1.1210           0.0641          288.47m
2013-12-01 00:39:51,162:INFO:STDOUT:         2           1.0711           0.0511          287.98m
2013-12-01 00:40:49,059:INFO:STDOUT:         3           1.0278           0.0416          286.87m
2013-12-01 00:41:46,453:INFO:STDOUT:         4           0.9917           0.0345          285.21m
2013-12-01 00:42:43,869:INFO:STDOUT:         5           0.9664           0.0290          283.86m
2013-12-01 00:43:41,849:INFO:STDOUT:         6           0.9415           0.0242          283.10m
2013-12-01 00:44:38,795:INFO:STDOUT:         7           0.9214           0.0207          281.56m
2013-12-01 00:45:37,333:INFO:STDOUT:         8           0.9036           0.0176          281.13m
2013-12-01 00:46:35,835:INFO:STDOUT:         9           0.8885           0.0151          280.57m
2013-12-01 00:47:33,629:INFO:STDOUT:        10           0.8750           0.0131          279.57m
2013-12-01 00:52:33,845:INFO:STDOUT:        20           0.8092           0.0028          205.02m
2013-12-01 01:02:09,471:INFO:STDOUT:        30           0.7811           0.0012          218.14m
2013-12-01 01:07:25,934:INFO:STDOUT:        40           0.7688           0.0010          191.83m
2013-12-01 01:13:00,186:INFO:STDOUT:        50           0.7578           0.0013          175.42m
2013-12-01 01:19:56,358:INFO:STDOUT:        60           0.7468           0.0009          168.08m
2013-12-01 01:29:50,016:INFO:STDOUT:        70           0.7363           0.0005          170.57m
2013-12-01 01:38:09,224:INFO:STDOUT:        80           0.7311           0.0007          165.64m
2013-12-01 01:48:04,207:INFO:STDOUT:        90           0.7208           0.0004          163.68m
2013-12-01 01:57:41,036:INFO:STDOUT:       100           0.7223           0.0002          159.53m
2013-12-01 02:50:49,524:INFO:STDOUT:       200           0.6821           0.0001           66.45m
2013-12-01 03:57:15,492:INFO:STDOUT:       300           0.6604           0.0002            0.00s
2013-12-01 03:57:15,492:INFO:STDOUT:train time: 11961.272s
2013-12-01 03:57:15,717:INFO:STDOUT:Saved k6
