2013-11-30 09:04:30,155:INFO:STDOUT:Start
2013-11-30 09:04:30,776:INFO:STDOUT:(389730, 493)
2013-11-30 09:04:30,777:INFO:STDOUT:Vectorized
2013-11-30 09:04:33,016:INFO:STDOUT:Densified
2013-11-30 09:04:33,540:INFO:STDOUT:========================================
2013-11-30 09:04:33,540:INFO:STDOUT:Training: GradientBoostingClassifier
2013-11-30 09:04:34,502:INFO:STDOUT:      Iter       Train Loss      OOB Improve   Remaining Time
2013-11-30 09:05:09,619:INFO:STDOUT:         1           0.1475           0.0791          175.00m
2013-11-30 09:05:45,191:INFO:STDOUT:         2           0.1445           0.0047          175.55m
2013-11-30 09:06:31,141:INFO:STDOUT:         3           0.1388           0.0036          192.45m
2013-11-30 09:07:27,832:INFO:STDOUT:         4           0.1338           0.0050          213.77m
2013-11-30 09:08:07,809:INFO:STDOUT:         5           0.1329           0.0026          209.75m
2013-11-30 09:08:35,793:INFO:STDOUT:         6           0.1329           0.0022          197.05m
2013-11-30 09:09:03,013:INFO:STDOUT:         7           0.1291           0.0027          187.32m
2013-11-30 09:09:34,048:INFO:STDOUT:         8           0.1273           0.0015          182.22m
2013-11-30 09:10:17,705:INFO:STDOUT:         9           0.1245           0.0014          184.95m
2013-11-30 09:11:19,332:INFO:STDOUT:        10           0.1206           0.0011          195.67m
2013-11-30 09:20:03,694:INFO:STDOUT:        20           0.1144           0.0003          216.81m
2013-11-30 09:29:32,915:INFO:STDOUT:        30           0.1096           0.0004          224.76m
2013-11-30 18:05:26,844:INFO:STDOUT:Start
2013-11-30 18:05:27,138:INFO:STDOUT:(389730, 493)
2013-11-30 18:05:27,138:INFO:STDOUT:Vectorized
2013-11-30 18:05:29,460:INFO:STDOUT:Densified
2013-11-30 18:05:29,992:INFO:STDOUT:========================================
2013-11-30 18:05:29,993:INFO:STDOUT:Training: GradientBoostingClassifier
2013-11-30 18:05:30,990:INFO:STDOUT:      Iter       Train Loss      OOB Improve   Remaining Time
2013-11-30 18:06:31,686:INFO:STDOUT:         1           0.1496           0.0809          100.15m
2013-11-30 18:07:32,533:INFO:STDOUT:         2           0.1458           0.0048           99.26m
2013-11-30 18:08:24,296:INFO:STDOUT:         3           0.1397           0.0056           93.39m
2013-11-30 18:09:25,015:INFO:STDOUT:         4           0.1342           0.0032           93.61m
2013-11-30 18:10:26,318:INFO:STDOUT:         5           0.1342           0.0026           93.52m
2013-11-30 18:11:01,096:INFO:STDOUT:         6           0.1318           0.0022           86.19m
2013-11-30 18:11:28,102:INFO:STDOUT:         7           0.1289           0.0018           79.07m
2013-11-30 18:11:54,750:INFO:STDOUT:         8           0.1266           0.0022           73.55m
2013-11-30 18:12:22,244:INFO:STDOUT:         9           0.1256           0.0013           69.30m
2013-11-30 18:12:48,936:INFO:STDOUT:        10           0.1220           0.0012           65.69m
2013-11-30 18:19:34,156:INFO:STDOUT:        20           0.1143           0.0005           56.21m
2013-11-30 18:24:09,161:INFO:STDOUT:        30           0.1100           0.0002           43.48m
2013-11-30 18:29:18,529:INFO:STDOUT:        40           0.1086           0.0001           35.69m
2013-11-30 18:33:48,746:INFO:STDOUT:        50           0.1067          -0.0004           28.30m
2013-11-30 18:38:20,068:INFO:STDOUT:        60           0.1104           0.0000           21.88m
2013-11-30 18:45:48,914:INFO:STDOUT:        70           0.1068          -0.0000           17.27m
2013-11-30 18:50:23,426:INFO:STDOUT:        80           0.1065          -0.0000           11.22m
2013-11-30 18:59:30,341:INFO:STDOUT:        90           0.1098           0.0000            6.00m
2013-11-30 19:05:50,163:INFO:STDOUT:       100           0.1071           0.0001            0.00s
2013-11-30 19:05:50,163:INFO:STDOUT:train time: 3620.171s
2013-11-30 19:05:50,189:ERROR:STDERR:Traceback (most recent call last):
2013-11-30 19:05:50,189:ERROR:STDERR:  File "gb.py", line 120, in <module>
2013-11-30 19:05:50,189:ERROR:STDERR:main()
2013-11-30 19:05:50,189:ERROR:STDERR:  File "gb.py", line 78, in main
2013-11-30 19:05:50,189:ERROR:STDERR:save(clf, 'k%d' % i, args.saveFolder[0])
2013-11-30 19:05:50,190:ERROR:STDERR:TypeError
2013-11-30 19:05:50,190:ERROR:STDERR::
2013-11-30 19:05:50,190:ERROR:STDERR:%d format: a number is required, not list
2013-11-30 19:50:40,995:INFO:STDOUT:Start
2013-11-30 19:50:41,204:INFO:STDOUT:(389730, 493)
2013-11-30 19:50:41,204:INFO:STDOUT:Vectorized
2013-11-30 19:50:42,922:INFO:STDOUT:Densified
2013-11-30 19:50:43,054:INFO:STDOUT:========================================
2013-11-30 19:50:43,055:INFO:STDOUT:Training: GradientBoostingClassifier
2013-11-30 19:50:43,776:INFO:STDOUT:      Iter       Train Loss      OOB Improve   Remaining Time
2013-11-30 19:51:18,456:INFO:STDOUT:         1           0.1492           0.0790           57.22m
2013-11-30 19:52:19,555:INFO:STDOUT:         2           0.1417           0.0046           78.22m
2013-11-30 19:53:20,447:INFO:STDOUT:         3           0.1430           0.0036           84.43m
2013-11-30 19:54:21,718:INFO:STDOUT:         4           0.1398           0.0029           87.18m
2013-11-30 19:55:24,864:INFO:STDOUT:         5           0.1338           0.0051           89.01m
2013-11-30 19:56:25,503:INFO:STDOUT:         6           0.1322           0.0021           89.23m
2013-11-30 19:57:29,481:INFO:STDOUT:         7           0.1256           0.0030           89.83m
2013-11-30 19:58:33,147:INFO:STDOUT:         8           0.1254           0.0016           89.96m
2013-11-30 19:59:36,108:INFO:STDOUT:         9           0.1254           0.0013           89.71m
2013-11-30 20:00:39,954:INFO:STDOUT:        10           0.1226           0.0011           89.43m
2013-11-30 20:11:10,264:INFO:STDOUT:        20           0.1129           0.0004           81.77m
2013-11-30 20:21:30,105:INFO:STDOUT:        30           0.1131           0.0003           71.80m
2013-11-30 20:31:28,030:INFO:STDOUT:        40           0.1104          -0.0000           61.11m
2013-11-30 20:36:50,187:INFO:STDOUT:        50           0.1081           0.0000           46.11m
2013-11-30 20:41:53,453:INFO:STDOUT:        60           0.1064           0.0000           34.11m
2013-11-30 20:51:50,491:INFO:STDOUT:        70           0.1082          -0.0000           26.19m
2013-11-30 20:56:21,189:INFO:STDOUT:        80           0.1092          -0.0006           16.41m
2013-11-30 21:03:43,536:INFO:STDOUT:        90           0.1147          -0.0000            8.11m
2013-11-30 21:07:50,371:INFO:STDOUT:       100           0.1263          -0.0000            0.00s
2013-11-30 21:07:50,371:INFO:STDOUT:train time: 4627.317s
2013-11-30 21:07:50,452:INFO:STDOUT:Saved k0
2013-12-01 00:37:50,808:INFO:STDOUT:Start
2013-12-01 00:37:51,028:INFO:STDOUT:(389730, 493)
2013-12-01 00:37:51,028:INFO:STDOUT:Vectorized
2013-12-01 00:37:52,875:INFO:STDOUT:Densified
2013-12-01 00:37:53,001:INFO:STDOUT:========================================
2013-12-01 00:37:53,001:INFO:STDOUT:Training: GradientBoostingClassifier
2013-12-01 00:37:53,762:INFO:STDOUT:      Iter       Train Loss      OOB Improve   Remaining Time
2013-12-01 00:38:20,707:INFO:STDOUT:         1           0.1497           0.0790          134.28m
2013-12-01 00:38:48,258:INFO:STDOUT:         2           0.1452           0.0049          135.33m
2013-12-01 00:39:47,950:INFO:STDOUT:         3           0.1405           0.0060          188.41m
2013-12-01 00:40:50,360:INFO:STDOUT:         4           0.1350           0.0033          217.80m
2013-12-01 00:41:52,638:INFO:STDOUT:         5           0.1322           0.0027          234.89m
2013-12-01 00:42:56,632:INFO:STDOUT:         6           0.1329           0.0021          247.34m
2013-12-01 00:43:57,480:INFO:STDOUT:         7           0.1303           0.0019          253.74m
2013-12-01 00:45:00,374:INFO:STDOUT:         8           0.1292           0.0015          259.52m
2013-12-01 00:46:03,358:INFO:STDOUT:         9           0.1287           0.0013          263.84m
2013-12-01 00:47:05,657:INFO:STDOUT:        10           0.1279           0.0011          266.75m
2013-12-01 00:57:35,108:INFO:STDOUT:        20           0.1144           0.0004          275.65m
2013-12-01 01:05:35,058:INFO:STDOUT:        30           0.1147           0.0001          249.19m
2013-12-01 01:10:22,041:INFO:STDOUT:        40           0.1109           0.0001          211.06m
2013-12-01 01:19:56,293:INFO:STDOUT:        50           0.1088          -0.0003          210.21m
2013-12-01 01:25:56,923:INFO:STDOUT:        60 869377266802571035800021008619893957511275912422321706411501747839009845176281859373400064.0000           0.0000          192.21m
2013-12-01 01:32:48,205:INFO:STDOUT:        70 434688633401285517900010504309946978755637956211160853205750873919504922588140929686700032.0000           0.0000          180.41m
2013-12-01 01:43:03,340:INFO:STDOUT:        80 869377266802571035800021008619893957511275912422321706411501747839009845176281859373400064.0000           0.0000          179.19m
2013-12-01 01:52:54,144:INFO:STDOUT:        90 332564106535199983662354101214340853010821015214501114056188600201081404810587261406248291008512.0000           0.0000          175.01m
2013-12-01 02:00:32,150:INFO:STDOUT:       100 332563671846566593163875709747937914483610159392246685814049800882286378139684690494682906492928.0000           0.0000          165.28m
2013-12-01 03:18:32,744:INFO:STDOUT:       200 110854847074611119779815023434756925773648596641567779026589787439294744810306359768311027204096.0000           0.0000           80.32m
2013-12-01 04:10:18,912:INFO:STDOUT:       300 110854847074611119779815023434756925773648596641567779026589787439294744810306359768311027204096.0000           0.0000            0.00s
2013-12-01 04:10:18,913:INFO:STDOUT:train time: 12745.911s
2013-12-01 04:10:19,163:INFO:STDOUT:Saved k0
