2013-11-30 09:06:13,008:INFO:STDOUT:Start
2013-11-30 09:06:13,220:INFO:STDOUT:(389730, 493)
2013-11-30 09:06:13,220:INFO:STDOUT:Vectorized
2013-11-30 09:06:14,960:INFO:STDOUT:Densified
2013-11-30 09:06:15,230:INFO:STDOUT:========================================
2013-11-30 09:06:15,231:INFO:STDOUT:Training: GradientBoostingClassifier
2013-11-30 09:06:15,960:INFO:STDOUT:      Iter       Train Loss      OOB Improve   Remaining Time
2013-11-30 09:06:42,741:INFO:STDOUT:         1           0.0382           0.0042          133.46m
2013-11-30 09:07:39,554:INFO:STDOUT:         2           0.0390          -0.0004          207.59m
2013-11-30 09:08:36,313:INFO:STDOUT:         3           1.7618          -1.2313          231.58m
2013-11-30 09:09:35,591:INFO:STDOUT:         4           1.2702           0.0005          246.21m
2013-11-30 09:10:34,124:INFO:STDOUT:         5          65.9866         -43.9415          253.86m
2013-11-30 09:11:32,070:INFO:STDOUT:         6          59.2231           0.0004          258.16m
2013-11-30 09:12:30,602:INFO:STDOUT:         7          65.2462           0.0003          261.36m
2013-11-30 09:13:27,441:INFO:STDOUT:         8          45.2108           0.0003          262.48m
2013-11-30 09:14:23,952:INFO:STDOUT:         9          45.4552           0.0002          262.97m
2013-11-30 09:15:20,978:INFO:STDOUT:        10          59.4690           0.0002          263.43m
2013-11-30 09:24:59,720:INFO:STDOUT:        20      323081.4473           0.0000          262.21m
2013-11-30 09:30:44,708:INFO:STDOUT:        30          41.5851          -0.0017          220.31m
2013-11-30 09:35:17,599:INFO:STDOUT:        40      323088.7032           0.0000          188.68m
2013-11-30 18:05:26,792:INFO:STDOUT:Start
2013-11-30 18:05:27,058:INFO:STDOUT:(389730, 493)
2013-11-30 18:05:27,058:INFO:STDOUT:Vectorized
2013-11-30 18:05:29,405:INFO:STDOUT:Densified
2013-11-30 18:05:29,901:INFO:STDOUT:========================================
2013-11-30 18:05:29,902:INFO:STDOUT:Training: GradientBoostingClassifier
2013-11-30 18:05:30,893:INFO:STDOUT:      Iter       Train Loss      OOB Improve   Remaining Time
2013-11-30 18:06:26,853:INFO:STDOUT:         1           0.0351           0.0081           92.33m
2013-11-30 18:07:24,400:INFO:STDOUT:         2           0.7542          -4.8238           92.70m
2013-11-30 18:08:15,660:INFO:STDOUT:         3           2.7850         -15.9427           88.79m
2013-11-30 18:09:08,072:INFO:STDOUT:         4          18.9050           0.0000           86.87m
2013-11-30 18:09:36,011:INFO:STDOUT:         5      453297.3343     -352551.4054           77.62m
2013-11-30 18:10:10,726:INFO:STDOUT:         6      352556.2250          -0.0028           73.07m
2013-11-30 18:11:12,370:INFO:STDOUT:         7      428101.2000       -1975.0951           75.61m
2013-11-30 18:12:14,389:INFO:STDOUT:         8      428292.4414        -177.4309           77.34m
2013-11-30 18:13:15,680:INFO:STDOUT:         9      353555.9763          -0.1101           78.33m
2013-11-30 18:14:17,075:INFO:STDOUT:        10      327636.6309        -113.2011           78.93m
2013-11-30 18:18:51,123:INFO:STDOUT:        20      857728.1240          -1.5360           53.35m
2013-11-30 18:25:35,173:INFO:STDOUT:        30      933899.5813           0.0001           46.83m
2013-11-30 18:35:51,413:INFO:STDOUT:        40      833389.5726          -0.0000           45.51m
2013-11-30 18:45:54,635:INFO:STDOUT:        50 350560536042695122261707182866611650433759837458992436938633613238331663402780967260363780035198202350673814848260710427842171710091829077472242445772167047637062268084247546261746149343361472749496902352896.0000           0.0000           40.40m
2013-11-30 18:55:47,776:INFO:STDOUT:        60 175280268021347561130853591433305825216879918729496218469316806619165831701390483630181890017599101175336907424130355213921085855045914538736121222886083523818531134042123773130873074671680736374748451176448.0000           0.0000           33.52m
2013-11-30 19:06:03,754:INFO:STDOUT:        70 350560536042695122261707182866611650433759837458992436938633613238331663402780967260363780035198202350673814848260710427842171710091829077472242445772167047637062268084247546261746149343361472749496902352896.0000           0.0000           25.95m
2013-11-30 19:16:29,599:INFO:STDOUT:        80 394038099048777779597874650999221613454042398824647593911293002486908010452581111587360671373442354916860075678094191783764655026660689566010250030049545500067911056418534565406655434386560556063759562845913657829823383117943752647245824.0000           0.0000           17.74m
2013-11-30 19:23:55,952:INFO:STDOUT:        90 788076198097555559195749301998443226908084797649295187822586004973816020905162223174721342746884709833720151356188383567529310053321379132020500060099091000135822112837069130813310868773121112127519125691827315659646766235887505294491648.0000           0.0000            8.71m
2013-11-30 19:27:36,365:INFO:STDOUT:       100 1182114297146333383977847292329144791547868671747988595355541597085964426292174228565183299899503063244562962957962526885659813052526013948003499944202891662228582585046741399112703766883139597353391848420997417069587901015183743793496064.0000           0.0000            0.00s
2013-11-30 19:27:36,365:INFO:STDOUT:train time: 4926.463s
2013-11-30 19:27:36,381:ERROR:STDERR:Traceback (most recent call last):
2013-11-30 19:27:36,382:ERROR:STDERR:  File "gb.py", line 120, in <module>
2013-11-30 19:27:36,382:ERROR:STDERR:main()
2013-11-30 19:27:36,382:ERROR:STDERR:  File "gb.py", line 78, in main
2013-11-30 19:27:36,382:ERROR:STDERR:save(clf, 'k%d' % i, args.saveFolder[0])
2013-11-30 19:27:36,382:ERROR:STDERR:TypeError
2013-11-30 19:27:36,382:ERROR:STDERR::
2013-11-30 19:27:36,382:ERROR:STDERR:%d format: a number is required, not list
2013-11-30 19:51:10,301:INFO:STDOUT:Start
2013-11-30 19:51:10,514:INFO:STDOUT:(389730, 493)
2013-11-30 19:51:10,515:INFO:STDOUT:Vectorized
2013-11-30 19:51:12,269:INFO:STDOUT:Densified
2013-11-30 19:51:12,401:INFO:STDOUT:========================================
2013-11-30 19:51:12,401:INFO:STDOUT:Training: GradientBoostingClassifier
2013-11-30 19:51:13,139:INFO:STDOUT:      Iter       Train Loss      OOB Improve   Remaining Time
2013-11-30 19:51:40,384:INFO:STDOUT:         1           0.0368           0.0079           44.95m
2013-11-30 19:52:22,691:INFO:STDOUT:         2           0.0354           0.0006           56.80m
2013-11-30 19:52:50,450:INFO:STDOUT:         3         380.1255        -314.3235           52.44m
2013-11-30 19:53:17,764:INFO:STDOUT:         4         309.7373           0.0002           49.85m
2013-11-30 19:53:45,157:INFO:STDOUT:         5         483.2883           0.0002           48.14m
2013-11-30 19:54:12,240:INFO:STDOUT:         6         283.4968          -0.9567           46.77m
2013-11-30 19:54:39,716:INFO:STDOUT:         7         432.0141         -29.9571           45.74m
2013-11-30 19:55:30,208:INFO:STDOUT:         8         400.0220          59.9115           49.27m
2013-11-30 19:56:30,375:INFO:STDOUT:         9         339.5715           0.0001           53.46m
2013-11-30 19:57:33,501:INFO:STDOUT:        10         325.2496           0.0001           57.05m
2013-11-30 20:08:14,683:INFO:STDOUT:        20         415.0559           0.0002           68.10m
2013-11-30 20:18:31,450:INFO:STDOUT:        30         401.2186           0.0000           63.71m
2013-11-30 20:29:01,431:INFO:STDOUT:        40         358.5054           0.0000           56.71m
2013-11-30 20:36:07,988:INFO:STDOUT:        50         395.1610           0.0000           44.91m
2013-11-30 20:46:06,090:INFO:STDOUT:        60         382.5252           0.0000           36.59m
2013-11-30 20:54:50,157:INFO:STDOUT:        70         470.4043           0.0000           27.26m
2013-11-30 20:59:11,773:INFO:STDOUT:        80         344.9142          -0.0000           16.99m
2013-11-30 21:03:16,085:INFO:STDOUT:        90         311.6561           0.0000            8.01m
2013-11-30 21:07:13,167:INFO:STDOUT:       100         339.5789           0.0000            0.00s
2013-11-30 21:07:13,168:INFO:STDOUT:train time: 4560.766s
2013-11-30 21:07:13,296:INFO:STDOUT:Saved k7
2013-12-01 00:37:50,971:INFO:STDOUT:Start
2013-12-01 00:37:51,259:INFO:STDOUT:(389730, 493)
2013-12-01 00:37:51,259:INFO:STDOUT:Vectorized
2013-12-01 00:37:53,448:INFO:STDOUT:Densified
2013-12-01 00:37:53,714:INFO:STDOUT:========================================
2013-12-01 00:37:53,715:INFO:STDOUT:Training: GradientBoostingClassifier
2013-12-01 00:37:54,720:INFO:STDOUT:      Iter       Train Loss      OOB Improve   Remaining Time
2013-12-01 00:38:56,142:INFO:STDOUT:         1           0.0354           0.0088          306.09m
2013-12-01 00:39:27,767:INFO:STDOUT:         2           0.0355           0.0006          231.07m
2013-12-01 00:39:55,403:INFO:STDOUT:         3           3.6524          -2.6942          199.13m
2013-12-01 00:40:22,539:INFO:STDOUT:         4           3.7807           0.0002          182.31m
2013-12-01 00:40:49,820:INFO:STDOUT:         5           2.7648           0.0003          172.18m
2013-12-01 00:41:17,439:INFO:STDOUT:         6           3.0138          -0.0034          165.55m
2013-12-01 00:41:59,445:INFO:STDOUT:         7           3.1103           0.0002          170.72m
2013-12-01 00:42:26,687:INFO:STDOUT:         8           3.5355           0.0001          165.45m
2013-12-01 00:42:54,846:INFO:STDOUT:         9           3.4251           0.0001          161.73m
2013-12-01 00:43:22,426:INFO:STDOUT:        10         724.7693        -541.3181          158.39m
2013-12-01 00:47:56,006:INFO:STDOUT:        20 87351987006686289476103445360884685461820232275244011589643186469066587887328296960.0000           0.0000          140.30m
2013-12-01 00:54:05,418:INFO:STDOUT:        30 151825990895494279426551022681599740193544443960373876037554140725073936546209099578496616759296.0000           0.0000          145.60m
2013-12-01 00:59:42,940:INFO:STDOUT:        40 161947723621851946578914559687197722778127442936443206689177718388349353977415854327427051290624.0000           0.0000          141.72m
2013-12-01 01:09:16,976:INFO:STDOUT:        50 126521659079750889519890016027578414148790099427284237799407652433505988424462612740452395253760.0000           0.0000          156.85m
2013-12-01 01:15:36,280:INFO:STDOUT:        60 141704258169007636560837965607832040525883607906014733493890831325699785048309626742637961674752.0000           0.0000          150.77m
2013-12-01 01:23:46,197:INFO:STDOUT:        70 121460792716572055943708247524779422856498599939249572473595863601868279708859235365987177988096.0000           0.0000          150.68m
2013-12-01 01:33:51,423:INFO:STDOUT:        80 136643391805957749055230872420256737882497783272165469623002699826176416298257461429339777138688.0000           0.0000          153.85m
2013-12-01 01:39:29,281:INFO:STDOUT:        90 131582525442907891192398623985627463673284120862420616189230642730637441649346802141802780426240.0000           0.0000          143.68m
2013-12-01 01:43:58,833:INFO:STDOUT:       100 121460792716421233505298144535386749788537203696009268427009296129271093100876576293063531429888.0000           0.0000          132.14m
2013-12-01 03:01:04,213:INFO:STDOUT:       200 141704258169287434712597588665394430676922841227544849432517130534395705722985003902489828786176.0000           0.0000           71.58m
2013-12-01 04:11:31,297:INFO:STDOUT:       300 141704258169265587987537005744171474692039282062594357277970294797897253181695062916494402781184.0000           0.0000            0.00s
2013-12-01 04:11:31,297:INFO:STDOUT:train time: 12817.582s
2013-12-01 04:11:31,548:INFO:STDOUT:Saved k7
