2013-11-30 09:04:21,654:INFO:STDOUT:Start
2013-11-30 09:04:21,719:INFO:STDOUT:(389730, 426)
2013-11-30 09:04:21,720:INFO:STDOUT:Vectorized
2013-11-30 09:04:23,165:INFO:STDOUT:Densified
2013-11-30 09:04:23,165:INFO:STDOUT:Sentiment
2013-11-30 09:04:23,650:INFO:STDOUT:========================================
2013-11-30 09:04:23,650:INFO:STDOUT:Training: GradientBoostingClassifier
2013-11-30 09:04:24,274:INFO:STDOUT:      Iter       Train Loss      OOB Improve   Remaining Time
2013-11-30 09:05:33,752:INFO:STDOUT:         1      191619.1416        5317.0776          346.24m
2013-11-30 09:07:55,926:INFO:STDOUT:         2      187610.8943        4026.5406          525.60m
2013-11-30 09:10:41,311:INFO:STDOUT:         3      184368.4249        3215.0019          622.11m
2013-11-30 09:13:15,994:INFO:STDOUT:         4      181669.8411        2616.1243          655.79m
2013-11-30 09:15:43,803:INFO:STDOUT:         5      179683.4172        2252.8973          668.20m
2013-11-30 09:17:35,705:INFO:STDOUT:         6      177561.5083        1838.1153          646.34m
2013-11-30 09:21:21,915:INFO:STDOUT:         7      176169.1339        1533.4179          709.93m
2013-11-30 09:25:03,032:INFO:STDOUT:         8      174642.5226        1370.2241          753.58m
2013-11-30 09:28:34,796:INFO:STDOUT:         9      173689.9304        1231.2778          781.67m
2013-11-30 09:30:17,862:INFO:STDOUT:        10      172504.9080        1046.6992          750.90m
2013-11-30 18:05:26,785:INFO:STDOUT:Start
2013-11-30 18:05:26,875:INFO:STDOUT:(389730, 426)
2013-11-30 18:05:26,875:INFO:STDOUT:Vectorized
2013-11-30 18:05:28,840:INFO:STDOUT:Densified
2013-11-30 18:05:28,840:INFO:STDOUT:Sentiment
2013-11-30 18:05:29,828:INFO:STDOUT:========================================
2013-11-30 18:05:29,828:INFO:STDOUT:Training: GradientBoostingClassifier
2013-11-30 18:05:30,705:INFO:STDOUT:      Iter       Train Loss      OOB Improve   Remaining Time
2013-11-30 18:08:38,596:INFO:STDOUT:         1      191656.0189        5280.3072          310.02m
2013-11-30 18:12:20,400:INFO:STDOUT:         2      187672.5682        4046.3527          334.58m
2013-11-30 18:16:03,552:INFO:STDOUT:         3      184384.2870        3205.8660          341.03m
2013-11-30 18:19:45,109:INFO:STDOUT:         4      181812.8071        2640.4683          341.76m
2013-11-30 18:23:25,807:INFO:STDOUT:         5      179724.6635        2229.8712          340.45m
2013-11-30 18:26:51,382:INFO:STDOUT:         6      177879.1300        1849.9124          334.40m
2013-11-30 18:28:54,663:INFO:STDOUT:         7      176245.1243        1561.0273          310.88m
2013-11-30 18:32:39,722:INFO:STDOUT:         8      174727.8731        1309.5159          312.23m
2013-11-30 18:36:25,035:INFO:STDOUT:         9      173585.9953        1267.9574          312.49m
2013-11-30 18:39:47,391:INFO:STDOUT:        10      172640.4958        1061.3742          308.50m
2013-11-30 19:14:19,209:INFO:STDOUT:        20      166035.9021         432.3529          275.23m
2013-11-30 19:33:06,549:INFO:STDOUT:        30      163000.8510         225.2790          204.39m
2013-11-30 19:43:45,014:INFO:STDOUT:        40      160974.2027         137.9878          147.36m
2013-11-30 19:59:59,937:INFO:STDOUT:        50      159811.7103          93.2058          114.49m
2013-11-30 20:36:59,139:INFO:STDOUT:        60      158796.1092          84.4745          100.98m
2013-11-30 21:01:57,701:INFO:STDOUT:        70      158099.5015          61.1390           75.62m
2013-11-30 21:14:51,091:INFO:STDOUT:        80      157285.7252          50.1961           47.33m
2013-11-30 21:23:58,162:INFO:STDOUT:        90      156632.1787          41.2899           22.05m
2013-11-30 21:33:05,501:INFO:STDOUT:       100      156440.8652          36.4963            0.00s
2013-11-30 21:33:05,501:INFO:STDOUT:train time: 12455.673s
2013-11-30 21:33:05,866:INFO:STDOUT:Saved s
