2013-11-30 09:04:25,747:INFO:STDOUT:Start
2013-11-30 09:04:25,783:INFO:STDOUT:(389730, 429)
2013-11-30 09:04:25,783:INFO:STDOUT:Vectorized
2013-11-30 09:04:27,218:INFO:STDOUT:Densified
2013-11-30 09:04:27,218:INFO:STDOUT:When
2013-11-30 09:04:27,685:INFO:STDOUT:========================================
2013-11-30 09:04:27,685:INFO:STDOUT:Training: GradientBoostingClassifier
2013-11-30 09:04:28,307:INFO:STDOUT:      Iter       Train Loss      OOB Improve   Remaining Time
2013-11-30 09:06:17,361:INFO:STDOUT:         1      132704.5781        7598.2019          543.45m
2013-11-30 09:08:58,505:INFO:STDOUT:         2      126723.6574        6024.0442          670.99m
2013-11-30 09:10:46,638:INFO:STDOUT:         3      121891.2508        4820.3412          624.25m
2013-11-30 09:12:06,044:INFO:STDOUT:         4      117967.8512        3899.6050          564.54m
2013-11-30 09:14:36,079:INFO:STDOUT:         5      115035.7873        3174.6900          597.64m
2013-11-30 09:17:23,870:INFO:STDOUT:         6      112298.1212        2581.8872          633.38m
2013-11-30 09:20:10,887:INFO:STDOUT:         7      110292.9939        2119.5814          657.56m
2013-11-30 09:22:59,149:INFO:STDOUT:         8      108256.6938        1745.5265          675.76m
2013-11-30 09:24:22,667:INFO:STDOUT:         9      107054.6899        1459.0433          643.63m
2013-11-30 09:25:41,567:INFO:STDOUT:        10      105630.0956        1187.7187          615.41m
2013-11-30 18:05:26,789:INFO:STDOUT:Start
2013-11-30 18:05:26,833:INFO:STDOUT:(389730, 429)
2013-11-30 18:05:26,834:INFO:STDOUT:Vectorized
2013-11-30 18:05:28,821:INFO:STDOUT:Densified
2013-11-30 18:05:28,821:INFO:STDOUT:When
2013-11-30 18:05:29,768:INFO:STDOUT:========================================
2013-11-30 18:05:29,768:INFO:STDOUT:Training: GradientBoostingClassifier
2013-11-30 18:05:30,655:INFO:STDOUT:      Iter       Train Loss      OOB Improve   Remaining Time
2013-11-30 18:08:11,880:INFO:STDOUT:         1      132876.4788        7600.5041          266.02m
2013-11-30 18:10:41,338:INFO:STDOUT:         2      126796.8895        6034.1664          253.72m
2013-11-30 18:12:01,088:INFO:STDOUT:         3      121995.8495        4823.9249          210.40m
2013-11-30 18:13:32,456:INFO:STDOUT:         4      118081.4023        3905.2314          192.72m
2013-11-30 18:16:18,977:INFO:STDOUT:         5      114949.8660        3181.5505          205.30m
2013-11-30 18:17:38,117:INFO:STDOUT:         6      112338.6896        2592.0055          189.95m
2013-11-30 18:18:57,406:INFO:STDOUT:         7      109904.7208        2128.0042          178.64m
2013-11-30 18:21:34,232:INFO:STDOUT:         8      108386.2871        1740.9212          184.69m
2013-11-30 18:23:53,283:INFO:STDOUT:         9      106817.3221        1448.2572          185.81m
2013-11-30 18:26:34,858:INFO:STDOUT:        10      105500.5894        1185.6310          189.63m
2013-11-30 18:50:08,143:INFO:STDOUT:        20      100383.7963         236.6260          178.50m
2013-11-30 19:03:45,604:INFO:STDOUT:        30       98703.6687          65.7383          135.91m
2013-11-30 19:19:45,239:INFO:STDOUT:        40       98117.2135          57.5067          111.36m
2013-11-30 19:31:51,848:INFO:STDOUT:        50       97576.9797          28.1931           86.35m
2013-11-30 19:39:30,263:INFO:STDOUT:        60       97391.6839          25.1228           62.66m
2013-11-30 19:47:07,485:INFO:STDOUT:        70       96618.3786          12.7587           43.55m
2013-11-30 20:03:28,106:INFO:STDOUT:        80       96994.6818          12.4008           29.49m
2013-11-30 20:21:16,874:INFO:STDOUT:        90       96814.0829          17.3964           15.09m
2013-12-01 00:16:27,887:INFO:STDOUT:Start
2013-12-01 00:16:27,978:INFO:STDOUT:(389730, 429)
2013-12-01 00:16:27,978:INFO:STDOUT:Vectorized
2013-12-01 00:16:29,436:INFO:STDOUT:Densified
2013-12-01 00:16:29,436:INFO:STDOUT:When
2013-12-01 00:16:29,912:INFO:STDOUT:========================================
2013-12-01 00:16:29,912:INFO:STDOUT:Training: GradientBoostingClassifier
2013-12-01 00:16:30,541:INFO:STDOUT:      Iter       Train Loss      OOB Improve   Remaining Time
2013-12-01 00:17:10,155:INFO:STDOUT:         1      134217.7561        6480.1299           65.36m
2013-12-01 00:17:49,982:INFO:STDOUT:         2      128696.9665        5099.0524           64.88m
2013-12-01 00:18:29,738:INFO:STDOUT:         3      124696.9905        4041.5985           64.23m
2013-12-01 00:19:09,569:INFO:STDOUT:         4      121513.4691        3211.0065           63.61m
2013-12-01 00:19:50,098:INFO:STDOUT:         5      118899.3193        2559.6578           63.19m
2013-12-01 00:20:29,769:INFO:STDOUT:         6      116974.1461        2039.2980           62.46m
2013-12-01 00:21:10,833:INFO:STDOUT:         7      115292.4639        1626.5413           62.06m
2013-12-01 00:21:50,143:INFO:STDOUT:         8      113866.5152        1298.5337           61.26m
2013-12-01 00:22:29,588:INFO:STDOUT:         9      112950.1452        1034.4630           60.51m
2013-12-01 00:23:09,327:INFO:STDOUT:        10      112058.3276         821.0659           59.82m
2013-12-01 00:29:47,400:INFO:STDOUT:        20      109321.8427          85.1618           53.12m
2013-12-01 00:36:30,353:INFO:STDOUT:        30      108811.3231          10.2494           46.66m
2013-12-01 01:00:28,675:INFO:STDOUT:        40      108000.4540           1.1602           65.95m
2013-12-01 01:28:34,452:INFO:STDOUT:        50      108381.3752           1.1434           72.07m
