2013-12-01 15:12:40,808:INFO:STDOUT:Start
2013-12-01 15:12:41,043:INFO:STDOUT:(389730, 474)
2013-12-01 15:12:41,043:INFO:STDOUT:Vectorized
2013-12-01 15:12:42,846:INFO:STDOUT:Densified
2013-12-01 15:12:42,957:INFO:STDOUT:========================================
2013-12-01 15:12:42,957:INFO:STDOUT:Training: GradientBoostingClassifier
2013-12-01 15:12:43,528:INFO:STDOUT:      Iter       Train Loss      OOB Improve   Remaining Time
2013-12-01 15:13:02,446:INFO:STDOUT:         1           0.5333           0.1106          188.85m
2013-12-01 15:13:28,246:INFO:STDOUT:         2           0.4889           0.0488          222.84m
2013-12-01 15:13:56,627:INFO:STDOUT:         3           0.4514           0.0336          242.44m
2013-12-01 15:14:16,056:INFO:STDOUT:         4           0.4274           0.0249          229.78m
2013-12-01 15:14:16,240:INFO:STDOUT:Start
2013-12-01 15:14:16,583:INFO:STDOUT:(389730, 460)
2013-12-01 15:14:16,583:INFO:STDOUT:Vectorized
2013-12-01 15:14:19,213:INFO:STDOUT:Densified
2013-12-01 15:14:19,413:INFO:STDOUT:========================================
2013-12-01 15:14:19,413:INFO:STDOUT:Training: GradientBoostingClassifier
2013-12-01 15:14:20,253:INFO:STDOUT:      Iter       Train Loss      OOB Improve   Remaining Time
2013-12-01 15:14:36,783:INFO:STDOUT:         5           0.4085           0.0196          224.62m
2013-12-01 15:15:03,237:INFO:STDOUT:         1           0.5362           0.1097          429.12m
2013-12-01 15:15:22,267:INFO:STDOUT:         6           0.3919           0.0157          261.92m
2013-12-01 15:15:45,434:INFO:STDOUT:         2           0.4896           0.0487          424.48m
2013-12-01 15:16:08,225:INFO:STDOUT:         7           0.3770           0.0128          289.01m
2013-12-01 15:16:30,367:INFO:STDOUT:         3           0.4488           0.0341          431.54m
2013-12-01 15:16:54,235:INFO:STDOUT:         8           0.3680           0.0106          309.20m
2013-12-01 15:16:57,042:INFO:STDOUT:         4           0.4233           0.0251          389.36m
2013-12-01 15:17:40,183:INFO:STDOUT:         9           0.3597           0.0089          324.67m
2013-12-01 15:17:41,271:INFO:STDOUT:         5           0.4072           0.0196          398.69m
2013-12-01 15:18:25,194:INFO:STDOUT:         6           0.3905           0.0158          404.15m
2013-12-01 15:18:26,328:INFO:STDOUT:        10           0.3494           0.0074          337.09m
2013-12-01 15:19:09,462:INFO:STDOUT:         7           0.3806           0.0129          408.34m
2013-12-01 15:19:53,920:INFO:STDOUT:         8           0.3712           0.0105          411.52m
2013-12-01 15:20:38,166:INFO:STDOUT:         9           0.3595           0.0089          413.60m
2013-12-01 15:21:22,473:INFO:STDOUT:        10           0.3517           0.0074          415.18m
2013-12-01 15:26:00,028:INFO:STDOUT:        20           0.3072           0.0027          384.97m
2013-12-01 15:27:32,381:INFO:STDOUT:        20           0.3018           0.0049          382.86m
2013-12-01 15:33:40,112:INFO:STDOUT:        30           0.2865           0.0012          397.92m
2013-12-01 15:34:39,290:INFO:STDOUT:        30           0.2906           0.0011          386.03m
2013-12-01 17:37:48,622:INFO:STDOUT:Start
2013-12-01 17:37:49,073:INFO:STDOUT:(389730, 474)
2013-12-01 17:37:49,073:INFO:STDOUT:Vectorized
2013-12-01 17:37:51,077:INFO:STDOUT:Densified
2013-12-01 17:37:51,185:INFO:STDOUT:========================================
2013-12-01 17:37:51,186:INFO:STDOUT:Training: GradientBoostingClassifier
2013-12-01 17:37:51,811:INFO:STDOUT:      Iter       Train Loss      OOB Improve   Remaining Time
2013-12-01 17:38:13,961:INFO:STDOUT:         1           0.5320           0.1102          221.13m
2013-12-01 17:38:33,869:INFO:STDOUT:         2           0.4860           0.0494          209.59m
2013-12-01 17:38:54,373:INFO:STDOUT:         3           0.4518           0.0333          207.50m
2013-12-01 17:39:14,538:INFO:STDOUT:         4           0.4250           0.0250          205.44m
2013-12-01 17:39:34,500:INFO:STDOUT:         5           0.4073           0.0196          203.67m
2013-12-01 17:39:54,956:INFO:STDOUT:         6           0.3906           0.0159          203.19m
2013-12-01 17:40:12,761:INFO:STDOUT:         7           0.3769           0.0129          199.01m
2013-12-01 17:40:30,498:INFO:STDOUT:         8           0.3700           0.0107          195.71m
2013-12-01 17:41:04,281:INFO:STDOUT:         9           0.3593           0.0089          210.65m
2013-12-01 17:45:42,512:INFO:STDOUT:Start
2013-12-01 17:45:42,831:INFO:STDOUT:(389730, 474)
2013-12-01 17:45:42,832:INFO:STDOUT:Vectorized
2013-12-01 17:45:45,551:INFO:STDOUT:Densified
2013-12-01 17:45:45,782:INFO:STDOUT:========================================
2013-12-01 17:45:45,782:INFO:STDOUT:Training: GradientBoostingClassifier
2013-12-01 17:45:46,555:INFO:STDOUT:      Iter       Train Loss      OOB Improve   Remaining Time
2013-12-01 17:46:20,723:INFO:STDOUT:         1           0.5368           0.1094          113.32m
2013-12-01 17:46:39,282:INFO:STDOUT:         2           0.4824           0.0496           87.00m
2013-12-01 17:46:58,486:INFO:STDOUT:         3           0.4505           0.0335           78.72m
2013-12-01 17:47:17,696:INFO:STDOUT:         4           0.4264           0.0252           74.43m
2013-12-01 17:47:19,228:INFO:STDOUT:Start
2013-12-01 17:47:19,513:INFO:STDOUT:(389730, 460)
2013-12-01 17:47:19,513:INFO:STDOUT:Vectorized
2013-12-01 17:47:21,594:INFO:STDOUT:Densified
2013-12-01 17:47:21,785:INFO:STDOUT:========================================
2013-12-01 17:47:21,785:INFO:STDOUT:Training: GradientBoostingClassifier
2013-12-01 17:47:22,559:INFO:STDOUT:      Iter       Train Loss      OOB Improve   Remaining Time
2013-12-01 17:48:01,408:INFO:STDOUT:         5           0.4068           0.0197           87.65m
2013-12-01 17:48:07,078:INFO:STDOUT:         1           0.5332           0.1098          147.65m
2013-12-01 17:48:40,770:INFO:STDOUT:         2           0.4865           0.0495          129.05m
2013-12-01 17:48:47,127:INFO:STDOUT:         6           0.3913           0.0157           97.31m
2013-12-01 17:49:25,537:INFO:STDOUT:         3           0.4536           0.0338          134.59m
2013-12-01 17:49:33,371:INFO:STDOUT:         7           0.3797           0.0130          104.23m
2013-12-01 17:50:10,999:INFO:STDOUT:         4           0.4265           0.0250          137.56m
2013-12-01 17:50:18,541:INFO:STDOUT:         8           0.3684           0.0106          108.79m
2013-12-01 17:50:55,792:INFO:STDOUT:         5           0.4098           0.0195          138.60m
2013-12-01 17:51:04,516:INFO:STDOUT:         9           0.3614           0.0089          112.46m
2013-12-01 17:51:40,961:INFO:STDOUT:         6           0.3935           0.0158          139.25m
2013-12-01 17:51:50,721:INFO:STDOUT:        10           0.3481           0.0075          115.32m
2013-12-01 17:52:25,355:INFO:STDOUT:         7           0.3790           0.0129          139.14m
2013-12-01 17:53:09,990:INFO:STDOUT:         8           0.3684           0.0106          138.97m
2013-12-01 17:53:54,439:INFO:STDOUT:         9           0.3558           0.0088          138.61m
2013-12-01 17:54:39,426:INFO:STDOUT:        10           0.3575           0.0073          138.34m
2013-12-01 17:59:00,757:INFO:STDOUT:        20           0.3073           0.0033          119.13m
2013-12-01 18:02:06,050:INFO:STDOUT:        20           0.3027           0.0039          132.52m
2013-12-01 18:06:02,924:INFO:STDOUT:        30           0.2905           0.0007          114.88m
2013-12-01 18:07:39,065:INFO:STDOUT:        30           0.2881           0.0013          114.89m
2013-12-01 18:12:46,993:INFO:STDOUT:        40           0.2813           0.0005          101.63m
2013-12-01 18:13:04,791:INFO:STDOUT:        40           0.2788           0.0006          109.22m
2013-12-01 18:18:50,354:INFO:STDOUT:        50           0.2742           0.0003           94.39m
2013-12-01 18:19:52,259:INFO:STDOUT:        50           0.2707           0.0007          102.29m
2013-12-01 18:24:15,034:INFO:STDOUT:        60           0.2684           0.0001           86.04m
2013-12-01 18:27:47,661:INFO:STDOUT:        60           0.2704           0.0004           98.04m
2013-12-01 18:53:28,090:INFO:STDOUT:Start
2013-12-01 18:53:28,361:INFO:STDOUT:(389730, 547)
2013-12-01 18:53:28,361:INFO:STDOUT:Vectorized
2013-12-01 18:53:30,529:INFO:STDOUT:Densified
2013-12-01 18:53:30,639:INFO:STDOUT:========================================
2013-12-01 18:53:30,641:INFO:STDOUT:Training: GradientBoostingClassifier
2013-12-01 18:53:31,328:INFO:STDOUT:      Iter       Train Loss      OOB Improve   Remaining Time
2013-12-01 18:53:55,591:INFO:STDOUT:         1           0.5370           0.1100          100.69m
2013-12-01 18:54:01,720:INFO:STDOUT:Start
2013-12-01 18:54:02,131:INFO:STDOUT:(389730, 524)
2013-12-01 18:54:02,131:INFO:STDOUT:Vectorized
2013-12-01 18:54:06,125:INFO:STDOUT:Densified
2013-12-01 18:54:07,266:INFO:STDOUT:========================================
2013-12-01 18:54:07,267:INFO:STDOUT:Training: GradientBoostingClassifier
2013-12-01 18:54:12,349:INFO:STDOUT:      Iter       Train Loss      OOB Improve   Remaining Time
2013-12-01 18:55:32,658:INFO:STDOUT:Start
2013-12-01 18:55:33,246:INFO:STDOUT:(389730, 547)
2013-12-01 18:55:33,250:INFO:STDOUT:Vectorized
2013-12-01 18:55:35,437:INFO:STDOUT:Densified
2013-12-01 18:55:35,543:INFO:STDOUT:========================================
2013-12-01 18:55:35,543:INFO:STDOUT:Training: GradientBoostingClassifier
2013-12-01 18:55:36,229:INFO:STDOUT:      Iter       Train Loss      OOB Improve   Remaining Time
2013-12-01 18:55:46,110:INFO:STDOUT:Start
2013-12-01 18:55:46,481:INFO:STDOUT:(389730, 524)
2013-12-01 18:55:46,481:INFO:STDOUT:Vectorized
2013-12-01 18:55:53,919:INFO:STDOUT:Densified
2013-12-01 18:55:54,152:INFO:STDOUT:========================================
2013-12-01 18:55:54,155:INFO:STDOUT:Training: GradientBoostingClassifier
2013-12-01 18:55:56,486:INFO:STDOUT:      Iter       Train Loss      OOB Improve   Remaining Time
2013-12-01 18:56:58,942:INFO:STDOUT:Start
2013-12-01 18:56:59,505:INFO:STDOUT:(389730, 547)
2013-12-01 18:56:59,505:INFO:STDOUT:Vectorized
2013-12-01 18:57:01,672:INFO:STDOUT:Densified
2013-12-01 18:57:01,775:INFO:STDOUT:========================================
2013-12-01 18:57:01,775:INFO:STDOUT:Training: GradientBoostingClassifier
2013-12-01 18:57:02,463:INFO:STDOUT:      Iter       Train Loss      OOB Improve   Remaining Time
2013-12-01 18:57:17,923:INFO:STDOUT:Start
2013-12-01 18:57:18,401:INFO:STDOUT:(600515, 301)
2013-12-01 18:57:18,402:INFO:STDOUT:Vectorized
2013-12-01 18:57:20,201:INFO:STDOUT:Densified
2013-12-01 18:57:20,307:INFO:STDOUT:========================================
2013-12-01 18:57:20,308:INFO:STDOUT:Training: GradientBoostingClassifier
2013-12-01 18:57:20,673:INFO:STDOUT:      Iter       Train Loss      OOB Improve   Remaining Time
2013-12-01 18:57:31,550:INFO:STDOUT:         1           0.5325           0.1108           36.07m
2013-12-01 18:57:42,540:INFO:STDOUT:         2           0.4850           0.0495           36.08m
2013-12-01 18:57:53,435:INFO:STDOUT:         3           0.4563           0.0336           35.86m
2013-12-01 18:58:04,441:INFO:STDOUT:         4           0.4278           0.0253           35.74m
2013-12-01 18:58:18,882:INFO:STDOUT:Start
2013-12-01 18:58:19,516:INFO:STDOUT:(389730, 524)
2013-12-01 18:58:19,516:INFO:STDOUT:Vectorized
2013-12-01 18:58:21,511:INFO:STDOUT:Densified
2013-12-01 18:58:21,621:INFO:STDOUT:========================================
2013-12-01 18:58:21,621:INFO:STDOUT:Training: GradientBoostingClassifier
2013-12-01 18:58:22,281:INFO:STDOUT:      Iter       Train Loss      OOB Improve   Remaining Time
2013-12-01 18:59:13,082:INFO:STDOUT:         1           0.5297           0.1107          168.49m
2013-12-01 19:00:06,104:INFO:STDOUT:         2           0.4876           0.0495          171.31m
2013-12-01 19:00:53,337:INFO:STDOUT:         3           0.4495           0.0337          165.32m
2013-12-01 19:01:42,922:INFO:STDOUT:         4           0.4237           0.0251          163.86m
2013-12-01 19:02:14,063:INFO:STDOUT:         5           0.4082           0.0197          150.66m
2013-12-01 19:02:38,533:INFO:STDOUT:         6           0.3888           0.0159          138.09m
2013-12-01 19:03:19,607:INFO:STDOUT:         7           0.3774           0.0131          136.63m
2013-12-01 19:04:15,383:INFO:STDOUT:         8           0.3666           0.0108          141.24m
2013-12-01 19:05:08,910:INFO:STDOUT:         9           0.3572           0.0089          143.83m
2013-12-01 19:05:33,368:INFO:STDOUT:        10           0.3481           0.0075          136.51m
2013-12-01 19:12:21,311:INFO:STDOUT:        20           0.3096           0.0017          125.85m
2013-12-01 19:16:57,950:INFO:STDOUT:        30           0.2896           0.0010          105.37m
2013-12-01 19:25:30,051:INFO:STDOUT:        40           0.2822           0.0006          108.52m
2013-12-01 19:33:20,144:INFO:STDOUT:        50           0.2761           0.0002          104.89m
2013-12-01 19:41:08,974:INFO:STDOUT:        60           0.2699           0.0002           99.82m
2013-12-01 19:47:42,177:INFO:STDOUT:        70           0.2670           0.0001           91.62m
2013-12-01 19:53:39,411:INFO:STDOUT:        80           0.2623           0.0002           82.93m
2013-12-01 19:59:09,074:INFO:STDOUT:        90           0.2592           0.0001           74.29m
2013-12-01 20:07:02,037:INFO:STDOUT:       100           0.2572           0.0000           68.66m
2013-12-01 21:10:10,545:INFO:STDOUT:       200           0.2389          -0.0000            0.00s
2013-12-01 21:10:10,551:INFO:STDOUT:train time: 7908.929s
2013-12-01 21:10:10,709:INFO:STDOUT:Saved k1
2013-12-01 21:10:10,728:ERROR:STDERR:Traceback (most recent call last):
2013-12-01 21:10:10,728:ERROR:STDERR:  File "gb.py", line 120, in <module>
2013-12-01 21:10:10,728:ERROR:STDERR:main()
2013-12-01 21:10:10,729:ERROR:STDERR:  File "gb.py", line 83, in main
2013-12-01 21:10:10,729:ERROR:STDERR:writePredictions(combinedPredictions)
2013-12-01 21:10:10,729:ERROR:STDERR:NameError
2013-12-01 21:10:10,729:ERROR:STDERR::
2013-12-01 21:10:10,729:ERROR:STDERR:global name 'combinedPredictions' is not defined
