2013-12-01 15:12:40,837:INFO:STDOUT:Start
2013-12-01 15:12:41,070:INFO:STDOUT:(389730, 474)
2013-12-01 15:12:41,072:INFO:STDOUT:Vectorized
2013-12-01 15:12:43,032:INFO:STDOUT:Densified
2013-12-01 15:12:43,134:INFO:STDOUT:========================================
2013-12-01 15:12:43,135:INFO:STDOUT:Training: GradientBoostingClassifier
2013-12-01 15:12:43,742:INFO:STDOUT:      Iter       Train Loss      OOB Improve   Remaining Time
2013-12-01 15:13:03,102:INFO:STDOUT:         1           0.0728           0.1096          193.27m
2013-12-01 15:13:21,981:INFO:STDOUT:         2           0.0674           0.0055          190.56m
2013-12-01 15:13:40,122:INFO:STDOUT:         3           0.0614           0.0038          186.99m
2013-12-01 15:13:59,195:INFO:STDOUT:         4           0.0592           0.0025          187.37m
2013-12-01 15:14:19,465:INFO:STDOUT:         5           0.0585           0.0022          189.85m
2013-12-01 15:14:37,818:INFO:STDOUT:Start
2013-12-01 15:14:38,160:INFO:STDOUT:(389730, 460)
2013-12-01 15:14:38,163:INFO:STDOUT:Vectorized
2013-12-01 15:14:40,905:INFO:STDOUT:Densified
2013-12-01 15:14:41,089:INFO:STDOUT:========================================
2013-12-01 15:14:41,089:INFO:STDOUT:Training: GradientBoostingClassifier
2013-12-01 15:14:41,965:INFO:STDOUT:      Iter       Train Loss      OOB Improve   Remaining Time
2013-12-01 15:14:47,367:INFO:STDOUT:         6           0.0540           0.0018          203.98m
2013-12-01 15:15:28,571:INFO:STDOUT:         1           0.0716           0.1080          465.28m
2013-12-01 15:15:36,938:INFO:STDOUT:         7           0.0530           0.0017          244.54m
2013-12-01 15:16:18,135:INFO:STDOUT:         2           0.0672           0.0054          479.25m
2013-12-01 15:16:24,777:INFO:STDOUT:         8           0.0518           0.0015          272.61m
2013-12-01 15:17:04,122:INFO:STDOUT:         3           0.0614           0.0035          471.49m
2013-12-01 15:17:10,750:INFO:STDOUT:         9           0.0514           0.0013          292.23m
2013-12-01 15:17:42,899:INFO:STDOUT:        10           0.0490           0.0012          294.17m
2013-12-01 15:17:52,994:INFO:STDOUT:         4           0.0599           0.0023          474.39m
2013-12-01 15:18:42,736:INFO:STDOUT:         5           0.0587           0.0021          477.53m
2013-12-01 15:19:23,043:INFO:STDOUT:         6           0.0575           0.0018          463.78m
2013-12-01 15:20:11,712:INFO:STDOUT:         7           0.0557           0.0019          465.57m
2013-12-01 15:21:01,270:INFO:STDOUT:         8           0.0525           0.0013          467.81m
2013-12-01 15:21:44,860:INFO:STDOUT:         9           0.0516           0.0014          462.84m
2013-12-01 15:22:28,685:INFO:STDOUT:        10           0.0496           0.0010          458.94m
2013-12-01 15:24:17,183:INFO:STDOUT:        20           0.0421           0.0003          335.16m
2013-12-01 15:29:49,992:INFO:STDOUT:        20           0.0450           0.0002          438.88m
2013-12-01 15:31:52,349:INFO:STDOUT:        30           0.0381           0.0002          363.73m
2013-12-01 15:35:31,477:INFO:STDOUT:        30           0.0444           0.0001          395.68m
2013-12-01 17:37:48,621:INFO:STDOUT:Start
2013-12-01 17:37:49,072:INFO:STDOUT:(389730, 474)
2013-12-01 17:37:49,072:INFO:STDOUT:Vectorized
2013-12-01 17:37:51,074:INFO:STDOUT:Densified
2013-12-01 17:37:51,174:INFO:STDOUT:========================================
2013-12-01 17:37:51,174:INFO:STDOUT:Training: GradientBoostingClassifier
2013-12-01 17:37:51,802:INFO:STDOUT:      Iter       Train Loss      OOB Improve   Remaining Time
2013-12-01 17:38:11,407:INFO:STDOUT:         1           0.0704           0.1097          195.71m
2013-12-01 17:38:30,825:INFO:STDOUT:         2           0.0651           0.0058          194.46m
2013-12-01 17:38:50,753:INFO:STDOUT:         3           0.0621           0.0028          195.52m
2013-12-01 17:39:11,365:INFO:STDOUT:         4           0.0618           0.0035          197.58m
2013-12-01 17:39:31,594:INFO:STDOUT:         5           0.0563           0.0021          197.92m
2013-12-01 17:39:53,783:INFO:STDOUT:         6           0.0563           0.0018          201.27m
2013-12-01 17:40:23,281:INFO:STDOUT:         7           0.0540           0.0014          213.87m
2013-12-01 17:40:52,711:INFO:STDOUT:         8           0.0510           0.0014          223.12m
2013-12-01 17:41:10,969:INFO:STDOUT:         9           0.0483           0.0013          217.98m
2013-12-01 17:45:41,770:INFO:STDOUT:Start
2013-12-01 17:45:42,013:INFO:STDOUT:(389730, 474)
2013-12-01 17:45:42,013:INFO:STDOUT:Vectorized
2013-12-01 17:45:43,892:INFO:STDOUT:Densified
2013-12-01 17:45:43,992:INFO:STDOUT:========================================
2013-12-01 17:45:43,992:INFO:STDOUT:Training: GradientBoostingClassifier
2013-12-01 17:45:44,626:INFO:STDOUT:      Iter       Train Loss      OOB Improve   Remaining Time
2013-12-01 17:46:06,260:INFO:STDOUT:         1           0.0695           0.1054           71.75m
2013-12-01 17:46:41,769:INFO:STDOUT:         2           0.0655           0.0058           94.29m
2013-12-01 17:47:19,505:INFO:STDOUT:Start
2013-12-01 17:47:19,849:INFO:STDOUT:(389730, 460)
2013-12-01 17:47:19,849:INFO:STDOUT:Vectorized
2013-12-01 17:47:22,507:INFO:STDOUT:Densified
2013-12-01 17:47:22,710:INFO:STDOUT:========================================
2013-12-01 17:47:22,710:INFO:STDOUT:Training: GradientBoostingClassifier
2013-12-01 17:47:23,604:INFO:STDOUT:      Iter       Train Loss      OOB Improve   Remaining Time
2013-12-01 17:47:25,926:INFO:STDOUT:         3           0.0616           0.0041          110.87m
2013-12-01 17:48:09,107:INFO:STDOUT:         1           0.0702           0.1099          150.92m
2013-12-01 17:48:14,813:INFO:STDOUT:         4           0.0590           0.0023          122.65m
2013-12-01 17:48:54,150:INFO:STDOUT:         2           0.0666           0.0053          149.40m
2013-12-01 17:49:02,646:INFO:STDOUT:         5           0.0546           0.0022          128.71m
2013-12-01 17:49:20,605:INFO:STDOUT:         3           0.0651           0.0035          128.05m
2013-12-01 17:49:41,775:INFO:STDOUT:         4           0.0604           0.0023          112.84m
2013-12-01 17:49:50,338:INFO:STDOUT:         6           0.0546           0.0018          132.41m
2013-12-01 17:50:02,531:INFO:STDOUT:         5           0.0573           0.0024          103.30m
2013-12-01 17:50:38,991:INFO:STDOUT:         7           0.0517           0.0016          135.27m
2013-12-01 17:50:39,007:INFO:STDOUT:         6           0.0557           0.0018          105.30m
2013-12-01 17:51:23,734:INFO:STDOUT:         7           0.0536           0.0016          110.35m
2013-12-01 17:51:26,462:INFO:STDOUT:         8           0.0511           0.0013          136.73m
2013-12-01 17:52:08,934:INFO:STDOUT:         8           0.0531           0.0013          114.13m
2013-12-01 17:52:15,010:INFO:STDOUT:         9           0.0491           0.0012          138.08m
2013-12-01 17:52:55,075:INFO:STDOUT:         9           0.0502           0.0012          117.24m
2013-12-01 17:53:03,495:INFO:STDOUT:        10           0.0490           0.0010          138.98m
2013-12-01 17:53:41,215:INFO:STDOUT:        10           0.0493           0.0011          119.58m
2013-12-01 18:00:55,418:INFO:STDOUT:        20           0.0436           0.0002          136.62m
2013-12-01 18:01:22,810:INFO:STDOUT:        20           0.0430           0.0004          125.88m
2013-12-01 18:08:25,849:INFO:STDOUT:        30           0.0432           0.0001          119.21m
2013-12-01 18:08:57,663:INFO:STDOUT:        30           0.0400           0.0001          131.56m
2013-12-01 18:15:44,430:INFO:STDOUT:        40           0.0389           0.0001          119.99m
2013-12-01 18:16:11,295:INFO:STDOUT:        40           0.0402           0.0000          115.18m
2013-12-01 18:21:41,219:INFO:STDOUT:        50           0.0375           0.0002          107.83m
2013-12-01 18:23:47,943:INFO:STDOUT:        50           0.0626           0.0000          109.22m
2013-12-01 18:53:28,093:INFO:STDOUT:Start
2013-12-01 18:53:28,368:INFO:STDOUT:(389730, 547)
2013-12-01 18:53:28,368:INFO:STDOUT:Vectorized
2013-12-01 18:53:30,567:INFO:STDOUT:Densified
2013-12-01 18:53:30,665:INFO:STDOUT:========================================
2013-12-01 18:53:30,666:INFO:STDOUT:Training: GradientBoostingClassifier
2013-12-01 18:53:31,360:INFO:STDOUT:      Iter       Train Loss      OOB Improve   Remaining Time
2013-12-01 18:53:57,396:INFO:STDOUT:         1           0.0704           0.1090          108.05m
2013-12-01 18:54:01,824:INFO:STDOUT:Start
2013-12-01 18:54:02,243:INFO:STDOUT:(389730, 524)
2013-12-01 18:54:02,243:INFO:STDOUT:Vectorized
2013-12-01 18:54:06,059:INFO:STDOUT:Densified
2013-12-01 18:54:06,176:INFO:STDOUT:========================================
2013-12-01 18:54:06,177:INFO:STDOUT:Training: GradientBoostingClassifier
2013-12-01 18:54:12,611:ERROR:STDERR:Traceback (most recent call last):
2013-12-01 18:54:12,612:ERROR:STDERR:  File "gb.py", line 120, in <module>
2013-12-01 18:54:12,620:ERROR:STDERR:main()
2013-12-01 18:54:12,623:ERROR:STDERR:  File "gb.py", line 77, in main
2013-12-01 18:54:12,623:ERROR:STDERR:clf = trainGB(trainData, classes, n_estimators=250)
2013-12-01 18:54:12,623:ERROR:STDERR:  File "/home/ubuntu/Dropbox/weather/setup.py", line 40, in trainGB
2013-12-01 18:54:12,647:ERROR:STDERR:clf.fit(X, y)
2013-12-01 18:54:12,647:ERROR:STDERR:  File "/usr/local/lib/python2.7/dist-packages/sklearn/ensemble/gradient_boosting.py", line 890, in fit
2013-12-01 18:54:12,649:ERROR:STDERR:return super(GradientBoostingClassifier, self).fit(X, y)
2013-12-01 18:54:12,659:ERROR:STDERR:  File "/usr/local/lib/python2.7/dist-packages/sklearn/ensemble/gradient_boosting.py", line 554, in fit
2013-12-01 18:54:12,659:ERROR:STDERR:check_ccontiguous=True)
2013-12-01 18:54:12,659:ERROR:STDERR:  File "/usr/local/lib/python2.7/dist-packages/sklearn/utils/validation.py", line 230, in check_arrays
2013-12-01 18:54:12,660:ERROR:STDERR:array = np.ascontiguousarray(array, dtype=dtype)
2013-12-01 18:54:12,660:ERROR:STDERR:  File "/usr/lib/python2.7/dist-packages/numpy/core/numeric.py", line 323, in ascontiguousarray
2013-12-01 18:54:12,697:ERROR:STDERR:return array(a, dtype, copy=False, order='C', ndmin=1)
2013-12-01 18:54:12,698:ERROR:STDERR:MemoryError
2013-12-01 18:55:32,662:INFO:STDOUT:Start
2013-12-01 18:55:33,238:INFO:STDOUT:(389730, 547)
2013-12-01 18:55:33,238:INFO:STDOUT:Vectorized
2013-12-01 18:55:35,399:INFO:STDOUT:Densified
2013-12-01 18:55:35,495:INFO:STDOUT:========================================
2013-12-01 18:55:35,495:INFO:STDOUT:Training: GradientBoostingClassifier
2013-12-01 18:55:36,170:INFO:STDOUT:      Iter       Train Loss      OOB Improve   Remaining Time
2013-12-01 18:55:46,105:INFO:STDOUT:Start
2013-12-01 18:55:46,492:INFO:STDOUT:(389730, 524)
2013-12-01 18:55:46,493:INFO:STDOUT:Vectorized
2013-12-01 18:55:53,911:INFO:STDOUT:Densified
2013-12-01 18:55:54,141:INFO:STDOUT:========================================
2013-12-01 18:55:54,141:INFO:STDOUT:Training: GradientBoostingClassifier
2013-12-01 18:55:56,448:INFO:STDOUT:      Iter       Train Loss      OOB Improve   Remaining Time
2013-12-01 18:56:58,997:INFO:STDOUT:Start
2013-12-01 18:56:59,506:INFO:STDOUT:(389730, 547)
2013-12-01 18:56:59,506:INFO:STDOUT:Vectorized
2013-12-01 18:57:01,712:INFO:STDOUT:Densified
2013-12-01 18:57:01,810:INFO:STDOUT:========================================
2013-12-01 18:57:01,810:INFO:STDOUT:Training: GradientBoostingClassifier
2013-12-01 18:57:02,508:INFO:STDOUT:      Iter       Train Loss      OOB Improve   Remaining Time
2013-12-01 18:57:18,739:INFO:STDOUT:Start
2013-12-01 18:57:19,424:INFO:STDOUT:(600515, 301)
2013-12-01 18:57:19,425:INFO:STDOUT:Vectorized
2013-12-01 18:57:22,082:INFO:STDOUT:Densified
2013-12-01 18:57:22,297:INFO:STDOUT:========================================
2013-12-01 18:57:22,297:INFO:STDOUT:Training: GradientBoostingClassifier
2013-12-01 18:57:22,801:INFO:STDOUT:      Iter       Train Loss      OOB Improve   Remaining Time
2013-12-01 18:57:45,634:INFO:STDOUT:         1           0.0745           0.1062           75.73m
2013-12-01 18:58:08,471:INFO:STDOUT:         2           0.0676           0.0056           75.36m
2013-12-01 18:58:31,311:INFO:STDOUT:         3           0.0625           0.0038           74.98m
2013-12-01 18:58:53,830:INFO:STDOUT:         4           0.0612           0.0026           74.34m
2013-12-01 18:59:09,969:INFO:STDOUT:Start
2013-12-01 18:59:10,338:INFO:STDOUT:(389730, 524)
2013-12-01 18:59:10,339:INFO:STDOUT:Vectorized
2013-12-01 18:59:12,293:INFO:STDOUT:         5           0.0584           0.0020           71.17m
2013-12-01 18:59:12,946:INFO:STDOUT:Densified
2013-12-01 18:59:13,132:INFO:STDOUT:========================================
2013-12-01 18:59:13,132:INFO:STDOUT:Training: GradientBoostingClassifier
2013-12-01 18:59:13,963:INFO:STDOUT:      Iter       Train Loss      OOB Improve   Remaining Time
2013-12-01 18:59:24,591:INFO:STDOUT:         6           0.0573           0.0019           65.63m
2013-12-01 18:59:36,855:INFO:STDOUT:         7           0.0538           0.0015           61.60m
2013-12-01 18:59:49,160:INFO:STDOUT:         8           0.0537           0.0015           58.54m
2013-12-01 19:00:01,410:INFO:STDOUT:         9           0.0519           0.0015           56.10m
2013-12-01 19:00:03,746:INFO:STDOUT:         1           0.0714           0.1061          165.11m
2013-12-01 19:00:13,206:INFO:STDOUT:        10           0.0496           0.0011           53.96m
2013-12-01 19:00:37,444:INFO:STDOUT:         2           0.0675           0.0052          137.74m
2013-12-01 19:01:01,845:INFO:STDOUT:         3           0.0624           0.0040          118.07m
2013-12-01 19:01:26,147:INFO:STDOUT:         4           0.0602           0.0024          107.95m
2013-12-01 19:01:50,205:INFO:STDOUT:         5           0.0600           0.0019          101.56m
2013-12-01 19:02:14,219:INFO:STDOUT:         6           0.0574           0.0018           97.14m
2013-12-01 19:02:37,417:INFO:STDOUT:         7           0.0562           0.0016           93.49m
2013-12-01 19:03:01,928:INFO:STDOUT:         8           0.0559           0.0013           91.19m
2013-12-01 19:03:25,862:INFO:STDOUT:         9           0.0540           0.0012           89.10m
2013-12-01 19:03:28,781:INFO:STDOUT:        20           0.0447           0.0003           54.90m
2013-12-01 19:03:49,272:INFO:STDOUT:        10           0.0518           0.0011           87.18m
2013-12-01 19:07:51,409:INFO:STDOUT:        30        2463.8479           0.0001           59.37m
2013-12-01 19:10:21,191:INFO:STDOUT:        20           0.0480           0.0003          100.08m
2013-12-01 19:11:28,410:INFO:STDOUT:        40           0.0430          -0.0009           56.37m
2013-12-01 19:15:02,024:INFO:STDOUT:        50        4927.6654           0.0000           52.96m
2013-12-01 19:17:15,409:INFO:STDOUT:        30           0.0434           0.0001          102.14m
2013-12-01 19:18:05,950:INFO:STDOUT:        60 4942363291089251705512348076283858288369910734744211481080513304247268684133660767140660743085899311089513460274379961351657864192704938233286571247833163835739693478093530378344105548575172211642940190431000862340333307699449977324242360020363259150336.0000          -0.0000           48.34m
2013-12-01 19:21:37,082:INFO:STDOUT:        70 3294908860726167803674898717522572192246607156496140987387008869498179122755773844760440495390599540726342306849586640901105242795136625488857714165222109223826462318729020252229403699050114807761960126954000574893555538466299984882828240013575506100224.0000           0.0000           45.01m
2013-12-01 19:23:07,720:INFO:STDOUT:        40          12.6835          -0.0000           95.58m
2013-12-01 19:25:13,001:INFO:STDOUT:        80 4206435810951066188765141490619072684260689413562470166838500547069689438853875457102172877777758217389854225195527679373920978061482115494703273161736959575038892015569396465736406839211662943545678910295753743583992153766788121384108112774943666601984.0000           0.0000           41.76m
2013-12-01 19:28:02,378:INFO:STDOUT:        90 4206435810951066188765141490619072684260689413562470166838500547069689438853875457102172877777758217389854225195527679373920978061482115494703273161736959575038892015569396465736406839211662943545678910295753743583992153766788121384108112774943666601984.0000          -0.0000           37.47m
2013-12-01 19:29:16,912:INFO:STDOUT:        50          12.6817          -0.0000           90.15m
2013-12-01 19:30:31,071:INFO:STDOUT:       100 2103217905475533094382570745309536342130344706781235083419250273534844719426937728551086438888879108694927112597763839686960489030741057747351636580868479787519446007784698232868203419605831471772839455147876871791996076883394060692054056387471833300992.0000           0.0000           33.14m
2013-12-01 19:35:22,527:INFO:STDOUT:        60           0.0756           0.0000           84.33m
2013-12-01 19:42:52,875:INFO:STDOUT:        70          25.3563           0.0000           81.06m
2013-12-01 19:49:10,524:INFO:STDOUT:        80          12.7164          -0.0000           74.91m
2013-12-01 19:55:12,035:INFO:STDOUT:        90      217587.3010           0.0000           68.41m
2013-12-01 19:58:25,462:INFO:STDOUT:       200 4206435810951066188765141490619072684260689413562470166838500547069689438853875457102172877777758217389854225195527679373920978061482115494703273161736959575038892015569396465736406839211662943545678910295753743583992153766788121384108112774943666601984.0000          -0.0000            0.00s
2013-12-01 19:58:25,462:INFO:STDOUT:train time: 3663.165s
2013-12-01 19:58:25,610:INFO:STDOUT:Saved k13
2013-12-01 19:58:25,628:ERROR:STDERR:Traceback (most recent call last):
2013-12-01 19:58:25,629:ERROR:STDERR:  File "gb.py", line 120, in <module>
2013-12-01 19:58:25,629:ERROR:STDERR:main()
2013-12-01 19:58:25,629:ERROR:STDERR:  File "gb.py", line 83, in main
2013-12-01 19:58:25,629:ERROR:STDERR:writePredictions(combinedPredictions)
2013-12-01 19:58:25,629:ERROR:STDERR:NameError
2013-12-01 19:58:25,629:ERROR:STDERR::
2013-12-01 19:58:25,630:ERROR:STDERR:global name 'combinedPredictions' is not defined
2013-12-01 20:01:04,970:INFO:STDOUT:       100      362637.0462          -0.0000           61.85m
2013-12-01 20:05:47,189:INFO:STDOUT:Start
2013-12-01 20:05:47,706:INFO:STDOUT:(600515, 301)
2013-12-01 20:05:47,706:INFO:STDOUT:Vectorized
2013-12-01 20:05:50,032:INFO:STDOUT:Densified
2013-12-01 20:05:50,234:INFO:STDOUT:========================================
2013-12-01 20:05:50,235:INFO:STDOUT:Training: GradientBoostingClassifier
2013-12-01 20:05:50,705:INFO:STDOUT:      Iter       Train Loss      OOB Improve   Remaining Time
2013-12-01 20:06:02,324:INFO:STDOUT:         1           0.0719           0.1031           77.26m
2013-12-01 20:06:13,953:INFO:STDOUT:         2           0.0662           0.0064           77.10m
2013-12-01 20:06:25,770:INFO:STDOUT:         3           0.0642           0.0026           77.34m
2013-12-01 20:06:37,392:INFO:STDOUT:         4           0.0603           0.0023           77.03m
2013-12-01 20:06:49,121:INFO:STDOUT:         5           0.0571           0.0024           76.91m
2013-12-01 20:07:07,839:INFO:STDOUT:         6           0.0546           0.0019           84.42m
2013-12-01 20:07:25,779:INFO:STDOUT:         7           0.0555           0.0016           88.96m
2013-12-01 20:07:47,421:INFO:STDOUT:         8           0.0524           0.0013           95.32m
2013-12-01 20:08:11,974:INFO:STDOUT:         9           0.0517           0.0012          102.29m
2013-12-01 20:08:35,904:INFO:STDOUT:        10           0.0502           0.0011          107.38m
2013-12-01 20:10:42,745:INFO:STDOUT:        20           0.0444           0.0002           92.48m
2013-12-01 20:13:01,102:INFO:STDOUT:        30           0.0430           0.0001           88.47m
2013-12-01 20:15:54,131:INFO:STDOUT:        40           3.2352           0.0000           90.51m
2013-12-01 20:19:17,859:INFO:STDOUT:        50           3.2362           0.0001           94.17m
2013-12-01 20:21:55,963:INFO:STDOUT:        60           0.0421           0.0000           91.16m
2013-12-01 20:23:59,088:INFO:STDOUT:        70 632105209619214538979599955525632.0000           0.0000           85.52m
2013-12-01 20:27:27,311:INFO:STDOUT:        80 1264210419238429077959199911051264.0000          -0.0000           86.44m
2013-12-01 20:31:42,778:INFO:STDOUT:        90 1264210419238429077959199911051264.0000          -0.0000           89.10m
2013-12-01 20:35:15,360:INFO:STDOUT:       100 1264210419238429077959199911051264.0000          -0.0000           88.23m
2013-12-01 20:54:50,712:INFO:STDOUT:       200          25.3204           0.0000            0.00s
2013-12-01 20:54:50,712:INFO:STDOUT:train time: 6937.580s
2013-12-01 20:54:50,963:INFO:STDOUT:Saved k13
2013-12-01 20:54:50,989:ERROR:STDERR:Traceback (most recent call last):
2013-12-01 20:54:50,989:ERROR:STDERR:  File "gb.py", line 120, in <module>
2013-12-01 20:54:50,990:ERROR:STDERR:main()
2013-12-01 20:54:50,990:ERROR:STDERR:  File "gb.py", line 83, in main
2013-12-01 20:54:50,990:ERROR:STDERR:writePredictions(combinedPredictions)
2013-12-01 20:54:50,990:ERROR:STDERR:NameError
2013-12-01 20:54:50,990:ERROR:STDERR::
2013-12-01 20:54:50,990:ERROR:STDERR:global name 'combinedPredictions' is not defined
2013-12-01 21:03:39,664:INFO:STDOUT:       200 632105209619214538979599955525632.0000           0.0000           57.82m
2013-12-01 21:26:53,092:INFO:STDOUT:       300 632105209619214538979599955525632.0000           0.0000           27.01m
2013-12-01 21:51:30,622:INFO:STDOUT:       400 1264210419238429077959199911051264.0000          -0.0000            0.00s
2013-12-01 21:51:30,623:INFO:STDOUT:train time: 6340.388s
2013-12-01 21:51:30,911:INFO:STDOUT:Saved k13
