2013-12-01 15:12:41,654:INFO:STDOUT:Start
2013-12-01 15:12:41,950:INFO:STDOUT:(389730, 474)
2013-12-01 15:12:41,950:INFO:STDOUT:Vectorized
2013-12-01 15:12:44,603:INFO:STDOUT:Densified
2013-12-01 15:12:44,818:INFO:STDOUT:========================================
2013-12-01 15:12:44,818:INFO:STDOUT:Training: GradientBoostingClassifier
2013-12-01 15:12:45,587:INFO:STDOUT:      Iter       Train Loss      OOB Improve   Remaining Time
2013-12-01 15:13:23,248:INFO:STDOUT:         1           0.3092           0.1134          375.98m
2013-12-01 15:13:41,502:INFO:STDOUT:         2           0.2776           0.0329          278.64m
2013-12-01 15:14:00,582:INFO:STDOUT:         3           0.2525           0.0242          248.73m
2013-12-01 15:14:24,171:INFO:STDOUT:         4           0.2339           0.0177          244.82m
2013-12-01 15:14:37,845:INFO:STDOUT:Start
2013-12-01 15:14:38,205:INFO:STDOUT:(389730, 460)
2013-12-01 15:14:38,205:INFO:STDOUT:Vectorized
2013-12-01 15:14:40,775:INFO:STDOUT:Densified
2013-12-01 15:14:40,974:INFO:STDOUT:========================================
2013-12-01 15:14:40,974:INFO:STDOUT:Training: GradientBoostingClassifier
2013-12-01 15:14:41,790:INFO:STDOUT:      Iter       Train Loss      OOB Improve   Remaining Time
2013-12-01 15:14:55,941:INFO:STDOUT:         5           0.2246           0.0136          258.53m
2013-12-01 15:15:23,422:INFO:STDOUT:         1           0.3131           0.1100          415.62m
2013-12-01 15:15:42,404:INFO:STDOUT:         6           0.2093           0.0115          291.75m
2013-12-01 15:16:06,443:INFO:STDOUT:         2           0.2766           0.0332          421.85m
2013-12-01 15:16:29,184:INFO:STDOUT:         7           0.1981           0.0125          315.70m
2013-12-01 15:16:48,011:INFO:STDOUT:         3           0.2560           0.0221          418.63m
2013-12-01 15:17:10,057:INFO:STDOUT:         8           0.1878           0.0081          326.18m
2013-12-01 15:17:30,117:INFO:STDOUT:         4           0.2391           0.0169          418.01m
2013-12-01 15:17:35,141:INFO:STDOUT:         9           0.1839           0.0069          316.90m
2013-12-01 15:18:12,506:INFO:STDOUT:         5           0.2264           0.0133          417.92m
2013-12-01 15:18:20,954:INFO:STDOUT:        10           0.1777           0.0060          329.78m
2013-12-01 15:19:00,121:INFO:STDOUT:         6           0.2166           0.0109          426.25m
2013-12-01 15:19:47,885:INFO:STDOUT:         7           0.2075           0.0089          432.18m
2013-12-01 15:20:36,321:INFO:STDOUT:         8           0.1991           0.0076          437.25m
2013-12-01 15:21:24,690:INFO:STDOUT:         9           0.1925           0.0063          440.95m
2013-12-01 15:22:07,523:INFO:STDOUT:        10           0.1848           0.0054          438.30m
2013-12-01 15:26:07,918:INFO:STDOUT:        20           0.1473           0.0012          387.79m
2013-12-01 15:29:20,255:INFO:STDOUT:        20           0.1587           0.0011          424.59m
2013-12-01 15:34:04,620:INFO:STDOUT:        30           0.1407           0.0008          405.03m
2013-12-01 15:36:36,731:INFO:STDOUT:        30           0.1492           0.0003          416.40m
2013-12-01 17:37:48,623:INFO:STDOUT:Start
2013-12-01 17:37:49,069:INFO:STDOUT:(389730, 474)
2013-12-01 17:37:49,069:INFO:STDOUT:Vectorized
2013-12-01 17:37:51,069:INFO:STDOUT:Densified
2013-12-01 17:37:51,172:INFO:STDOUT:========================================
2013-12-01 17:37:51,172:INFO:STDOUT:Training: GradientBoostingClassifier
2013-12-01 17:37:51,797:INFO:STDOUT:      Iter       Train Loss      OOB Improve   Remaining Time
2013-12-01 17:38:11,382:INFO:STDOUT:         1           0.3085           0.1148          195.52m
2013-12-01 17:38:30,928:INFO:STDOUT:         2           0.2771           0.0320          195.00m
2013-12-01 17:38:50,379:INFO:STDOUT:         3           0.2500           0.0244          194.29m
2013-12-01 17:39:09,148:INFO:STDOUT:         4           0.2368           0.0171          192.09m
2013-12-01 17:39:28,211:INFO:STDOUT:         5           0.2198           0.0158          191.22m
2013-12-01 17:39:46,778:INFO:STDOUT:         6           0.2055           0.0115          189.72m
2013-12-01 17:40:15,683:INFO:STDOUT:         7           0.1997           0.0097          203.15m
2013-12-01 17:40:53,366:INFO:STDOUT:         8           0.1920           0.0081          223.93m
2013-12-01 17:45:45,098:INFO:STDOUT:Start
2013-12-01 17:45:45,325:INFO:STDOUT:(389730, 474)
2013-12-01 17:45:45,326:INFO:STDOUT:Vectorized
2013-12-01 17:45:47,100:INFO:STDOUT:Densified
2013-12-01 17:45:47,212:INFO:STDOUT:========================================
2013-12-01 17:45:47,212:INFO:STDOUT:Training: GradientBoostingClassifier
2013-12-01 17:45:47,758:INFO:STDOUT:      Iter       Train Loss      OOB Improve   Remaining Time
2013-12-01 17:46:09,867:INFO:STDOUT:         1           0.3100           0.1136           73.33m
2013-12-01 17:46:45,648:INFO:STDOUT:         2           0.2757           0.0324           95.52m
2013-12-01 17:47:04,958:INFO:STDOUT:         3           0.2532           0.0243           84.49m
2013-12-01 17:47:19,491:INFO:STDOUT:Start
2013-12-01 17:47:19,834:INFO:STDOUT:(389730, 460)
2013-12-01 17:47:19,834:INFO:STDOUT:Vectorized
2013-12-01 17:47:22,473:INFO:STDOUT:Densified
2013-12-01 17:47:22,686:INFO:STDOUT:========================================
2013-12-01 17:47:22,686:INFO:STDOUT:Training: GradientBoostingClassifier
2013-12-01 17:47:23,463:INFO:STDOUT:      Iter       Train Loss      OOB Improve   Remaining Time
2013-12-01 17:47:30,772:INFO:STDOUT:         4           0.2348           0.0175           84.13m
2013-12-01 17:48:08,265:INFO:STDOUT:         1           0.3146           0.1107          148.58m
2013-12-01 17:48:17,607:INFO:STDOUT:         5           0.2200           0.0159           97.40m
2013-12-01 17:48:51,329:INFO:STDOUT:         2           0.2787           0.0325          144.98m
2013-12-01 17:48:57,378:INFO:STDOUT:         6           0.2063           0.0115          102.18m
2013-12-01 17:49:25,479:INFO:STDOUT:         7           0.1991           0.0098          100.05m
2013-12-01 17:49:37,358:INFO:STDOUT:         3           0.2559           0.0219          146.54m
2013-12-01 17:50:01,658:INFO:STDOUT:         8           0.1915           0.0081          101.56m
2013-12-01 17:50:22,687:INFO:STDOUT:         4           0.2436           0.0164          146.36m
2013-12-01 17:50:48,782:INFO:STDOUT:         9           0.1845           0.0068          106.47m
2013-12-01 17:51:08,512:INFO:STDOUT:         5           0.2245           0.0137          146.28m
2013-12-01 17:51:36,044:INFO:STDOUT:        10           0.1743           0.0059          110.29m
2013-12-01 17:51:44,152:INFO:STDOUT:         6           0.2141           0.0109          140.48m
2013-12-01 17:52:12,008:INFO:STDOUT:         7           0.2077           0.0092          132.59m
2013-12-01 17:52:57,788:INFO:STDOUT:         8           0.1988           0.0075          133.73m
2013-12-01 17:53:43,433:INFO:STDOUT:         9           0.1912           0.0066          134.40m
2013-12-01 17:54:28,815:INFO:STDOUT:        10           0.1831           0.0054          134.69m
2013-12-01 17:57:03,148:INFO:STDOUT:        20           0.1440           0.0011          101.31m
2013-12-01 18:01:51,060:INFO:STDOUT:        20           0.1566           0.0024          130.14m
2013-12-01 18:04:57,896:INFO:STDOUT:        30           0.1362           0.0006          108.62m
2013-12-01 18:08:08,841:INFO:STDOUT:        30           0.1523           0.0003          117.62m
2013-12-01 18:12:52,112:INFO:STDOUT:        40           0.1337           0.0001          108.29m
2013-12-01 18:15:49,961:INFO:STDOUT:        40           0.1480          -0.0002          113.77m
2013-12-01 18:20:23,428:INFO:STDOUT:        50           0.1324           0.0000          103.78m
2013-12-01 18:23:31,015:INFO:STDOUT:        50           0.1451           0.0001          108.38m
2013-12-01 18:27:24,028:INFO:STDOUT:        60           0.2925           0.0001           97.08m
2013-12-01 18:53:28,088:INFO:STDOUT:Start
2013-12-01 18:53:28,360:INFO:STDOUT:(389730, 547)
2013-12-01 18:53:28,360:INFO:STDOUT:Vectorized
2013-12-01 18:53:30,527:INFO:STDOUT:Densified
2013-12-01 18:53:30,630:INFO:STDOUT:========================================
2013-12-01 18:53:30,630:INFO:STDOUT:Training: GradientBoostingClassifier
2013-12-01 18:53:31,317:INFO:STDOUT:      Iter       Train Loss      OOB Improve   Remaining Time
2013-12-01 18:53:56,015:INFO:STDOUT:         1           0.3079           0.1147          102.49m
2013-12-01 18:54:02,525:INFO:STDOUT:Start
2013-12-01 18:54:02,909:INFO:STDOUT:(389730, 524)
2013-12-01 18:54:02,909:INFO:STDOUT:Vectorized
2013-12-01 18:54:07,391:INFO:STDOUT:Densified
2013-12-01 18:54:07,633:INFO:STDOUT:========================================
2013-12-01 18:54:07,633:INFO:STDOUT:Training: GradientBoostingClassifier
2013-12-01 18:54:12,611:ERROR:STDERR:Traceback (most recent call last):
2013-12-01 18:54:12,612:ERROR:STDERR:  File "gb.py", line 120, in <module>
2013-12-01 18:54:12,620:ERROR:STDERR:main()
2013-12-01 18:54:12,623:ERROR:STDERR:  File "gb.py", line 77, in main
2013-12-01 18:54:12,623:ERROR:STDERR:clf = trainGB(trainData, classes, n_estimators=250)
2013-12-01 18:54:12,623:ERROR:STDERR:  File "/home/ubuntu/Dropbox/weather/setup.py", line 40, in trainGB
2013-12-01 18:54:12,647:ERROR:STDERR:clf.fit(X, y)
2013-12-01 18:54:12,647:ERROR:STDERR:  File "/usr/local/lib/python2.7/dist-packages/sklearn/ensemble/gradient_boosting.py", line 890, in fit
2013-12-01 18:54:12,649:ERROR:STDERR:return super(GradientBoostingClassifier, self).fit(X, y)
2013-12-01 18:54:12,659:ERROR:STDERR:  File "/usr/local/lib/python2.7/dist-packages/sklearn/ensemble/gradient_boosting.py", line 554, in fit
2013-12-01 18:54:12,659:ERROR:STDERR:check_ccontiguous=True)
2013-12-01 18:54:12,659:ERROR:STDERR:  File "/usr/local/lib/python2.7/dist-packages/sklearn/utils/validation.py", line 230, in check_arrays
2013-12-01 18:54:12,660:ERROR:STDERR:array = np.ascontiguousarray(array, dtype=dtype)
2013-12-01 18:54:12,660:ERROR:STDERR:  File "/usr/lib/python2.7/dist-packages/numpy/core/numeric.py", line 323, in ascontiguousarray
2013-12-01 18:54:12,697:ERROR:STDERR:return array(a, dtype, copy=False, order='C', ndmin=1)
2013-12-01 18:54:12,698:ERROR:STDERR:MemoryError
2013-12-01 18:55:32,659:INFO:STDOUT:Start
2013-12-01 18:55:33,297:INFO:STDOUT:(389730, 547)
2013-12-01 18:55:33,297:INFO:STDOUT:Vectorized
2013-12-01 18:55:36,283:INFO:STDOUT:Densified
2013-12-01 18:55:36,490:INFO:STDOUT:========================================
2013-12-01 18:55:36,490:INFO:STDOUT:Training: GradientBoostingClassifier
2013-12-01 18:55:37,329:INFO:STDOUT:      Iter       Train Loss      OOB Improve   Remaining Time
2013-12-01 18:55:46,087:INFO:STDOUT:Start
2013-12-01 18:55:46,490:INFO:STDOUT:(389730, 524)
2013-12-01 18:55:46,491:INFO:STDOUT:Vectorized
2013-12-01 18:55:53,922:INFO:STDOUT:Densified
2013-12-01 18:55:54,127:INFO:STDOUT:========================================
2013-12-01 18:55:54,127:INFO:STDOUT:Training: GradientBoostingClassifier
2013-12-01 18:55:56,317:INFO:STDOUT:      Iter       Train Loss      OOB Improve   Remaining Time
2013-12-01 18:57:00,014:INFO:STDOUT:Start
2013-12-01 18:57:00,381:INFO:STDOUT:(389730, 547)
2013-12-01 18:57:00,381:INFO:STDOUT:Vectorized
2013-12-01 18:57:03,322:INFO:STDOUT:Densified
2013-12-01 18:57:03,549:INFO:STDOUT:========================================
2013-12-01 18:57:03,549:INFO:STDOUT:Training: GradientBoostingClassifier
2013-12-01 18:57:04,379:INFO:STDOUT:      Iter       Train Loss      OOB Improve   Remaining Time
2013-12-01 18:57:18,950:INFO:STDOUT:Start
2013-12-01 18:57:19,454:INFO:STDOUT:(600515, 301)
2013-12-01 18:57:19,454:INFO:STDOUT:Vectorized
2013-12-01 18:57:21,425:INFO:STDOUT:Densified
2013-12-01 18:57:21,528:INFO:STDOUT:========================================
2013-12-01 18:57:21,528:INFO:STDOUT:Training: GradientBoostingClassifier
2013-12-01 18:57:21,915:INFO:STDOUT:      Iter       Train Loss      OOB Improve   Remaining Time
2013-12-01 18:57:33,075:INFO:STDOUT:         1           0.3145           0.1114           37.01m
2013-12-01 18:57:44,147:INFO:STDOUT:         2           0.2754           0.0337           36.68m
2013-12-01 18:57:55,886:INFO:STDOUT:         3           0.2539           0.0222           37.18m
2013-12-01 18:58:07,178:INFO:STDOUT:         4           0.2428           0.0169           36.96m
2013-12-01 18:58:19,070:INFO:STDOUT:         5           0.2253           0.0133           37.15m
2013-12-01 18:58:30,571:INFO:STDOUT:         6           0.2154           0.0108           37.00m
2013-12-01 18:58:41,721:INFO:STDOUT:         7           0.2059           0.0091           36.67m
2013-12-01 18:58:52,882:INFO:STDOUT:         8           0.1995           0.0075           36.39m
2013-12-01 18:59:04,005:INFO:STDOUT:         9           0.1893           0.0063           36.11m
2013-12-01 18:59:10,808:INFO:STDOUT:Start
2013-12-01 18:59:11,203:INFO:STDOUT:(389730, 524)
2013-12-01 18:59:11,203:INFO:STDOUT:Vectorized
2013-12-01 18:59:14,059:INFO:STDOUT:Densified
2013-12-01 18:59:14,257:INFO:STDOUT:========================================
2013-12-01 18:59:14,258:INFO:STDOUT:Training: GradientBoostingClassifier
2013-12-01 18:59:15,169:INFO:STDOUT:      Iter       Train Loss      OOB Improve   Remaining Time
2013-12-01 18:59:15,919:INFO:STDOUT:        10           0.1855           0.0055           36.10m
2013-12-01 19:00:04,834:INFO:STDOUT:         1           0.3108           0.1115          164.72m
2013-12-01 19:00:53,768:INFO:STDOUT:         2           0.2791           0.0329          162.69m
2013-12-01 19:01:19,379:INFO:STDOUT:        20           0.1599           0.0012           35.62m
2013-12-01 19:01:43,587:INFO:STDOUT:         3           0.2591           0.0218          162.43m
2013-12-01 19:02:33,926:INFO:STDOUT:         4           0.2404           0.0166          162.32m
2013-12-01 19:03:08,483:INFO:STDOUT:         5           0.2245           0.0138          151.65m
2013-12-01 19:03:57,605:INFO:STDOUT:         6           0.2154           0.0109          152.20m
2013-12-01 19:04:26,707:INFO:STDOUT:        30           0.1530           0.0003           40.12m
2013-12-01 19:04:44,651:INFO:STDOUT:         7           0.2061           0.0092          151.40m
2013-12-01 19:05:24,227:INFO:STDOUT:         8           0.1982           0.0076          147.62m
2013-12-01 19:05:57,298:INFO:STDOUT:         9           0.1910           0.0064          142.23m
2013-12-01 19:06:47,014:INFO:STDOUT:        10           0.1850           0.0054          143.08m
2013-12-01 19:07:03,340:INFO:STDOUT:        40           0.1483           0.0002           38.76m
2013-12-01 19:09:53,136:INFO:STDOUT:        50           0.1452           0.0000           37.56m
2013-12-01 19:13:34,777:INFO:STDOUT:        60           0.1454           0.0000           37.83m
2013-12-01 19:14:53,140:INFO:STDOUT:        20           0.1572           0.0012          140.70m
2013-12-01 19:17:15,006:INFO:STDOUT:        70           0.1434          -0.0000           36.93m
2013-12-01 19:20:36,645:INFO:STDOUT:        80 2813010635876.1211           0.0000           34.87m
2013-12-01 19:21:10,522:INFO:STDOUT:        30           0.1506           0.0004          124.23m
2013-12-01 19:24:38,108:INFO:STDOUT:        90 5626021488790.8496          -0.0001           33.33m
2013-12-01 19:25:27,448:INFO:STDOUT:        40           0.1476           0.0001          104.82m
2013-12-01 19:28:00,575:INFO:STDOUT:       100 2813010798655.1455           0.0000           30.64m
2013-12-01 19:31:17,608:INFO:STDOUT:        50           0.1456           0.0001           96.12m
2013-12-01 19:38:11,966:INFO:STDOUT:        60           0.1448           0.0001           90.88m
2013-12-01 19:45:31,561:INFO:STDOUT:        70           0.1431           0.0000           85.94m
2013-12-01 19:51:27,953:INFO:STDOUT:        80           0.1420          -0.0000           78.32m
2013-12-01 19:57:21,971:INFO:STDOUT:        90           0.1418           0.0000           71.03m
2013-12-01 20:00:54,585:INFO:STDOUT:       100           0.1432           0.0000           61.66m
2013-12-01 20:00:57,086:INFO:STDOUT:       200       54259.8705          -0.0010            0.00s
2013-12-01 20:00:57,086:INFO:STDOUT:train time: 3815.558s
2013-12-01 20:00:57,248:INFO:STDOUT:Saved k14
2013-12-01 20:00:57,266:ERROR:STDERR:Traceback (most recent call last):
2013-12-01 20:00:57,267:ERROR:STDERR:  File "gb.py", line 120, in <module>
2013-12-01 20:00:57,267:ERROR:STDERR:main()
2013-12-01 20:00:57,267:ERROR:STDERR:  File "gb.py", line 83, in main
2013-12-01 20:00:57,267:ERROR:STDERR:writePredictions(combinedPredictions)
2013-12-01 20:00:57,267:ERROR:STDERR:NameError
2013-12-01 20:00:57,267:ERROR:STDERR::
2013-12-01 20:00:57,267:ERROR:STDERR:global name 'combinedPredictions' is not defined
2013-12-01 20:05:47,966:INFO:STDOUT:Start
2013-12-01 20:05:48,632:INFO:STDOUT:(600515, 301)
2013-12-01 20:05:48,632:INFO:STDOUT:Vectorized
2013-12-01 20:05:51,336:INFO:STDOUT:Densified
2013-12-01 20:05:51,556:INFO:STDOUT:========================================
2013-12-01 20:05:51,556:INFO:STDOUT:Training: GradientBoostingClassifier
2013-12-01 20:05:52,059:INFO:STDOUT:      Iter       Train Loss      OOB Improve   Remaining Time
2013-12-01 20:06:14,667:INFO:STDOUT:         1           0.3143           0.1101          150.34m
2013-12-01 20:06:37,804:INFO:STDOUT:         2           0.2771           0.0333          151.72m
2013-12-01 20:07:01,575:INFO:STDOUT:         3           0.2550           0.0220          153.32m
2013-12-01 20:07:24,925:INFO:STDOUT:         4           0.2427           0.0163          153.23m
2013-12-01 20:07:38,486:INFO:STDOUT:         5           0.2236           0.0134          140.13m
2013-12-01 20:07:50,574:INFO:STDOUT:         6           0.2168           0.0108          129.71m
2013-12-01 20:08:02,680:INFO:STDOUT:         7           0.2051           0.0088          122.22m
2013-12-01 20:08:14,478:INFO:STDOUT:         8           0.1964           0.0077          116.31m
2013-12-01 20:08:26,253:INFO:STDOUT:         9           0.1921           0.0063          111.65m
2013-12-01 20:08:38,067:INFO:STDOUT:        10           0.1866           0.0053          107.90m
2013-12-01 20:10:44,840:INFO:STDOUT:        20           0.1597           0.0011           92.71m
2013-12-01 20:12:59,239:INFO:STDOUT:        30           0.1490           0.0003           87.81m
2013-12-01 20:15:05,884:INFO:STDOUT:        40           0.1481           0.0002           83.07m
2013-12-01 20:17:47,291:INFO:STDOUT:        50           0.1447           0.0001           83.44m
2013-12-01 20:20:20,539:INFO:STDOUT:        60           0.1523          -0.0000           82.02m
2013-12-01 20:24:17,012:INFO:STDOUT:        70           0.1415          -0.0004           86.82m
2013-12-01 20:28:21,178:INFO:STDOUT:        80           0.2606          -0.0000           89.94m
2013-12-01 20:32:35,595:INFO:STDOUT:        90 84009010130145772176640396066671380462190419625078027891879603863552.0000           0.0000           92.05m
2013-12-01 20:36:42,477:INFO:STDOUT:       100           0.2577           0.0000           92.52m
2013-12-01 20:57:00,392:INFO:STDOUT:       200 39516659593107092978499728351629637909389224046295534262026240.0000           0.0000            0.00s
2013-12-01 20:57:00,392:INFO:STDOUT:train time: 7066.134s
2013-12-01 20:57:00,547:INFO:STDOUT:Saved k14
2013-12-01 20:57:00,566:ERROR:STDERR:Traceback (most recent call last):
2013-12-01 20:57:00,567:ERROR:STDERR:  File "gb.py", line 120, in <module>
2013-12-01 20:57:00,567:ERROR:STDERR:main()
2013-12-01 20:57:00,567:ERROR:STDERR:  File "gb.py", line 83, in main
2013-12-01 20:57:00,567:ERROR:STDERR:writePredictions(combinedPredictions)
2013-12-01 20:57:00,567:ERROR:STDERR:NameError
2013-12-01 20:57:00,567:ERROR:STDERR::
2013-12-01 20:57:00,567:ERROR:STDERR:global name 'combinedPredictions' is not defined
2013-12-01 21:02:44,669:INFO:STDOUT:       200 28003003376715259387650367524683244474827831476991092134193099964416.0000           0.0000           56.88m
2013-12-01 21:27:35,110:INFO:STDOUT:       300 28003003376715259387650367524683244474827831476991092134193099964416.0000           0.0000           27.24m
2013-12-01 21:48:27,780:INFO:STDOUT:       400 28003003376715259387650367524683244474827831476991092134193099964416.0000           0.0000            0.00s
2013-12-01 21:48:27,781:INFO:STDOUT:train time: 6156.223s
2013-12-01 21:48:28,312:INFO:STDOUT:Saved k14
