2013-12-01 15:12:41,412:INFO:STDOUT:Start
2013-12-01 15:12:41,710:INFO:STDOUT:(389730, 474)
2013-12-01 15:12:41,710:INFO:STDOUT:Vectorized
2013-12-01 15:12:44,200:INFO:STDOUT:Densified
2013-12-01 15:12:44,426:INFO:STDOUT:========================================
2013-12-01 15:12:44,426:INFO:STDOUT:Training: GradientBoostingClassifier
2013-12-01 15:12:45,155:INFO:STDOUT:      Iter       Train Loss      OOB Improve   Remaining Time
2013-12-01 15:13:11,050:INFO:STDOUT:         1           0.7044           0.1440          258.52m
2013-12-01 15:13:29,368:INFO:STDOUT:         2           0.6164           0.0852          220.32m
2013-12-01 15:13:48,182:INFO:STDOUT:         3           0.5558           0.0616          209.04m
2013-12-01 15:14:07,230:INFO:STDOUT:         4           0.5075           0.0477          203.82m
2013-12-01 15:14:37,782:INFO:STDOUT:Start
2013-12-01 15:14:38,121:INFO:STDOUT:(389730, 460)
2013-12-01 15:14:38,121:INFO:STDOUT:Vectorized
2013-12-01 15:14:39,910:INFO:STDOUT:         5           0.4711           0.0383          227.60m
2013-12-01 15:14:40,529:INFO:STDOUT:Densified
2013-12-01 15:14:40,732:INFO:STDOUT:========================================
2013-12-01 15:14:40,733:INFO:STDOUT:Training: GradientBoostingClassifier
2013-12-01 15:14:41,563:INFO:STDOUT:      Iter       Train Loss      OOB Improve   Remaining Time
2013-12-01 15:15:07,976:INFO:STDOUT:         6           0.4356           0.0316          235.65m
2013-12-01 15:15:28,394:INFO:STDOUT:         1           0.7043           0.1441          467.52m
2013-12-01 15:15:41,010:INFO:STDOUT:         7           0.4111           0.0297          248.29m
2013-12-01 15:16:15,620:INFO:STDOUT:         2           0.6163           0.0856          468.71m
2013-12-01 15:16:26,770:INFO:STDOUT:         8           0.3846           0.0230          273.33m
2013-12-01 15:16:52,596:INFO:STDOUT:         9           0.3660           0.0201          270.81m
2013-12-01 15:17:02,429:INFO:STDOUT:         3           0.5531           0.0615          467.20m
2013-12-01 15:17:19,513:INFO:STDOUT:        10           0.3471           0.0172          269.79m
2013-12-01 15:17:43,639:INFO:STDOUT:         4           0.5094           0.0476          452.15m
2013-12-01 15:18:31,229:INFO:STDOUT:         5           0.4709           0.0383          455.50m
2013-12-01 15:19:13,115:INFO:STDOUT:         6           0.4391           0.0315          448.06m
2013-12-01 15:19:59,535:INFO:STDOUT:         7           0.4105           0.0264          448.95m
2013-12-01 15:20:41,322:INFO:STDOUT:         8           0.3821           0.0272          443.70m
2013-12-01 15:21:23,135:INFO:STDOUT:         9           0.3661           0.0195          439.50m
2013-12-01 15:22:06,832:INFO:STDOUT:        10           0.3470           0.0178          437.85m
2013-12-01 15:24:29,281:INFO:STDOUT:        20           0.2566           0.0049          340.33m
2013-12-01 15:28:54,042:INFO:STDOUT:        20           0.2538           0.0050          412.03m
2013-12-01 15:30:50,541:INFO:STDOUT:        30           0.2249           0.0027          343.71m
2013-12-01 15:36:15,306:INFO:STDOUT:        30           0.2247           0.0017          409.69m
2013-12-01 17:37:48,638:INFO:STDOUT:Start
2013-12-01 17:37:49,072:INFO:STDOUT:(389730, 474)
2013-12-01 17:37:49,072:INFO:STDOUT:Vectorized
2013-12-01 17:37:51,098:INFO:STDOUT:Densified
2013-12-01 17:37:51,230:INFO:STDOUT:========================================
2013-12-01 17:37:51,230:INFO:STDOUT:Training: GradientBoostingClassifier
2013-12-01 17:37:51,871:INFO:STDOUT:      Iter       Train Loss      OOB Improve   Remaining Time
2013-12-01 17:38:11,038:INFO:STDOUT:         1           0.7038           0.1438          191.35m
2013-12-01 17:38:30,130:INFO:STDOUT:         2           0.6170           0.0856          190.66m
2013-12-01 17:38:49,142:INFO:STDOUT:         3           0.5593           0.0616          189.95m
2013-12-01 17:39:07,634:INFO:STDOUT:         4           0.5092           0.0478          188.15m
2013-12-01 17:39:26,074:INFO:STDOUT:         5           0.4705           0.0387          186.84m
2013-12-01 17:39:44,344:INFO:STDOUT:         6           0.4389           0.0317          185.58m
2013-12-01 17:40:02,290:INFO:STDOUT:         7           0.4125           0.0297          184.14m
2013-12-01 17:40:28,861:INFO:STDOUT:         8           0.3841           0.0231          193.62m
2013-12-01 17:41:07,592:INFO:STDOUT:         9           0.3646           0.0200          214.21m
2013-12-01 17:45:42,646:INFO:STDOUT:Start
2013-12-01 17:45:42,936:INFO:STDOUT:(389730, 474)
2013-12-01 17:45:42,936:INFO:STDOUT:Vectorized
2013-12-01 17:45:45,634:INFO:STDOUT:Densified
2013-12-01 17:45:45,860:INFO:STDOUT:========================================
2013-12-01 17:45:45,861:INFO:STDOUT:Training: GradientBoostingClassifier
2013-12-01 17:45:46,646:INFO:STDOUT:      Iter       Train Loss      OOB Improve   Remaining Time
2013-12-01 17:46:16,728:INFO:STDOUT:         1           0.7021           0.1447           99.77m
2013-12-01 17:46:35,177:INFO:STDOUT:         2           0.6188           0.0848           80.08m
2013-12-01 17:46:54,106:INFO:STDOUT:         3           0.5543           0.0617           73.83m
2013-12-01 17:47:12,549:INFO:STDOUT:         4           0.5118           0.0475           70.15m
2013-12-01 17:47:19,477:INFO:STDOUT:Start
2013-12-01 17:47:19,796:INFO:STDOUT:(389730, 460)
2013-12-01 17:47:19,796:INFO:STDOUT:Vectorized
2013-12-01 17:47:22,102:INFO:STDOUT:Densified
2013-12-01 17:47:22,232:INFO:STDOUT:========================================
2013-12-01 17:47:22,232:INFO:STDOUT:Training: GradientBoostingClassifier
2013-12-01 17:47:22,877:INFO:STDOUT:      Iter       Train Loss      OOB Improve   Remaining Time
2013-12-01 17:47:43,362:INFO:STDOUT:         1           0.7047           0.1445           67.94m
2013-12-01 17:47:50,990:INFO:STDOUT:         5           0.4671           0.0386           80.82m
2013-12-01 17:48:11,782:INFO:STDOUT:         2           0.6174           0.0856           80.69m
2013-12-01 17:48:36,246:INFO:STDOUT:         6           0.4390           0.0317           91.40m
2013-12-01 17:48:56,118:INFO:STDOUT:         3           0.5550           0.0620          102.05m
2013-12-01 17:49:21,493:INFO:STDOUT:         7           0.4067           0.0298           98.73m
2013-12-01 17:49:40,150:INFO:STDOUT:         4           0.5083           0.0479          112.11m
2013-12-01 17:50:06,610:INFO:STDOUT:         8           0.3887           0.0230          103.99m
2013-12-01 17:50:24,114:INFO:STDOUT:         5           0.4708           0.0383          117.80m
2013-12-01 17:50:51,395:INFO:STDOUT:         9           0.3617           0.0202          107.79m
2013-12-01 17:51:02,747:INFO:STDOUT:         6           0.4382           0.0315          118.48m
2013-12-01 17:51:37,071:INFO:STDOUT:        10           0.3481           0.0172          110.97m
2013-12-01 17:51:46,643:INFO:STDOUT:         7           0.4077           0.0300          121.21m
2013-12-01 17:52:30,865:INFO:STDOUT:         8           0.3847           0.0232          123.19m
2013-12-01 17:53:15,530:INFO:STDOUT:         9           0.3650           0.0195          124.73m
2013-12-01 17:53:59,560:INFO:STDOUT:        10           0.3456           0.0181          125.62m
2013-12-01 17:59:16,849:INFO:STDOUT:        20           0.2533           0.0051          121.53m
2013-12-01 18:01:18,912:INFO:STDOUT:        20           0.2553           0.0050          125.41m
2013-12-01 18:06:39,770:INFO:STDOUT:        30           0.2258           0.0019          118.35m
2013-12-01 18:08:40,330:INFO:STDOUT:        30           0.2246           0.0018          120.65m
2013-12-01 18:13:07,234:INFO:STDOUT:        40           0.2063           0.0013          109.37m
2013-12-01 18:15:13,310:INFO:STDOUT:        40           0.2070           0.0012          111.36m
2013-12-01 18:20:30,324:INFO:STDOUT:        50           0.1966           0.0007          104.18m
2013-12-01 18:22:55,731:INFO:STDOUT:        50           0.1955           0.0006          106.64m
2013-12-01 18:25:52,715:INFO:STDOUT:        60           0.1895           0.0006           93.57m
2013-12-01 18:53:28,088:INFO:STDOUT:Start
2013-12-01 18:53:28,362:INFO:STDOUT:(389730, 547)
2013-12-01 18:53:28,362:INFO:STDOUT:Vectorized
2013-12-01 18:53:30,532:INFO:STDOUT:Densified
2013-12-01 18:53:30,641:INFO:STDOUT:========================================
2013-12-01 18:53:30,641:INFO:STDOUT:Training: GradientBoostingClassifier
2013-12-01 18:53:31,331:INFO:STDOUT:      Iter       Train Loss      OOB Improve   Remaining Time
2013-12-01 18:53:55,212:INFO:STDOUT:         1           0.7031           0.1444           99.11m
2013-12-01 18:54:01,698:INFO:STDOUT:Start
2013-12-01 18:54:02,096:INFO:STDOUT:(389730, 524)
2013-12-01 18:54:02,096:INFO:STDOUT:Vectorized
2013-12-01 18:54:05,895:INFO:STDOUT:Densified
2013-12-01 18:54:07,194:INFO:STDOUT:========================================
2013-12-01 18:54:07,207:INFO:STDOUT:Training: GradientBoostingClassifier
2013-12-01 18:54:12,554:INFO:STDOUT:      Iter       Train Loss      OOB Improve   Remaining Time
2013-12-01 18:55:32,673:INFO:STDOUT:Start
2013-12-01 18:55:33,245:INFO:STDOUT:(389730, 547)
2013-12-01 18:55:33,250:INFO:STDOUT:Vectorized
2013-12-01 18:55:35,754:INFO:STDOUT:Densified
2013-12-01 18:55:35,976:INFO:STDOUT:========================================
2013-12-01 18:55:35,976:INFO:STDOUT:Training: GradientBoostingClassifier
2013-12-01 18:55:36,824:INFO:STDOUT:      Iter       Train Loss      OOB Improve   Remaining Time
2013-12-01 18:55:46,044:INFO:STDOUT:Start
2013-12-01 18:55:46,448:INFO:STDOUT:(389730, 524)
2013-12-01 18:55:46,449:INFO:STDOUT:Vectorized
2013-12-01 18:55:53,926:INFO:STDOUT:Densified
2013-12-01 18:55:54,133:INFO:STDOUT:========================================
2013-12-01 18:55:54,133:INFO:STDOUT:Training: GradientBoostingClassifier
2013-12-01 18:55:56,383:INFO:STDOUT:      Iter       Train Loss      OOB Improve   Remaining Time
2013-12-01 18:56:59,698:INFO:STDOUT:Start
2013-12-01 18:57:00,057:INFO:STDOUT:(389730, 547)
2013-12-01 18:57:00,057:INFO:STDOUT:Vectorized
2013-12-01 18:57:03,000:INFO:STDOUT:Densified
2013-12-01 18:57:03,245:INFO:STDOUT:========================================
2013-12-01 18:57:03,245:INFO:STDOUT:Training: GradientBoostingClassifier
2013-12-01 18:57:04,114:INFO:STDOUT:      Iter       Train Loss      OOB Improve   Remaining Time
2013-12-01 18:57:18,058:INFO:STDOUT:Start
2013-12-01 18:57:18,559:INFO:STDOUT:(600515, 301)
2013-12-01 18:57:18,560:INFO:STDOUT:Vectorized
2013-12-01 18:57:20,523:INFO:STDOUT:Densified
2013-12-01 18:57:20,633:INFO:STDOUT:========================================
2013-12-01 18:57:20,633:INFO:STDOUT:Training: GradientBoostingClassifier
2013-12-01 18:57:21,028:INFO:STDOUT:      Iter       Train Loss      OOB Improve   Remaining Time
2013-12-01 18:57:31,905:INFO:STDOUT:         1           0.7047           0.1436           36.07m
2013-12-01 18:57:42,854:INFO:STDOUT:         2           0.6166           0.0854           36.01m
2013-12-01 18:57:53,798:INFO:STDOUT:         3           0.5601           0.0613           35.87m
2013-12-01 18:58:04,649:INFO:STDOUT:         4           0.5080           0.0477           35.62m
2013-12-01 18:58:15,566:INFO:STDOUT:         5           0.4702           0.0381           35.45m
2013-12-01 18:58:32,249:INFO:STDOUT:         6           0.4373           0.0316           38.38m
2013-12-01 18:58:53,927:INFO:STDOUT:         7           0.4099           0.0296           42.69m
2013-12-01 18:59:09,926:INFO:STDOUT:Start
2013-12-01 18:59:10,278:INFO:STDOUT:(389730, 524)
2013-12-01 18:59:10,279:INFO:STDOUT:Vectorized
2013-12-01 18:59:12,816:INFO:STDOUT:Densified
2013-12-01 18:59:13,040:INFO:STDOUT:========================================
2013-12-01 18:59:13,040:INFO:STDOUT:Training: GradientBoostingClassifier
2013-12-01 18:59:13,830:INFO:STDOUT:      Iter       Train Loss      OOB Improve   Remaining Time
2013-12-01 18:59:15,555:INFO:STDOUT:         8           0.3844           0.0230           45.81m
2013-12-01 18:59:34,323:INFO:STDOUT:         9           0.3665           0.0195           47.15m
2013-12-01 18:59:46,525:INFO:STDOUT:        10           0.3495           0.0181           46.07m
2013-12-01 18:59:53,706:INFO:STDOUT:         1           0.7015           0.1449          132.26m
2013-12-01 19:00:28,917:INFO:STDOUT:         2           0.6199           0.0852          123.89m
2013-12-01 19:01:07,624:INFO:STDOUT:         3           0.5570           0.0617          124.54m
2013-12-01 19:01:45,513:INFO:STDOUT:         4           0.5087           0.0480          123.87m
2013-12-01 19:02:28,132:INFO:STDOUT:         5           0.4723           0.0384          126.30m
2013-12-01 19:02:55,276:INFO:STDOUT:        20           0.2547           0.0050           50.14m
2013-12-01 19:03:06,207:INFO:STDOUT:         6           0.4414           0.0314          125.23m
2013-12-01 19:03:46,040:INFO:STDOUT:         7           0.4060           0.0303          125.09m
2013-12-01 19:04:25,546:INFO:STDOUT:         8           0.3840           0.0231          124.69m
2013-12-01 19:04:56,669:INFO:STDOUT:        30           0.2229           0.0025           43.03m
2013-12-01 19:05:03,545:INFO:STDOUT:         9           0.3625           0.0195          123.70m
2013-12-01 19:05:43,768:INFO:STDOUT:        10           0.3478           0.0180          123.48m
2013-12-01 19:08:43,058:INFO:STDOUT:        40           0.2084           0.0012           45.47m
2013-12-01 19:11:23,005:INFO:STDOUT:        50           0.1958           0.0008           42.10m
2013-12-01 19:11:38,068:INFO:STDOUT:        20           0.2549           0.0093          111.64m
2013-12-01 19:14:05,269:INFO:STDOUT:        60           0.1905           0.0002           39.05m
2013-12-01 19:16:46,428:INFO:STDOUT:        30           0.2238           0.0024           99.41m
2013-12-01 19:18:05,381:INFO:STDOUT:        70           0.1860           0.0004           38.52m
2013-12-01 19:21:12,501:INFO:STDOUT:        80           0.1860           0.0003           35.79m
2013-12-01 19:22:24,429:INFO:STDOUT:        40           0.2069           0.0027           92.71m
2013-12-01 19:25:03,182:INFO:STDOUT:        90           0.1824          -0.0001           33.86m
2013-12-01 19:29:09,934:INFO:STDOUT:       100           0.1798           0.0001           31.82m
2013-12-01 19:29:23,528:INFO:STDOUT:        50           0.1945           0.0007           90.48m
2013-12-01 19:33:24,872:INFO:STDOUT:        60           0.1910           0.0003           79.76m
2013-12-01 19:39:50,280:INFO:STDOUT:        70           0.1867           0.0003           75.41m
2013-12-01 19:45:13,828:INFO:STDOUT:        80           0.1844           0.0001           69.00m
2013-12-01 19:49:30,494:INFO:STDOUT:        90           0.1788          -0.0003           61.45m
2013-12-01 19:56:20,522:INFO:STDOUT:       100           0.1803           0.0000           57.11m
2013-12-01 20:01:26,948:INFO:STDOUT:       200    10285715.9562           0.0000            0.00s
2013-12-01 20:01:26,948:INFO:STDOUT:train time: 3846.315s
2013-12-01 20:01:27,109:INFO:STDOUT:Saved k11
2013-12-01 20:01:27,126:ERROR:STDERR:Traceback (most recent call last):
2013-12-01 20:01:27,126:ERROR:STDERR:  File "gb.py", line 120, in <module>
2013-12-01 20:01:27,126:ERROR:STDERR:main()
2013-12-01 20:01:27,126:ERROR:STDERR:  File "gb.py", line 83, in main
2013-12-01 20:01:27,126:ERROR:STDERR:writePredictions(combinedPredictions)
2013-12-01 20:01:27,126:ERROR:STDERR:NameError
2013-12-01 20:01:27,126:ERROR:STDERR::
2013-12-01 20:01:27,126:ERROR:STDERR:global name 'combinedPredictions' is not defined
2013-12-01 20:05:47,216:INFO:STDOUT:Start
2013-12-01 20:05:47,753:INFO:STDOUT:(600515, 301)
2013-12-01 20:05:47,753:INFO:STDOUT:Vectorized
2013-12-01 20:05:49,624:INFO:STDOUT:Densified
2013-12-01 20:05:49,733:INFO:STDOUT:========================================
2013-12-01 20:05:49,734:INFO:STDOUT:Training: GradientBoostingClassifier
2013-12-01 20:05:50,127:INFO:STDOUT:      Iter       Train Loss      OOB Improve   Remaining Time
2013-12-01 20:06:07,915:INFO:STDOUT:         1           0.7050           0.1441          118.29m
2013-12-01 20:06:20,002:INFO:STDOUT:         2           0.6193           0.0852           99.08m
2013-12-01 20:06:31,735:INFO:STDOUT:         3           0.5576           0.0615           91.77m
2013-12-01 20:06:49,812:INFO:STDOUT:         4           0.5102           0.0478           98.48m
2013-12-01 20:07:08,060:INFO:STDOUT:         5           0.4683           0.0388          102.61m
2013-12-01 20:07:33,059:INFO:STDOUT:         6           0.4393           0.0318          112.65m
2013-12-01 20:07:58,918:INFO:STDOUT:         7           0.4095           0.0296          120.51m
2013-12-01 20:08:24,468:INFO:STDOUT:         8           0.3859           0.0231          126.05m
2013-12-01 20:08:49,564:INFO:STDOUT:         9           0.3642           0.0195          129.93m
2013-12-01 20:09:15,436:INFO:STDOUT:        10           0.3466           0.0183          133.45m
2013-12-01 20:12:56,309:INFO:STDOUT:        20           0.2551           0.0053          134.96m
2013-12-01 20:15:21,394:INFO:STDOUT:        30           0.2248           0.0019          117.43m
2013-12-01 20:18:40,501:INFO:STDOUT:        40           0.2072           0.0009          115.56m
2013-12-01 20:22:29,063:INFO:STDOUT:        50           0.1990           0.0008          116.54m
2013-12-01 20:24:30,157:INFO:STDOUT:        60           0.1912           0.0004          105.78m
2013-12-01 20:26:30,737:INFO:STDOUT:        70           0.1839           0.0004           97.48m
2013-12-01 20:28:32,526:INFO:STDOUT:        80           0.1829           0.0001           90.83m
2013-12-01 20:30:51,019:INFO:STDOUT:        90           0.1814           0.0001           86.16m
2013-12-01 20:34:18,079:INFO:STDOUT:       100           0.1760           0.0001           85.40m
2013-12-01 20:50:14,858:INFO:STDOUT:       200           7.8116          -0.0000            0.00s
2013-12-01 20:50:14,858:INFO:STDOUT:train time: 6661.818s
2013-12-01 20:50:15,137:INFO:STDOUT:Saved k11
2013-12-01 20:50:15,159:ERROR:STDERR:Traceback (most recent call last):
2013-12-01 20:50:15,160:ERROR:STDERR:  File "gb.py", line 120, in <module>
2013-12-01 20:50:15,160:ERROR:STDERR:main()
2013-12-01 20:50:15,160:ERROR:STDERR:  File "gb.py", line 83, in main
2013-12-01 20:50:15,160:ERROR:STDERR:writePredictions(combinedPredictions)
2013-12-01 20:50:15,160:ERROR:STDERR:NameError
2013-12-01 20:50:15,160:ERROR:STDERR::
2013-12-01 20:50:15,160:ERROR:STDERR:global name 'combinedPredictions' is not defined
2013-12-01 20:59:23,899:INFO:STDOUT:       200           0.1729          -0.0000           53.56m
2013-12-01 21:26:26,407:INFO:STDOUT:       300 20213502348.9894          -0.0000           26.87m
2013-12-01 21:47:28,095:INFO:STDOUT:       400 20213502348.9894          -0.0000            0.00s
2013-12-01 21:47:28,095:INFO:STDOUT:train time: 6098.362s
2013-12-01 21:47:28,399:INFO:STDOUT:Saved k11
