2013-12-01 15:12:40,808:INFO:STDOUT:Start
2013-12-01 15:12:41,043:INFO:STDOUT:(389730, 474)
2013-12-01 15:12:41,043:INFO:STDOUT:Vectorized
2013-12-01 15:12:42,846:INFO:STDOUT:Densified
2013-12-01 15:12:42,957:INFO:STDOUT:========================================
2013-12-01 15:12:42,957:INFO:STDOUT:Training: GradientBoostingClassifier
2013-12-01 15:12:43,528:INFO:STDOUT:      Iter       Train Loss      OOB Improve   Remaining Time
2013-12-01 15:13:02,446:INFO:STDOUT:         1           0.5333           0.1106          188.85m
2013-12-01 15:13:28,246:INFO:STDOUT:         2           0.4889           0.0488          222.84m
2013-12-01 15:13:56,627:INFO:STDOUT:         3           0.4514           0.0336          242.44m
2013-12-01 15:14:16,056:INFO:STDOUT:         4           0.4274           0.0249          229.78m
2013-12-01 15:14:16,240:INFO:STDOUT:Start
2013-12-01 15:14:16,583:INFO:STDOUT:(389730, 460)
2013-12-01 15:14:16,583:INFO:STDOUT:Vectorized
2013-12-01 15:14:19,213:INFO:STDOUT:Densified
2013-12-01 15:14:19,413:INFO:STDOUT:========================================
2013-12-01 15:14:19,413:INFO:STDOUT:Training: GradientBoostingClassifier
2013-12-01 15:14:20,253:INFO:STDOUT:      Iter       Train Loss      OOB Improve   Remaining Time
2013-12-01 15:14:36,783:INFO:STDOUT:         5           0.4085           0.0196          224.62m
2013-12-01 15:15:03,237:INFO:STDOUT:         1           0.5362           0.1097          429.12m
2013-12-01 15:15:22,267:INFO:STDOUT:         6           0.3919           0.0157          261.92m
2013-12-01 15:15:45,434:INFO:STDOUT:         2           0.4896           0.0487          424.48m
2013-12-01 15:16:08,225:INFO:STDOUT:         7           0.3770           0.0128          289.01m
2013-12-01 15:16:30,367:INFO:STDOUT:         3           0.4488           0.0341          431.54m
2013-12-01 15:16:54,235:INFO:STDOUT:         8           0.3680           0.0106          309.20m
2013-12-01 15:16:57,042:INFO:STDOUT:         4           0.4233           0.0251          389.36m
2013-12-01 15:17:40,183:INFO:STDOUT:         9           0.3597           0.0089          324.67m
2013-12-01 15:17:41,271:INFO:STDOUT:         5           0.4072           0.0196          398.69m
2013-12-01 15:18:25,194:INFO:STDOUT:         6           0.3905           0.0158          404.15m
2013-12-01 15:18:26,328:INFO:STDOUT:        10           0.3494           0.0074          337.09m
2013-12-01 15:19:09,462:INFO:STDOUT:         7           0.3806           0.0129          408.34m
2013-12-01 15:19:53,920:INFO:STDOUT:         8           0.3712           0.0105          411.52m
2013-12-01 15:20:38,166:INFO:STDOUT:         9           0.3595           0.0089          413.60m
2013-12-01 15:21:22,473:INFO:STDOUT:        10           0.3517           0.0074          415.18m
2013-12-01 15:26:00,028:INFO:STDOUT:        20           0.3072           0.0027          384.97m
2013-12-01 15:27:32,381:INFO:STDOUT:        20           0.3018           0.0049          382.86m
2013-12-01 15:33:40,112:INFO:STDOUT:        30           0.2865           0.0012          397.92m
2013-12-01 15:34:39,290:INFO:STDOUT:        30           0.2906           0.0011          386.03m
2013-12-01 17:37:48,622:INFO:STDOUT:Start
2013-12-01 17:37:49,073:INFO:STDOUT:(389730, 474)
2013-12-01 17:37:49,073:INFO:STDOUT:Vectorized
2013-12-01 17:37:51,077:INFO:STDOUT:Densified
2013-12-01 17:37:51,185:INFO:STDOUT:========================================
2013-12-01 17:37:51,186:INFO:STDOUT:Training: GradientBoostingClassifier
2013-12-01 17:37:51,811:INFO:STDOUT:      Iter       Train Loss      OOB Improve   Remaining Time
2013-12-01 17:38:13,961:INFO:STDOUT:         1           0.5320           0.1102          221.13m
2013-12-01 17:38:33,869:INFO:STDOUT:         2           0.4860           0.0494          209.59m
2013-12-01 17:38:54,373:INFO:STDOUT:         3           0.4518           0.0333          207.50m
2013-12-01 17:39:14,538:INFO:STDOUT:         4           0.4250           0.0250          205.44m
2013-12-01 17:39:34,500:INFO:STDOUT:         5           0.4073           0.0196          203.67m
2013-12-01 17:39:54,956:INFO:STDOUT:         6           0.3906           0.0159          203.19m
2013-12-01 17:40:12,761:INFO:STDOUT:         7           0.3769           0.0129          199.01m
2013-12-01 17:40:30,498:INFO:STDOUT:         8           0.3700           0.0107          195.71m
2013-12-01 17:41:04,281:INFO:STDOUT:         9           0.3593           0.0089          210.65m
2013-12-01 17:45:42,512:INFO:STDOUT:Start
2013-12-01 17:45:42,831:INFO:STDOUT:(389730, 474)
2013-12-01 17:45:42,832:INFO:STDOUT:Vectorized
2013-12-01 17:45:45,551:INFO:STDOUT:Densified
2013-12-01 17:45:45,782:INFO:STDOUT:========================================
2013-12-01 17:45:45,782:INFO:STDOUT:Training: GradientBoostingClassifier
2013-12-01 17:45:46,555:INFO:STDOUT:      Iter       Train Loss      OOB Improve   Remaining Time
2013-12-01 17:46:20,723:INFO:STDOUT:         1           0.5368           0.1094          113.32m
2013-12-01 17:46:39,282:INFO:STDOUT:         2           0.4824           0.0496           87.00m
2013-12-01 17:46:58,486:INFO:STDOUT:         3           0.4505           0.0335           78.72m
2013-12-01 17:47:17,696:INFO:STDOUT:         4           0.4264           0.0252           74.43m
2013-12-01 17:47:19,228:INFO:STDOUT:Start
2013-12-01 17:47:19,513:INFO:STDOUT:(389730, 460)
2013-12-01 17:47:19,513:INFO:STDOUT:Vectorized
2013-12-01 17:47:21,594:INFO:STDOUT:Densified
2013-12-01 17:47:21,785:INFO:STDOUT:========================================
2013-12-01 17:47:21,785:INFO:STDOUT:Training: GradientBoostingClassifier
2013-12-01 17:47:22,559:INFO:STDOUT:      Iter       Train Loss      OOB Improve   Remaining Time
2013-12-01 17:48:01,408:INFO:STDOUT:         5           0.4068           0.0197           87.65m
2013-12-01 17:48:07,078:INFO:STDOUT:         1           0.5332           0.1098          147.65m
2013-12-01 17:48:40,770:INFO:STDOUT:         2           0.4865           0.0495          129.05m
2013-12-01 17:48:47,127:INFO:STDOUT:         6           0.3913           0.0157           97.31m
2013-12-01 17:49:25,537:INFO:STDOUT:         3           0.4536           0.0338          134.59m
2013-12-01 17:49:33,371:INFO:STDOUT:         7           0.3797           0.0130          104.23m
2013-12-01 17:50:10,999:INFO:STDOUT:         4           0.4265           0.0250          137.56m
2013-12-01 17:50:18,541:INFO:STDOUT:         8           0.3684           0.0106          108.79m
2013-12-01 17:50:55,792:INFO:STDOUT:         5           0.4098           0.0195          138.60m
2013-12-01 17:51:04,516:INFO:STDOUT:         9           0.3614           0.0089          112.46m
2013-12-01 17:51:40,961:INFO:STDOUT:         6           0.3935           0.0158          139.25m
2013-12-01 17:51:50,721:INFO:STDOUT:        10           0.3481           0.0075          115.32m
2013-12-01 17:52:25,355:INFO:STDOUT:         7           0.3790           0.0129          139.14m
2013-12-01 17:53:09,990:INFO:STDOUT:         8           0.3684           0.0106          138.97m
2013-12-01 17:53:54,439:INFO:STDOUT:         9           0.3558           0.0088          138.61m
2013-12-01 17:54:39,426:INFO:STDOUT:        10           0.3575           0.0073          138.34m
2013-12-01 17:59:00,757:INFO:STDOUT:        20           0.3073           0.0033          119.13m
2013-12-01 18:02:06,050:INFO:STDOUT:        20           0.3027           0.0039          132.52m
2013-12-01 18:06:02,924:INFO:STDOUT:        30           0.2905           0.0007          114.88m
2013-12-01 18:07:39,065:INFO:STDOUT:        30           0.2881           0.0013          114.89m
2013-12-01 18:12:46,993:INFO:STDOUT:        40           0.2813           0.0005          101.63m
2013-12-01 18:13:04,791:INFO:STDOUT:        40           0.2788           0.0006          109.22m
2013-12-01 18:18:50,354:INFO:STDOUT:        50           0.2742           0.0003           94.39m
2013-12-01 18:19:52,259:INFO:STDOUT:        50           0.2707           0.0007          102.29m
2013-12-01 18:24:15,034:INFO:STDOUT:        60           0.2684           0.0001           86.04m
2013-12-01 18:27:47,661:INFO:STDOUT:        60           0.2704           0.0004           98.04m
2013-12-01 18:53:28,090:INFO:STDOUT:Start
2013-12-01 18:53:28,361:INFO:STDOUT:(389730, 547)
2013-12-01 18:53:28,361:INFO:STDOUT:Vectorized
2013-12-01 18:53:30,529:INFO:STDOUT:Densified
2013-12-01 18:53:30,639:INFO:STDOUT:========================================
2013-12-01 18:53:30,641:INFO:STDOUT:Training: GradientBoostingClassifier
2013-12-01 18:53:31,328:INFO:STDOUT:      Iter       Train Loss      OOB Improve   Remaining Time
2013-12-01 18:53:55,591:INFO:STDOUT:         1           0.5370           0.1100          100.69m
2013-12-01 18:54:01,720:INFO:STDOUT:Start
2013-12-01 18:54:02,131:INFO:STDOUT:(389730, 524)
2013-12-01 18:54:02,131:INFO:STDOUT:Vectorized
2013-12-01 18:54:06,125:INFO:STDOUT:Densified
2013-12-01 18:54:07,266:INFO:STDOUT:========================================
2013-12-01 18:54:07,267:INFO:STDOUT:Training: GradientBoostingClassifier
2013-12-01 18:54:12,349:INFO:STDOUT:      Iter       Train Loss      OOB Improve   Remaining Time
2013-12-01 18:55:32,658:INFO:STDOUT:Start
2013-12-01 18:55:33,246:INFO:STDOUT:(389730, 547)
2013-12-01 18:55:33,250:INFO:STDOUT:Vectorized
2013-12-01 18:55:35,437:INFO:STDOUT:Densified
2013-12-01 18:55:35,543:INFO:STDOUT:========================================
2013-12-01 18:55:35,543:INFO:STDOUT:Training: GradientBoostingClassifier
2013-12-01 18:55:36,229:INFO:STDOUT:      Iter       Train Loss      OOB Improve   Remaining Time
2013-12-01 18:55:46,110:INFO:STDOUT:Start
2013-12-01 18:55:46,481:INFO:STDOUT:(389730, 524)
2013-12-01 18:55:46,481:INFO:STDOUT:Vectorized
2013-12-01 18:55:53,919:INFO:STDOUT:Densified
2013-12-01 18:55:54,152:INFO:STDOUT:========================================
2013-12-01 18:55:54,155:INFO:STDOUT:Training: GradientBoostingClassifier
2013-12-01 18:55:56,486:INFO:STDOUT:      Iter       Train Loss      OOB Improve   Remaining Time
2013-12-01 18:56:58,942:INFO:STDOUT:Start
2013-12-01 18:56:59,505:INFO:STDOUT:(389730, 547)
2013-12-01 18:56:59,505:INFO:STDOUT:Vectorized
2013-12-01 18:57:01,672:INFO:STDOUT:Densified
2013-12-01 18:57:01,775:INFO:STDOUT:========================================
2013-12-01 18:57:01,775:INFO:STDOUT:Training: GradientBoostingClassifier
2013-12-01 18:57:02,463:INFO:STDOUT:      Iter       Train Loss      OOB Improve   Remaining Time
2013-12-01 18:57:17,923:INFO:STDOUT:Start
2013-12-01 18:57:18,401:INFO:STDOUT:(600515, 301)
2013-12-01 18:57:18,402:INFO:STDOUT:Vectorized
2013-12-01 18:57:20,201:INFO:STDOUT:Densified
2013-12-01 18:57:20,307:INFO:STDOUT:========================================
2013-12-01 18:57:20,308:INFO:STDOUT:Training: GradientBoostingClassifier
2013-12-01 18:57:20,673:INFO:STDOUT:      Iter       Train Loss      OOB Improve   Remaining Time
2013-12-01 18:57:31,550:INFO:STDOUT:         1           0.5325           0.1108           36.07m
2013-12-01 18:57:42,540:INFO:STDOUT:         2           0.4850           0.0495           36.08m
2013-12-01 18:57:53,435:INFO:STDOUT:         3           0.4563           0.0336           35.86m
2013-12-01 18:58:04,441:INFO:STDOUT:         4           0.4278           0.0253           35.74m
2013-12-01 18:58:15,450:INFO:STDOUT:         5           0.4076           0.0200           35.60m
2013-12-01 18:58:26,509:INFO:STDOUT:         6           0.3859           0.0160           35.48m
2013-12-01 18:58:37,575:INFO:STDOUT:         7           0.3827           0.0130           35.34m
2013-12-01 18:58:48,414:INFO:STDOUT:         8           0.3689           0.0108           35.10m
2013-12-01 18:58:59,395:INFO:STDOUT:         9           0.3566           0.0089           34.92m
2013-12-01 18:59:10,532:INFO:STDOUT:        10           0.3518           0.0075           34.79m
2013-12-01 19:01:50,968:INFO:STDOUT:        20           0.3099           0.0026           40.54m
2013-12-01 19:04:32,778:INFO:STDOUT:        30           0.2892           0.0012           40.81m
2013-12-01 19:07:57,134:INFO:STDOUT:        40           0.2771           0.0004           42.43m
2013-12-01 19:11:57,071:INFO:STDOUT:        50           0.2746           0.0005           43.82m
2013-12-01 19:15:54,782:INFO:STDOUT:        60           0.2658           0.0003           43.33m
2013-12-01 19:18:38,649:INFO:STDOUT:        70           0.2632           0.0003           39.56m
2013-12-01 19:22:42,156:INFO:STDOUT:        80           0.2665           0.0002           38.04m
2013-12-01 19:24:53,085:INFO:STDOUT:        90           0.2608           0.0001           33.66m
2013-12-01 19:28:50,884:INFO:STDOUT:       100           0.2552           0.0001           31.50m
2013-12-01 19:57:42,008:INFO:STDOUT:       200           0.2442           0.0000            0.00s
2013-12-01 19:57:42,008:INFO:STDOUT:train time: 3621.700s
2013-12-01 19:57:42,207:INFO:STDOUT:Saved k1
2013-12-01 19:57:42,233:ERROR:STDERR:Traceback (most recent call last):
2013-12-01 19:57:42,233:ERROR:STDERR:  File "gb.py", line 120, in <module>
2013-12-01 19:57:42,234:ERROR:STDERR:main()
2013-12-01 19:57:42,234:ERROR:STDERR:  File "gb.py", line 83, in main
2013-12-01 19:57:42,234:ERROR:STDERR:writePredictions(combinedPredictions)
2013-12-01 19:57:42,234:ERROR:STDERR:NameError
2013-12-01 19:57:42,234:ERROR:STDERR::
2013-12-01 19:57:42,234:ERROR:STDERR:global name 'combinedPredictions' is not defined
2013-12-01 20:05:47,927:INFO:STDOUT:Start
2013-12-01 20:05:48,575:INFO:STDOUT:(600515, 301)
2013-12-01 20:05:48,575:INFO:STDOUT:Vectorized
2013-12-01 20:05:51,054:INFO:STDOUT:Densified
2013-12-01 20:05:51,293:INFO:STDOUT:========================================
2013-12-01 20:05:51,293:INFO:STDOUT:Training: GradientBoostingClassifier
2013-12-01 20:05:51,790:INFO:STDOUT:      Iter       Train Loss      OOB Improve   Remaining Time
2013-12-01 20:06:16,088:INFO:STDOUT:         1           0.5337           0.1087          161.58m
2013-12-01 20:06:36,721:INFO:STDOUT:         2           0.4851           0.0501          149.02m
2013-12-01 20:06:50,897:INFO:STDOUT:         3           0.4518           0.0337          130.36m
2013-12-01 20:07:13,242:INFO:STDOUT:         4           0.4251           0.0252          134.40m
2013-12-01 20:07:36,149:INFO:STDOUT:         5           0.4078           0.0200          137.41m
2013-12-01 20:07:59,316:INFO:STDOUT:         6           0.3941           0.0159          139.57m
2013-12-01 20:08:11,120:INFO:STDOUT:         7           0.3760           0.0130          130.37m
2013-12-01 20:08:24,412:INFO:STDOUT:         8           0.3677           0.0107          124.64m
2013-12-01 20:08:47,690:INFO:STDOUT:         9           0.3566           0.0090          127.36m
2013-12-01 20:09:00,567:INFO:STDOUT:        10           0.3483           0.0075          122.71m
2013-12-01 20:12:21,457:INFO:STDOUT:        20           0.3093           0.0016          123.39m
2013-12-01 20:15:30,136:INFO:STDOUT:        30           0.2852           0.0007          118.88m
2013-12-01 20:18:06,632:INFO:STDOUT:        40           0.2768           0.0014          110.23m
2013-12-01 20:22:04,960:INFO:STDOUT:        50           0.2742           0.0005          113.54m
2013-12-01 20:25:37,182:INFO:STDOUT:        60           0.2718           0.0006          111.95m
2013-12-01 20:29:33,224:INFO:STDOUT:        70           0.2667           0.0001          111.68m
2013-12-01 20:33:19,321:INFO:STDOUT:        80           0.2612           0.0001          109.84m
2013-12-01 20:36:56,877:INFO:STDOUT:        90           0.2583           0.0001          107.07m
2013-12-01 20:39:11,753:INFO:STDOUT:       100           0.2572           0.0001          100.00m
2013-12-01 21:05:50,956:INFO:STDOUT:       200           0.2410          -0.0000           59.99m
2013-12-01 21:32:31,674:INFO:STDOUT:       300           0.2418           0.0000           28.89m
2013-12-01 21:55:24,717:INFO:STDOUT:       400           0.2417           0.0000            0.00s
2013-12-01 21:55:24,717:INFO:STDOUT:train time: 6573.424s
2013-12-01 21:55:25,019:INFO:STDOUT:Saved k1
