2013-12-01 15:12:40,781:INFO:STDOUT:Start
2013-12-01 15:12:41,011:INFO:STDOUT:(389730, 474)
2013-12-01 15:12:41,012:INFO:STDOUT:Vectorized
2013-12-01 15:12:42,810:INFO:STDOUT:Densified
2013-12-01 15:12:42,912:INFO:STDOUT:========================================
2013-12-01 15:12:42,913:INFO:STDOUT:Training: GradientBoostingClassifier
2013-12-01 15:12:43,481:INFO:STDOUT:      Iter       Train Loss      OOB Improve   Remaining Time
2013-12-01 15:13:02,875:INFO:STDOUT:         1           0.0387          -0.0210          193.62m
2013-12-01 15:13:24,696:INFO:STDOUT:         2 42702454168.3935 -38299870314.0253          205.39m
2013-12-01 15:14:00,677:INFO:STDOUT:         3 36210158216.2782 -1189950598.4290          256.03m
2013-12-01 15:14:16,347:INFO:STDOUT:Start
2013-12-01 15:14:16,694:INFO:STDOUT:(389730, 460)
2013-12-01 15:14:16,695:INFO:STDOUT:Vectorized
2013-12-01 15:14:19,346:INFO:STDOUT:Densified
2013-12-01 15:14:19,526:INFO:STDOUT:========================================
2013-12-01 15:14:19,526:INFO:STDOUT:Training: GradientBoostingClassifier
2013-12-01 15:14:20,370:INFO:STDOUT:      Iter       Train Loss      OOB Improve   Remaining Time
2013-12-01 15:14:28,022:INFO:STDOUT:         4 43531371358.9202          -0.0001          259.61m
2013-12-01 15:15:05,773:INFO:STDOUT:         1           0.0330          -0.0204          453.27m
2013-12-01 15:15:13,091:INFO:STDOUT:         5 46572981335.0993          -0.0000          296.73m
2013-12-01 15:15:48,399:INFO:STDOUT:         2     2706402.7570    -1353229.6918          438.67m
2013-12-01 15:16:01,919:INFO:STDOUT:         6 30685447678.6510          -0.0000          327.42m
2013-12-01 15:16:33,465:INFO:STDOUT:         3     3701727.1015        -350.7634          441.43m
2013-12-01 15:16:50,473:INFO:STDOUT:         7 36769715061.2836          -0.0001          348.73m
2013-12-01 15:17:18,728:INFO:STDOUT:         4     2889781.8131           0.0001          442.92m
2013-12-01 15:17:39,228:INFO:STDOUT:         8 47853892391.9536          -0.0000          364.75m
2013-12-01 15:18:04,091:INFO:STDOUT:         5     1807193.9463           0.0001          443.71m
2013-12-01 15:18:27,088:INFO:STDOUT:         9 56697960957.0357          -0.0000          376.06m
2013-12-01 15:18:49,471:INFO:STDOUT:         6     2348567.6683           0.0001          444.02m
2013-12-01 15:19:16,139:INFO:STDOUT:        10 38328015155.3502          -0.0000          386.11m
2013-12-01 15:19:36,405:INFO:STDOUT:         7     1807396.9690           0.0001          446.21m
2013-12-01 15:20:11,645:INFO:STDOUT:         8     2165482.0397           0.0000          433.24m
2013-12-01 15:20:32,921:INFO:STDOUT:         9     3160487.5773           0.0001          407.74m
2013-12-01 15:20:53,542:INFO:STDOUT:        10     3430981.4464           0.0000          386.62m
2013-12-01 15:27:18,581:INFO:STDOUT:        20 45054245783.4861          -0.0000          422.96m
2013-12-01 15:28:05,331:INFO:STDOUT:        20     1807202.3051           0.0000          398.73m
2013-12-01 15:35:18,560:INFO:STDOUT:        30 32569228343.4706           0.0000          429.11m
2013-12-01 15:35:51,267:INFO:STDOUT:        30     1353626.7985           0.0000          408.78m
2013-12-01 17:37:48,647:INFO:STDOUT:Start
2013-12-01 17:37:49,074:INFO:STDOUT:(389730, 474)
2013-12-01 17:37:49,080:INFO:STDOUT:Vectorized
2013-12-01 17:37:51,110:INFO:STDOUT:Densified
2013-12-01 17:37:51,207:INFO:STDOUT:========================================
2013-12-01 17:37:51,207:INFO:STDOUT:Training: GradientBoostingClassifier
2013-12-01 17:37:51,838:INFO:STDOUT:      Iter       Train Loss      OOB Improve   Remaining Time
2013-12-01 17:38:12,430:INFO:STDOUT:         1           0.0379          -0.0147          205.57m
2013-12-01 17:38:32,330:INFO:STDOUT:         2    50196768.5006   -26245514.8987          201.79m
2013-12-01 17:38:58,584:INFO:STDOUT:         3 143962903932609806066823383316022203939353554997788788543876815384042882551902010604756336821868891235438849900461459175079759036780451102702357204880705640340232179501307333089658472524927392430110323634621719780921136623124480.0000 -126776099723722212746704138551433619847362481283123614269285330336555082880313844893446594151322076049471237361006913107518833502147466580715844652773569281231574662087947139523696982988999017536622542815790305180619224586911744.0000          221.37m
2013-12-01 17:39:38,662:INFO:STDOUT:         4 138527233648405447801721218243331359966684927157247373792130258160735634060664548155698518480707826644740130511636458348410898276071450289023721722294207481680118403939483107938471480879571186981194964849750233623063996575776768.0000           0.0000          265.28m
2013-12-01 17:39:59,008:INFO:STDOUT:         5 182891088103139067165267679924066759096838744687595598733941050399995156609020331716507155503371356328978068814609659526574700890578406989853744132834320596812169977171116936190952467407122074014219717901309962799165256627126272.0000           0.0000          252.22m
2013-12-01 17:40:18,309:INFO:STDOUT:         6 147641589854616594724836447609813666322533998664752402835869069823660747826856468292336123011310064544842767573478656148327160465680938977345928585565301749764285969766481304692191303899545932695656822262444918856770976495960064.0000           0.0000          241.68m
2013-12-01 17:40:36,789:INFO:STDOUT:         7 133091563364201110577162659364134544957975830837220621241742912230123823562550697981569317327870050508707556233165262429673912940075320327422815240442924775531263710985182282608179173747993374298934637602169616550379863471554560.0000           0.0000          232.90m
2013-12-01 17:40:55,090:INFO:STDOUT:         8 143962903932609806066823383316022203939353554997788788543876815384042882551902010604756336821868891235438849900461459175079759036780451102702357204880705640340232179501307333089658472524927392430110323634621719780921136623124480.0000           0.0000          226.01m
2013-12-01 17:45:41,775:INFO:STDOUT:Start
2013-12-01 17:45:42,004:INFO:STDOUT:(389730, 474)
2013-12-01 17:45:42,004:INFO:STDOUT:Vectorized
2013-12-01 17:45:43,978:INFO:STDOUT:Densified
2013-12-01 17:45:44,078:INFO:STDOUT:========================================
2013-12-01 17:45:44,078:INFO:STDOUT:Training: GradientBoostingClassifier
2013-12-01 17:45:44,660:INFO:STDOUT:      Iter       Train Loss      OOB Improve   Remaining Time
2013-12-01 17:46:05,153:INFO:STDOUT:         1           0.0368          -0.0203           67.97m
2013-12-01 17:46:25,407:INFO:STDOUT:         2    46512868.1163   -72066850.5750           67.23m
2013-12-01 17:46:45,154:INFO:STDOUT:         3    60001675.7404          -0.0034           66.21m
2013-12-01 17:47:04,893:INFO:STDOUT:         4 37497887690461019035112488517174518211026804604131398964526222009428080096792088652661391360.0000 -37497502832274459341198230089527275311747567477250403976949072411468697130324767573039644672.0000           65.52m
2013-12-01 17:47:19,312:INFO:STDOUT:Start
2013-12-01 17:47:19,635:INFO:STDOUT:(389730, 460)
2013-12-01 17:47:19,635:INFO:STDOUT:Vectorized
2013-12-01 17:47:22,307:INFO:STDOUT:Densified
2013-12-01 17:47:22,536:INFO:STDOUT:========================================
2013-12-01 17:47:22,536:INFO:STDOUT:Training: GradientBoostingClassifier
2013-12-01 17:47:23,330:INFO:STDOUT:      Iter       Train Loss      OOB Improve   Remaining Time
2013-12-01 17:47:35,341:INFO:STDOUT:         5 37497887690461019035112488517174518211026804604131398964526222009428080096792088652661391360.0000           0.0000           71.94m
2013-12-01 17:47:59,864:INFO:STDOUT:         6 56246831535691535789674310108023991289726769949191339276163374616677372611287133473562689536.0000           0.0000           72.86m
2013-12-01 17:48:08,782:INFO:STDOUT:         1           0.0335          -0.0199          150.75m
2013-12-01 17:48:23,639:INFO:STDOUT:         7 37497887690461019035112488517174518211026804604131398964526222009428080096792088652661391360.0000           0.0000           73.05m
2013-12-01 17:48:45,376:INFO:STDOUT:         8 28123415767845760657831577721749781671676821931601428808707645705803433839544566242210742272.0000           0.0000           72.29m
2013-12-01 17:48:55,238:INFO:STDOUT:         2   343210660.1164 -2055450108.5917          151.65m
2013-12-01 17:49:07,146:INFO:STDOUT:         9 37497887690461019035112488517174518211026804604131398964526222009428080096792088652661391360.0000           0.0000           71.62m
2013-12-01 17:49:36,676:INFO:STDOUT:        10 46872359613076273793890610646468147763783505755164248705657777511785100120990110815826739200.0000           0.0000           73.47m
2013-12-01 17:49:41,292:INFO:STDOUT:         3  1028444352.7441       -2632.6421          150.99m
2013-12-01 17:50:26,847:INFO:STDOUT:         4   699635403.4430    -7682628.9132          149.87m
2013-12-01 17:51:13,405:INFO:STDOUT:         5 38359911507.9926 -110934021949.9726          149.55m
2013-12-01 17:51:36,181:INFO:STDOUT:         6 56506157086.2988           0.0000          136.26m
2013-12-01 17:51:57,414:INFO:STDOUT:         7 39044141132.9546           0.0000          125.95m
2013-12-01 17:52:19,758:INFO:STDOUT:         8 75334735602.9828           0.0001          118.57m
2013-12-01 17:53:01,889:INFO:STDOUT:         9 93485174277.6515           0.0000          119.75m
2013-12-01 17:53:47,856:INFO:STDOUT:        10 93827530460.7122           0.0000          121.77m
2013-12-01 17:56:56,620:INFO:STDOUT:        20 9374471922615254758778122129293629552756701151032849741131555502357020024198022163165347840.0000           0.0000          100.79m
2013-12-01 18:01:26,837:INFO:STDOUT:        20 93827530460.7104          -0.0001          126.53m
2013-12-01 18:03:28,158:INFO:STDOUT:        30 9374471922615254758778122129293629552756701151032849741131555502357020024198022163165347840.0000           0.0000          100.44m
2013-12-01 18:08:34,336:INFO:STDOUT:        30 38358166941.7890           0.0000          120.04m
2013-12-01 18:11:23,406:INFO:STDOUT:        40 28123415767845760657831577721749781671676821931601428808707645705803433839544566242210742272.0000           0.0000          102.58m
2013-12-01 18:16:23,895:INFO:STDOUT:        40 93487513888.8380           0.0000          116.04m
2013-12-01 18:19:15,627:INFO:STDOUT:        50 28123415767845760657831577721749781671676821931601428808707645705803433839544566242210742272.0000           0.0000          100.55m
2013-12-01 18:24:09,489:INFO:STDOUT:        50 111972585949.0518           0.0000          110.31m
2013-12-01 18:25:58,444:INFO:STDOUT:        60 18748943845230509517556244258587259105513402302065699482263111004714040048396044326330695680.0000           0.0000           93.87m
2013-12-01 18:53:28,096:INFO:STDOUT:Start
2013-12-01 18:53:28,368:INFO:STDOUT:(389730, 547)
2013-12-01 18:53:28,370:INFO:STDOUT:Vectorized
2013-12-01 18:53:30,553:INFO:STDOUT:Densified
2013-12-01 18:53:30,650:INFO:STDOUT:========================================
2013-12-01 18:53:30,655:INFO:STDOUT:Training: GradientBoostingClassifier
2013-12-01 18:53:31,346:INFO:STDOUT:      Iter       Train Loss      OOB Improve   Remaining Time
2013-12-01 18:53:57,533:INFO:STDOUT:         1           0.0360          -0.0232          108.67m
2013-12-01 18:54:01,673:INFO:STDOUT:Start
2013-12-01 18:54:02,068:INFO:STDOUT:(389730, 524)
2013-12-01 18:54:02,070:INFO:STDOUT:Vectorized
2013-12-01 18:54:05,199:INFO:STDOUT:Densified
2013-12-01 18:54:05,939:INFO:STDOUT:========================================
2013-12-01 18:54:05,949:INFO:STDOUT:Training: GradientBoostingClassifier
2013-12-01 18:54:07,608:INFO:STDOUT:      Iter       Train Loss      OOB Improve   Remaining Time
2013-12-01 18:55:32,659:INFO:STDOUT:Start
2013-12-01 18:55:33,246:INFO:STDOUT:(389730, 547)
2013-12-01 18:55:33,250:INFO:STDOUT:Vectorized
2013-12-01 18:55:35,428:INFO:STDOUT:Densified
2013-12-01 18:55:35,527:INFO:STDOUT:========================================
2013-12-01 18:55:35,530:INFO:STDOUT:Training: GradientBoostingClassifier
2013-12-01 18:55:36,213:INFO:STDOUT:      Iter       Train Loss      OOB Improve   Remaining Time
2013-12-01 18:55:45,993:INFO:STDOUT:Start
2013-12-01 18:55:46,364:INFO:STDOUT:(389730, 524)
2013-12-01 18:55:46,364:INFO:STDOUT:Vectorized
2013-12-01 18:55:53,924:INFO:STDOUT:Densified
2013-12-01 18:55:54,122:INFO:STDOUT:========================================
2013-12-01 18:55:54,123:INFO:STDOUT:Training: GradientBoostingClassifier
2013-12-01 18:55:56,317:INFO:STDOUT:      Iter       Train Loss      OOB Improve   Remaining Time
2013-12-01 18:56:58,993:INFO:STDOUT:Start
2013-12-01 18:56:59,506:INFO:STDOUT:(389730, 547)
2013-12-01 18:56:59,506:INFO:STDOUT:Vectorized
2013-12-01 18:57:01,663:INFO:STDOUT:Densified
2013-12-01 18:57:01,767:INFO:STDOUT:========================================
2013-12-01 18:57:01,768:INFO:STDOUT:Training: GradientBoostingClassifier
2013-12-01 18:57:02,458:INFO:STDOUT:      Iter       Train Loss      OOB Improve   Remaining Time
2013-12-01 18:57:18,630:INFO:STDOUT:Start
2013-12-01 18:57:19,270:INFO:STDOUT:(600515, 301)
2013-12-01 18:57:19,270:INFO:STDOUT:Vectorized
2013-12-01 18:57:21,760:INFO:STDOUT:Densified
2013-12-01 18:57:21,964:INFO:STDOUT:========================================
2013-12-01 18:57:21,964:INFO:STDOUT:Training: GradientBoostingClassifier
2013-12-01 18:57:22,434:INFO:STDOUT:      Iter       Train Loss      OOB Improve   Remaining Time
2013-12-01 18:57:45,739:INFO:STDOUT:         1           0.0357          -0.0260           77.30m
2013-12-01 18:58:09,297:INFO:STDOUT:         2     8405220.1069    -8093832.5658           77.32m
2013-12-01 18:58:19,425:INFO:STDOUT:Start
2013-12-01 18:58:19,713:INFO:STDOUT:(389730, 524)
2013-12-01 18:58:19,713:INFO:STDOUT:Vectorized
2013-12-01 18:58:21,838:INFO:STDOUT:Densified
2013-12-01 18:58:21,956:INFO:STDOUT:========================================
2013-12-01 18:58:21,956:INFO:STDOUT:Training: GradientBoostingClassifier
2013-12-01 18:58:22,667:INFO:STDOUT:      Iter       Train Loss      OOB Improve   Remaining Time
2013-12-01 18:58:48,125:INFO:STDOUT:         1           0.0371          -0.0153           84.44m
2013-12-01 18:59:12,820:INFO:STDOUT:         2   141679705.8030          -2.9551           82.75m
2013-12-01 18:59:37,533:INFO:STDOUT:         3   211927430.4235  -105370505.3274           81.94m
2013-12-01 19:00:02,966:INFO:STDOUT:         4 53076462544.7824 -68775934768.9697           81.91m
2013-12-01 19:00:44,975:INFO:STDOUT:         5 74080182399.7381           0.0000           92.50m
2013-12-01 19:01:29,307:INFO:STDOUT:         6 44614935675.3482           0.0000          100.58m
2013-12-01 19:01:54,589:INFO:STDOUT:         7 66327350107.1037          -0.0001           97.38m
2013-12-01 19:02:19,869:INFO:STDOUT:         8 53358933760.3749           0.0000           94.88m
2013-12-01 19:02:45,512:INFO:STDOUT:         9 55948719761.5847          -0.2319           92.97m
2013-12-01 19:03:37,393:INFO:STDOUT:        10 2009267102436776084860332718285503433567187707064107745338025283625136609993894078708703472604941484550425626900599041745887042815117734168517059736555392630972042298761278143213889876341555200.0000 -3013869720597025233644880654925221636347703647000364521321421939926542476575927892055930734982372112124991959237120870963322028905852116299509006644796591054839063440099194614024447959104487424.0000           99.66m
2013-12-01 19:08:49,621:INFO:STDOUT:        20 4018534204873552169720665436571006867134375414128215490676050567250273219987788157417406945209882969100851253801198083491774085630235468337034119473110785261944084597522556286427779752683110400.0000           0.0000           94.04m
2013-12-01 19:17:15,381:INFO:STDOUT:        30 99150337533737224100625566942362911230022158289900617979823895166813215889791522437055103162441567689591409881815939727075958173916544844204382185284591227491453575884936577024.0000           0.0000          106.98m
2013-12-01 19:21:29,455:INFO:STDOUT:        40 2009267102436776084860332718285503433567187707064107745338025283625136609993894078708703472604941484550425626900599041745887042815117734168517059736555392630972042298761278143213889876341555200.0000           0.0000           92.45m
2013-12-01 19:25:53,547:INFO:STDOUT:        50 3013900653655164253923664631657776589328072322655522915994288665258166950991125837626434463451728218027635783707337597292838334342939943000674487169889708449841694860311219188123502154646290432.0000           0.0000           82.54m
2013-12-01 19:32:32,565:INFO:STDOUT:        60 4018534204873552169720665436571006867134375414128215490676050567250273219987788157417406945209882969100851253801198083491774085630235468337034119473110785261944084597522556286427779752683110400.0000           0.0000           79.72m
2013-12-01 19:37:58,261:INFO:STDOUT:        70 2009267102436776084860332718285503433567187707064107745338025283625136609993894078708703472604941484550425626900599041745887042815117734168517059736555392630972042298761278143213889876341555200.0000           0.0000           73.53m
2013-12-01 19:46:13,872:INFO:STDOUT:        80 2009267102436776084860332718285503433567187707064107745338025283625136609993894078708703472604941484550425626900599041745887042815117734168517059736555392630972042298761278143213889876341555200.0000           0.0000           71.78m
2013-12-01 19:53:25,182:INFO:STDOUT:        90 2009267102436776084860332718285503433567187707064107745338025283625136609993894078708703472604941484550425626900599041745887042815117734168517059736555392630972042298761278143213889876341555200.0000           0.0000           67.27m
2013-12-01 19:59:41,539:INFO:STDOUT:       100 1004633551218388042430166359142751716783593853532053872669012641812568304996947039354351736302470742275212813450299520872943521407558867084258529868277696315486021149380639071606944938170777600.0000           0.0000           61.31m
2013-12-01 21:16:34,844:INFO:STDOUT:       200 2009267102436776084860332718285503433567187707064107745338025283625136609993894078708703472604941484550425626900599041745887042815117734168517059736555392630972042298761278143213889876341555200.0000           0.0000            0.00s
2013-12-01 21:16:34,856:INFO:STDOUT:train time: 8292.899s
2013-12-01 21:16:35,115:INFO:STDOUT:Saved k5
2013-12-01 21:16:35,144:ERROR:STDERR:Traceback (most recent call last):
2013-12-01 21:16:35,145:ERROR:STDERR:  File "gb.py", line 120, in <module>
2013-12-01 21:16:35,145:ERROR:STDERR:main()
2013-12-01 21:16:35,145:ERROR:STDERR:  File "gb.py", line 83, in main
2013-12-01 21:16:35,145:ERROR:STDERR:writePredictions(combinedPredictions)
2013-12-01 21:16:35,145:ERROR:STDERR:NameError
2013-12-01 21:16:35,145:ERROR:STDERR::
2013-12-01 21:16:35,146:ERROR:STDERR:global name 'combinedPredictions' is not defined
