2013-12-01 15:12:41,552:INFO:STDOUT:Start
2013-12-01 15:12:41,853:INFO:STDOUT:(389730, 474)
2013-12-01 15:12:41,853:INFO:STDOUT:Vectorized
2013-12-01 15:12:44,494:INFO:STDOUT:Densified
2013-12-01 15:12:44,708:INFO:STDOUT:========================================
2013-12-01 15:12:44,709:INFO:STDOUT:Training: GradientBoostingClassifier
2013-12-01 15:12:45,497:INFO:STDOUT:      Iter       Train Loss      OOB Improve   Remaining Time
2013-12-01 15:13:25,532:INFO:STDOUT:         1           0.0693           0.0083          399.68m
2013-12-01 15:13:45,130:INFO:STDOUT:         2           0.0644           0.0038          297.17m
2013-12-01 15:14:04,745:INFO:STDOUT:         3           0.0966          -0.0316          262.84m
2013-12-01 15:14:16,019:INFO:STDOUT:Start
2013-12-01 15:14:16,322:INFO:STDOUT:(389730, 460)
2013-12-01 15:14:16,323:INFO:STDOUT:Vectorized
2013-12-01 15:14:18,662:INFO:STDOUT:Densified
2013-12-01 15:14:18,881:INFO:STDOUT:========================================
2013-12-01 15:14:18,881:INFO:STDOUT:Training: GradientBoostingClassifier
2013-12-01 15:14:19,628:INFO:STDOUT:      Iter       Train Loss      OOB Improve   Remaining Time
2013-12-01 15:14:25,336:INFO:STDOUT:         4           0.0974          -0.0012          247.93m
2013-12-01 15:14:51,051:INFO:STDOUT:         5           0.2056           0.0010          249.02m
2013-12-01 15:15:04,944:INFO:STDOUT:         1           0.0673           0.0114          452.40m
2013-12-01 15:15:36,180:INFO:STDOUT:         2           0.0696           0.0009          381.48m
2013-12-01 15:15:38,431:INFO:STDOUT:         6           0.2033           0.0000          285.34m
2013-12-01 15:15:57,270:INFO:STDOUT:         3           0.0634           0.0020          323.84m
2013-12-01 15:16:18,894:INFO:STDOUT:         4           0.0657          -0.0001          296.18m
2013-12-01 15:16:26,112:INFO:STDOUT:         7           0.1655          -0.1414          311.49m
2013-12-01 15:17:01,074:INFO:STDOUT:         5           0.0640           0.0005          320.20m
2013-12-01 15:17:13,542:INFO:STDOUT:         8           0.2110           0.0003          330.59m
2013-12-01 15:17:48,435:INFO:STDOUT:         6           0.0622           0.0002          344.53m
2013-12-01 15:17:52,833:INFO:STDOUT:         9           0.2070          -0.0001          336.36m
2013-12-01 15:18:14,954:INFO:STDOUT:        10           0.2822           0.0001          323.97m
2013-12-01 15:18:34,879:INFO:STDOUT:         7           0.0612          -0.0006          360.39m
2013-12-01 15:19:21,454:INFO:STDOUT:         8           0.0618           0.0002          372.25m
2013-12-01 15:19:42,697:INFO:STDOUT:         9           0.0646           0.0001          353.58m
2013-12-01 15:20:18,035:INFO:STDOUT:        10           0.0640          -0.0000          352.43m
2013-12-01 15:25:26,958:INFO:STDOUT:        20           0.3468           0.0000          368.04m
2013-12-01 15:27:58,072:INFO:STDOUT:        20           0.0618           0.0001          395.58m
2013-12-01 15:32:14,277:INFO:STDOUT:        30 5214793209063390553858017067008.0000           0.0000          370.11m
2013-12-01 15:35:45,066:INFO:STDOUT:        30          18.2899           0.0000          407.06m
2013-12-01 17:37:48,650:INFO:STDOUT:Start
2013-12-01 17:37:49,074:INFO:STDOUT:(389730, 474)
2013-12-01 17:37:49,080:INFO:STDOUT:Vectorized
2013-12-01 17:37:51,115:INFO:STDOUT:Densified
2013-12-01 17:37:51,216:INFO:STDOUT:========================================
2013-12-01 17:37:51,216:INFO:STDOUT:Training: GradientBoostingClassifier
2013-12-01 17:37:51,846:INFO:STDOUT:      Iter       Train Loss      OOB Improve   Remaining Time
2013-12-01 17:38:12,357:INFO:STDOUT:         1           0.0668           0.0114          204.76m
2013-12-01 17:38:51,679:INFO:STDOUT:         2           0.0654           0.0037          298.17m
2013-12-01 17:39:36,901:INFO:STDOUT:         3           0.0654          -0.0001          348.43m
2013-12-01 17:40:18,268:INFO:STDOUT:         4           0.0655           0.0004          363.61m
2013-12-01 17:40:57,796:INFO:STDOUT:         5           0.0647           0.0001          368.80m
2013-12-01 17:45:41,842:INFO:STDOUT:Start
2013-12-01 17:45:42,079:INFO:STDOUT:(389730, 474)
2013-12-01 17:45:42,079:INFO:STDOUT:Vectorized
2013-12-01 17:45:44,027:INFO:STDOUT:Densified
2013-12-01 17:45:44,134:INFO:STDOUT:========================================
2013-12-01 17:45:44,134:INFO:STDOUT:Training: GradientBoostingClassifier
2013-12-01 17:45:44,734:INFO:STDOUT:      Iter       Train Loss      OOB Improve   Remaining Time
2013-12-01 17:46:07,444:INFO:STDOUT:         1           0.0700           0.0121           75.32m
2013-12-01 17:46:45,138:INFO:STDOUT:         2           0.0653           0.0025           99.67m
2013-12-01 17:47:04,121:INFO:STDOUT:         3           0.0639           0.0007           86.88m
2013-12-01 17:47:19,390:INFO:STDOUT:Start
2013-12-01 17:47:19,726:INFO:STDOUT:(389730, 460)
2013-12-01 17:47:19,726:INFO:STDOUT:Vectorized
2013-12-01 17:47:22,125:INFO:STDOUT:Densified
2013-12-01 17:47:22,314:INFO:STDOUT:========================================
2013-12-01 17:47:22,315:INFO:STDOUT:Training: GradientBoostingClassifier
2013-12-01 17:47:23,121:INFO:STDOUT:      Iter       Train Loss      OOB Improve   Remaining Time
2013-12-01 17:47:31,547:INFO:STDOUT:         4           0.0660           0.0002           87.23m
2013-12-01 17:48:08,581:INFO:STDOUT:         1           0.0673           0.0148          150.77m
2013-12-01 17:48:19,340:INFO:STDOUT:         5           0.0652           0.0001          100.49m
2013-12-01 17:48:53,076:INFO:STDOUT:         2           0.0663           0.0011          148.43m
2013-12-01 17:49:08,308:INFO:STDOUT:         6           0.0673           0.0005          109.70m
2013-12-01 17:49:38,786:INFO:STDOUT:         3           0.0697           0.0004          148.48m
2013-12-01 17:49:56,427:INFO:STDOUT:         7           0.0629          -0.0001          115.66m
2013-12-01 17:50:26,329:INFO:STDOUT:         4           0.0657           0.0006          149.62m
2013-12-01 17:50:44,652:INFO:STDOUT:         8           0.0639          -0.0023          119.97m
2013-12-01 17:51:13,331:INFO:STDOUT:         5           0.0660           0.0003          149.64m
2013-12-01 17:51:32,998:INFO:STDOUT:         9           0.0665           0.0001          123.18m
2013-12-01 17:52:00,329:INFO:STDOUT:         6           0.0657           0.0006          149.38m
2013-12-01 17:52:19,769:INFO:STDOUT:        10           0.0640           0.0001          125.09m
2013-12-01 17:52:46,750:INFO:STDOUT:         7           0.0622           0.0004          148.72m
2013-12-01 17:53:31,920:INFO:STDOUT:         8           0.0618           0.0003          147.52m
2013-12-01 17:54:03,411:INFO:STDOUT:         9           0.0625          -0.0006          141.58m
2013-12-01 17:54:29,665:INFO:STDOUT:        10           0.0640           0.0001          135.07m
2013-12-01 17:59:16,964:INFO:STDOUT:        20 7610609204823072964608.0000           0.0000          121.83m
2013-12-01 18:00:37,412:INFO:STDOUT:        20           7.9579          -0.7915          119.14m
2013-12-01 18:07:00,424:INFO:STDOUT:        30 7610609204823072964608.0000           0.0001          120.48m
2013-12-01 18:07:11,689:INFO:STDOUT:        30 4112939359893207443913896770016498568730638404673530675013193667966578779857253227595773739369752666402510077952.0000           0.0000          112.25m
2013-12-01 18:14:47,888:INFO:STDOUT:        40 6854898933155345027860815976390803482877161951271846257453815327726707984081552771919714305402737769683487817728.0000           0.0000          109.65m
2013-12-01 18:14:56,472:INFO:STDOUT:        40 7610619543157505785856.0000          -0.0002          116.78m
2013-12-01 18:20:34,333:INFO:STDOUT:        50 4112939359893207443913896770016498568730638404673530675013193667966578779857253227595773739369752666402510077952.0000           0.0000           99.56m
2013-12-01 18:22:44,488:INFO:STDOUT:        50 7610616602908962062336.0000           0.0000          110.99m
2013-12-01 18:25:46,336:INFO:STDOUT:        60 8225878719786414887827793540032997137461276809347061350026387335933157559714506455191547478739505332805020155904.0000           0.0000           89.57m
2013-12-01 18:53:28,102:INFO:STDOUT:Start
2013-12-01 18:53:28,383:INFO:STDOUT:(389730, 547)
2013-12-01 18:53:28,385:INFO:STDOUT:Vectorized
2013-12-01 18:53:30,729:INFO:STDOUT:Densified
2013-12-01 18:53:30,832:INFO:STDOUT:========================================
2013-12-01 18:53:30,832:INFO:STDOUT:Training: GradientBoostingClassifier
2013-12-01 18:53:31,563:INFO:STDOUT:      Iter       Train Loss      OOB Improve   Remaining Time
2013-12-01 18:53:56,638:INFO:STDOUT:         1           0.0705           0.0105          104.06m
2013-12-01 18:54:01,625:INFO:STDOUT:Start
2013-12-01 18:54:02,015:INFO:STDOUT:(389730, 524)
2013-12-01 18:54:02,015:INFO:STDOUT:Vectorized
2013-12-01 18:54:05,196:INFO:STDOUT:Densified
2013-12-01 18:54:05,930:INFO:STDOUT:========================================
2013-12-01 18:54:05,936:INFO:STDOUT:Training: GradientBoostingClassifier
2013-12-01 18:54:12,252:INFO:STDOUT:      Iter       Train Loss      OOB Improve   Remaining Time
2013-12-01 18:55:32,660:INFO:STDOUT:Start
2013-12-01 18:55:33,243:INFO:STDOUT:(389730, 547)
2013-12-01 18:55:33,243:INFO:STDOUT:Vectorized
2013-12-01 18:55:35,409:INFO:STDOUT:Densified
2013-12-01 18:55:35,506:INFO:STDOUT:========================================
2013-12-01 18:55:35,506:INFO:STDOUT:Training: GradientBoostingClassifier
2013-12-01 18:55:36,186:INFO:STDOUT:      Iter       Train Loss      OOB Improve   Remaining Time
2013-12-01 18:55:46,077:INFO:STDOUT:Start
2013-12-01 18:55:46,477:INFO:STDOUT:(389730, 524)
2013-12-01 18:55:46,477:INFO:STDOUT:Vectorized
2013-12-01 18:55:53,926:INFO:STDOUT:Densified
2013-12-01 18:55:54,119:INFO:STDOUT:========================================
2013-12-01 18:55:54,119:INFO:STDOUT:Training: GradientBoostingClassifier
2013-12-01 18:55:56,422:INFO:STDOUT:      Iter       Train Loss      OOB Improve   Remaining Time
2013-12-01 18:56:59,736:INFO:STDOUT:Start
2013-12-01 18:57:00,102:INFO:STDOUT:(389730, 547)
2013-12-01 18:57:00,102:INFO:STDOUT:Vectorized
2013-12-01 18:57:03,240:INFO:STDOUT:Densified
2013-12-01 18:57:03,476:INFO:STDOUT:========================================
2013-12-01 18:57:03,476:INFO:STDOUT:Training: GradientBoostingClassifier
2013-12-01 18:57:04,354:INFO:STDOUT:      Iter       Train Loss      OOB Improve   Remaining Time
2013-12-01 18:57:46,419:INFO:STDOUT:         1           0.0677           0.0122          139.51m
2013-12-01 18:58:12,049:INFO:STDOUT:         2           0.0664          -0.0010          111.70m
2013-12-01 18:58:39,269:INFO:STDOUT:         3           0.0722           0.0005          103.88m
2013-12-01 18:59:40,233:INFO:STDOUT:         4           0.0684          -0.0006          127.30m
2013-12-01 19:00:39,952:INFO:STDOUT:         5           0.0732          -0.0002          140.14m
2013-12-01 19:01:41,059:INFO:STDOUT:         6           0.0678          -0.1125          149.11m
2013-12-01 19:02:41,773:INFO:STDOUT:         7           0.1832           0.0003          155.05m
2013-12-01 19:03:32,380:INFO:STDOUT:         8           0.1789          -0.0010          155.21m
2013-12-01 19:03:59,437:INFO:STDOUT:         9           0.0698          -0.8155          146.82m
2013-12-01 19:04:26,233:INFO:STDOUT:        10           0.8828           0.0001          139.93m
2013-12-01 19:10:20,512:INFO:STDOUT:        20           0.8771           0.0001          119.42m
2013-12-01 19:18:27,545:INFO:STDOUT:        30          79.7694           0.0000          121.19m
2013-12-01 19:26:50,894:INFO:STDOUT:        40 668320252845460.6250           0.0000          119.10m
2013-12-01 19:35:40,675:INFO:STDOUT:        50 668320252845539.5000           0.0000          115.82m
2013-12-01 19:44:38,774:INFO:STDOUT:        60 668320252845539.5000           0.0000          111.01m
2013-12-01 19:49:57,564:INFO:STDOUT:        70 1002480379268596.0000          -0.0000           98.22m
2013-12-01 19:55:56,617:INFO:STDOUT:        80         407.1568           0.0000           88.31m
2013-12-01 20:04:25,150:INFO:STDOUT:        90 668320252845890.8750           0.0000           82.31m
2013-12-01 20:09:11,853:INFO:STDOUT:       100 1002480379268699.3750          -0.0000           72.12m
2013-12-01 21:14:11,597:INFO:STDOUT:       200 11009076800910964090603543009940025805688360503584900117119778461568183794119266278708086328708030919244925172269699254634080871242352863453120345940852473856.0000           0.0000            0.00s
2013-12-01 21:14:11,609:INFO:STDOUT:train time: 8228.132s
2013-12-01 21:14:11,813:INFO:STDOUT:Saved k2
2013-12-01 21:14:11,841:ERROR:STDERR:Traceback (most recent call last):
2013-12-01 21:14:11,842:ERROR:STDERR:  File "gb.py", line 120, in <module>
2013-12-01 21:14:11,842:ERROR:STDERR:main()
2013-12-01 21:14:11,842:ERROR:STDERR:  File "gb.py", line 83, in main
2013-12-01 21:14:11,842:ERROR:STDERR:writePredictions(combinedPredictions)
2013-12-01 21:14:11,842:ERROR:STDERR:NameError
2013-12-01 21:14:11,842:ERROR:STDERR::
2013-12-01 21:14:11,842:ERROR:STDERR:global name 'combinedPredictions' is not defined
