2013-12-01 15:12:41,526:INFO:STDOUT:Start
2013-12-01 15:12:41,841:INFO:STDOUT:(389730, 474)
2013-12-01 15:12:41,841:INFO:STDOUT:Vectorized
2013-12-01 15:12:44,331:INFO:STDOUT:Densified
2013-12-01 15:12:44,536:INFO:STDOUT:========================================
2013-12-01 15:12:44,537:INFO:STDOUT:Training: GradientBoostingClassifier
2013-12-01 15:12:45,267:INFO:STDOUT:      Iter       Train Loss      OOB Improve   Remaining Time
2013-12-01 15:13:11,648:INFO:STDOUT:         1           0.2152           0.1054          263.37m
2013-12-01 15:13:30,452:INFO:STDOUT:         2           0.1925           0.0206          225.17m
2013-12-01 15:13:49,506:INFO:STDOUT:         3           0.1782           0.0147          213.06m
2013-12-01 15:14:08,725:INFO:STDOUT:         4           0.1698           0.0113          207.25m
2013-12-01 15:14:16,302:INFO:STDOUT:Start
2013-12-01 15:14:16,647:INFO:STDOUT:(389730, 460)
2013-12-01 15:14:16,647:INFO:STDOUT:Vectorized
2013-12-01 15:14:19,265:INFO:STDOUT:Densified
2013-12-01 15:14:19,473:INFO:STDOUT:========================================
2013-12-01 15:14:19,474:INFO:STDOUT:Training: GradientBoostingClassifier
2013-12-01 15:14:20,328:INFO:STDOUT:      Iter       Train Loss      OOB Improve   Remaining Time
2013-12-01 15:14:42,864:INFO:STDOUT:         5           0.1568           0.0091          233.24m
2013-12-01 15:14:47,261:INFO:STDOUT:         1           0.2144           0.1062          268.88m
2013-12-01 15:15:06,301:INFO:STDOUT:         6           0.1515           0.0082          232.71m
2013-12-01 15:15:33,218:INFO:STDOUT:         2           0.1928           0.0210          363.23m
2013-12-01 15:15:47,343:INFO:STDOUT:         7           0.1441           0.0063          257.07m
2013-12-01 15:16:19,534:INFO:STDOUT:         3           0.1819           0.0147          395.37m
2013-12-01 15:16:33,657:INFO:STDOUT:         8           0.1389           0.0053          281.68m
2013-12-01 15:17:05,257:INFO:STDOUT:         4           0.1692           0.0114          409.57m
2013-12-01 15:17:21,684:INFO:STDOUT:         9           0.1343           0.0044          302.52m
2013-12-01 15:17:35,563:INFO:STDOUT:         5           0.1598           0.0091          387.22m
2013-12-01 15:18:08,499:INFO:STDOUT:         6           0.1543           0.0073          376.48m
2013-12-01 15:18:09,865:INFO:STDOUT:        10           0.1301           0.0038          319.19m
2013-12-01 15:18:41,990:INFO:STDOUT:         7           0.1432           0.0063          369.44m
2013-12-01 15:19:27,177:INFO:STDOUT:         8           0.1426           0.0051          378.45m
2013-12-01 15:20:04,887:INFO:STDOUT:         9           0.1344           0.0056          377.10m
2013-12-01 15:20:26,087:INFO:STDOUT:        10           0.1333           0.0038          359.66m
2013-12-01 15:24:20,588:INFO:STDOUT:        20           0.1127           0.0009          336.07m
2013-12-01 15:26:59,492:INFO:STDOUT:        20           0.1151           0.0008          366.93m
2013-12-01 15:30:43,392:INFO:STDOUT:        30           0.1090           0.0001          341.41m
2013-12-01 15:34:24,249:INFO:STDOUT:        30           0.1072           0.0003          381.24m
2013-12-01 17:37:48,617:INFO:STDOUT:Start
2013-12-01 17:37:49,071:INFO:STDOUT:(389730, 474)
2013-12-01 17:37:49,071:INFO:STDOUT:Vectorized
2013-12-01 17:37:50,928:INFO:STDOUT:Densified
2013-12-01 17:37:51,030:INFO:STDOUT:========================================
2013-12-01 17:37:51,030:INFO:STDOUT:Training: GradientBoostingClassifier
2013-12-01 17:37:51,611:INFO:STDOUT:      Iter       Train Loss      OOB Improve   Remaining Time
2013-12-01 17:38:11,334:INFO:STDOUT:         1           0.2158           0.1043          196.90m
2013-12-01 17:38:30,675:INFO:STDOUT:         2           0.1947           0.0207          194.67m
2013-12-01 17:38:49,893:INFO:STDOUT:         3           0.1790           0.0149          193.30m
2013-12-01 17:39:08,591:INFO:STDOUT:         4           0.1704           0.0114          191.17m
2013-12-01 17:39:27,299:INFO:STDOUT:         5           0.1560           0.0091          189.78m
2013-12-01 17:39:45,823:INFO:STDOUT:         6           0.1498           0.0076          188.45m
2013-12-01 17:40:03,948:INFO:STDOUT:         7           0.1440           0.0070          186.85m
2013-12-01 17:40:42,097:INFO:STDOUT:         8           0.1401           0.0053          210.27m
2013-12-01 17:41:03,031:INFO:STDOUT:         9           0.1340           0.0045          209.50m
2013-12-01 17:45:41,683:INFO:STDOUT:Start
2013-12-01 17:45:41,915:INFO:STDOUT:(389730, 474)
2013-12-01 17:45:41,915:INFO:STDOUT:Vectorized
2013-12-01 17:45:43,874:INFO:STDOUT:Densified
2013-12-01 17:45:43,978:INFO:STDOUT:========================================
2013-12-01 17:45:43,979:INFO:STDOUT:Training: GradientBoostingClassifier
2013-12-01 17:45:44,591:INFO:STDOUT:      Iter       Train Loss      OOB Improve   Remaining Time
2013-12-01 17:46:03,013:INFO:STDOUT:         1           0.2141           0.1065           61.08m
2013-12-01 17:46:21,343:INFO:STDOUT:         2           0.1942           0.0208           60.63m
2013-12-01 17:46:39,993:INFO:STDOUT:         3           0.1790           0.0147           60.63m
2013-12-01 17:47:03,697:INFO:STDOUT:         4           0.1690           0.0113           64.60m
2013-12-01 17:47:19,436:INFO:STDOUT:Start
2013-12-01 17:47:19,782:INFO:STDOUT:(389730, 460)
2013-12-01 17:47:19,782:INFO:STDOUT:Vectorized
2013-12-01 17:47:22,442:INFO:STDOUT:Densified
2013-12-01 17:47:22,644:INFO:STDOUT:========================================
2013-12-01 17:47:22,644:INFO:STDOUT:Training: GradientBoostingClassifier
2013-12-01 17:47:23,568:INFO:STDOUT:      Iter       Train Loss      OOB Improve   Remaining Time
2013-12-01 17:47:47,361:INFO:STDOUT:         5           0.1602           0.0091           79.80m
2013-12-01 17:48:08,732:INFO:STDOUT:         1           0.2153           0.1050          149.79m
2013-12-01 17:48:34,777:INFO:STDOUT:         6           0.1525           0.0074           91.71m
2013-12-01 17:48:53,364:INFO:STDOUT:         2           0.1959           0.0209          148.16m
2013-12-01 17:49:22,034:INFO:STDOUT:         7           0.1459           0.0072           99.92m
2013-12-01 17:49:36,213:INFO:STDOUT:         3           0.1791           0.0150          145.17m
2013-12-01 17:50:09,853:INFO:STDOUT:         8           0.1370           0.0053          106.10m
2013-12-01 17:50:20,596:INFO:STDOUT:         4           0.1707           0.0115          144.57m
2013-12-01 17:50:56,903:INFO:STDOUT:         9           0.1331           0.0045          110.46m
2013-12-01 17:51:03,019:INFO:STDOUT:         5           0.1597           0.0091          142.64m
2013-12-01 17:51:43,884:INFO:STDOUT:        10           0.1311           0.0038          113.77m
2013-12-01 17:51:48,245:INFO:STDOUT:         6           0.1499           0.0083          142.63m
2013-12-01 17:52:28,807:INFO:STDOUT:         7           0.1436           0.0063          140.26m
2013-12-01 17:52:51,562:INFO:STDOUT:         8           0.1384           0.0053          131.20m
2013-12-01 17:53:13,419:INFO:STDOUT:         9           0.1337           0.0044          123.74m
2013-12-01 17:53:33,803:INFO:STDOUT:        10           0.1290           0.0038          117.24m
2013-12-01 17:58:50,944:INFO:STDOUT:        20           0.1106           0.0010          117.95m
2013-12-01 17:59:59,643:INFO:STDOUT:        20           0.1125           0.0007          113.41m
2013-12-01 18:06:13,424:INFO:STDOUT:        30           0.1082           0.0001          106.71m
2013-12-01 18:06:40,494:INFO:STDOUT:        30           0.1063           0.0002          118.61m
2013-12-01 18:12:24,665:INFO:STDOUT:        40           0.1062         -21.1084          100.07m
2013-12-01 18:14:44,460:INFO:STDOUT:        40           0.1055           0.0001          115.99m
2013-12-01 18:18:06,795:INFO:STDOUT:        50           0.1065           0.0000           92.16m
2013-12-01 18:20:45,104:INFO:STDOUT:        50         301.8808           0.0000          105.03m
2013-12-01 18:23:47,836:INFO:STDOUT:        60           0.1057          -0.0000           84.94m
2013-12-01 18:28:20,813:INFO:STDOUT:        60        4866.2155           0.0006           99.41m
2013-12-01 18:53:28,091:INFO:STDOUT:Start
2013-12-01 18:53:28,363:INFO:STDOUT:(389730, 547)
2013-12-01 18:53:28,370:INFO:STDOUT:Vectorized
2013-12-01 18:53:30,530:INFO:STDOUT:Densified
2013-12-01 18:53:30,633:INFO:STDOUT:========================================
2013-12-01 18:53:30,633:INFO:STDOUT:Training: GradientBoostingClassifier
2013-12-01 18:53:31,318:INFO:STDOUT:      Iter       Train Loss      OOB Improve   Remaining Time
2013-12-01 18:53:56,100:INFO:STDOUT:         1           0.2164           0.1040          102.85m
2013-12-01 18:54:01,267:INFO:STDOUT:Start
2013-12-01 18:54:01,576:INFO:STDOUT:(389730, 524)
2013-12-01 18:54:01,576:INFO:STDOUT:Vectorized
2013-12-01 18:54:04,321:INFO:STDOUT:Densified
2013-12-01 18:54:04,507:INFO:STDOUT:========================================
2013-12-01 18:54:04,507:INFO:STDOUT:Training: GradientBoostingClassifier
2013-12-01 18:54:07,195:INFO:STDOUT:      Iter       Train Loss      OOB Improve   Remaining Time
2013-12-01 18:55:32,671:INFO:STDOUT:Start
2013-12-01 18:55:33,240:INFO:STDOUT:(389730, 547)
2013-12-01 18:55:33,240:INFO:STDOUT:Vectorized
2013-12-01 18:55:35,809:INFO:STDOUT:Densified
2013-12-01 18:55:36,013:INFO:STDOUT:========================================
2013-12-01 18:55:36,013:INFO:STDOUT:Training: GradientBoostingClassifier
2013-12-01 18:55:36,898:INFO:STDOUT:      Iter       Train Loss      OOB Improve   Remaining Time
2013-12-01 18:55:46,033:INFO:STDOUT:Start
2013-12-01 18:55:46,408:INFO:STDOUT:(389730, 524)
2013-12-01 18:55:46,408:INFO:STDOUT:Vectorized
2013-12-01 18:55:53,924:INFO:STDOUT:Densified
2013-12-01 18:55:54,149:INFO:STDOUT:========================================
2013-12-01 18:55:54,155:INFO:STDOUT:Training: GradientBoostingClassifier
2013-12-01 18:55:56,349:INFO:STDOUT:      Iter       Train Loss      OOB Improve   Remaining Time
2013-12-01 18:56:58,982:INFO:STDOUT:Start
2013-12-01 18:56:59,506:INFO:STDOUT:(389730, 547)
2013-12-01 18:56:59,506:INFO:STDOUT:Vectorized
2013-12-01 18:57:01,667:INFO:STDOUT:Densified
2013-12-01 18:57:01,775:INFO:STDOUT:========================================
2013-12-01 18:57:01,775:INFO:STDOUT:Training: GradientBoostingClassifier
2013-12-01 18:57:02,467:INFO:STDOUT:      Iter       Train Loss      OOB Improve   Remaining Time
2013-12-01 18:57:18,037:INFO:STDOUT:Start
2013-12-01 18:57:18,542:INFO:STDOUT:(600515, 301)
2013-12-01 18:57:18,542:INFO:STDOUT:Vectorized
2013-12-01 18:57:20,464:INFO:STDOUT:Densified
2013-12-01 18:57:20,579:INFO:STDOUT:========================================
2013-12-01 18:57:20,579:INFO:STDOUT:Training: GradientBoostingClassifier
2013-12-01 18:57:20,961:INFO:STDOUT:      Iter       Train Loss      OOB Improve   Remaining Time
2013-12-01 18:57:32,774:INFO:STDOUT:         1           0.2130           0.1055           39.18m
2013-12-01 18:57:44,394:INFO:STDOUT:         2           0.1955           0.0210           38.67m
2013-12-01 18:57:55,897:INFO:STDOUT:         3           0.1811           0.0147           38.24m
2013-12-01 18:58:07,900:INFO:STDOUT:         4           0.1688           0.0114           38.33m
2013-12-01 18:58:19,919:INFO:STDOUT:         5           0.1580           0.0090           38.32m
2013-12-01 18:58:31,438:INFO:STDOUT:         6           0.1504           0.0082           37.98m
2013-12-01 18:58:42,821:INFO:STDOUT:         7           0.1441           0.0063           37.62m
2013-12-01 18:58:54,876:INFO:STDOUT:         8           0.1398           0.0052           37.57m
2013-12-01 18:59:06,195:INFO:STDOUT:         9           0.1319           0.0045           37.22m
2013-12-01 18:59:26,299:INFO:STDOUT:        10           0.1307           0.0038           39.69m
2013-12-01 19:03:23,224:INFO:STDOUT:        20           0.1116           0.0008           54.34m
2013-12-01 19:06:17,455:INFO:STDOUT:        30           0.1075           0.0002           50.67m
2013-12-01 19:08:18,429:INFO:STDOUT:        40           0.1069           0.0001           43.83m
2013-12-01 19:11:54,663:INFO:STDOUT:        50           0.1051           0.0000           43.69m
2013-12-01 19:14:30,501:INFO:STDOUT:        60 40487356247.1658           0.0001           40.04m
2013-12-01 19:16:32,853:INFO:STDOUT:        70 22501008147.9465           0.0001           35.65m
2013-12-01 19:19:55,244:INFO:STDOUT:        80 45038128016.8752           0.0000           33.86m
2013-12-01 19:22:23,337:INFO:STDOUT:        90 40487356247.1659          -0.0000           30.60m
2013-12-01 19:24:43,355:INFO:STDOUT:       100 35973304270.2337          -0.0000           27.37m
2013-12-01 19:55:20,777:INFO:STDOUT:       200 27052484959.1054          -0.0001            0.00s
2013-12-01 19:55:20,778:INFO:STDOUT:train time: 3480.198s
2013-12-01 19:55:21,032:INFO:STDOUT:Saved k4
2013-12-01 19:55:21,059:ERROR:STDERR:Traceback (most recent call last):
2013-12-01 19:55:21,060:ERROR:STDERR:  File "gb.py", line 120, in <module>
2013-12-01 19:55:21,060:ERROR:STDERR:main()
2013-12-01 19:55:21,060:ERROR:STDERR:  File "gb.py", line 83, in main
2013-12-01 19:55:21,060:ERROR:STDERR:writePredictions(combinedPredictions)
2013-12-01 19:55:21,060:ERROR:STDERR:NameError
2013-12-01 19:55:21,060:ERROR:STDERR::
2013-12-01 19:55:21,060:ERROR:STDERR:global name 'combinedPredictions' is not defined
2013-12-01 20:05:47,876:INFO:STDOUT:Start
2013-12-01 20:05:48,531:INFO:STDOUT:(600515, 301)
2013-12-01 20:05:48,531:INFO:STDOUT:Vectorized
2013-12-01 20:05:50,964:INFO:STDOUT:Densified
2013-12-01 20:05:51,155:INFO:STDOUT:========================================
2013-12-01 20:05:51,155:INFO:STDOUT:Training: GradientBoostingClassifier
2013-12-01 20:05:51,676:INFO:STDOUT:      Iter       Train Loss      OOB Improve   Remaining Time
2013-12-01 20:06:17,773:INFO:STDOUT:         1           0.2151           0.1043          173.54m
2013-12-01 20:06:44,249:INFO:STDOUT:         2           0.1928           0.0210          174.37m
2013-12-01 20:07:00,710:INFO:STDOUT:         3           0.1801           0.0149          152.26m
2013-12-01 20:07:24,608:INFO:STDOUT:         4           0.1707           0.0113          153.34m
2013-12-01 20:07:49,768:INFO:STDOUT:         5           0.1576           0.0090          155.49m
2013-12-01 20:08:14,310:INFO:STDOUT:         6           0.1514           0.0074          156.10m
2013-12-01 20:08:29,260:INFO:STDOUT:         7           0.1450           0.0063          147.45m
2013-12-01 20:08:41,358:INFO:STDOUT:         8           0.1399           0.0064          138.57m
2013-12-01 20:08:52,967:INFO:STDOUT:         9           0.1349           0.0045          131.27m
2013-12-01 20:09:04,747:INFO:STDOUT:        10           0.1306           0.0037          125.50m
2013-12-01 20:11:22,499:INFO:STDOUT:        20           0.1112           0.0010          104.76m
2013-12-01 20:14:02,232:INFO:STDOUT:        30           0.1068           0.0002          100.84m
2013-12-01 20:18:04,088:INFO:STDOUT:        40           0.1053           0.0001          109.86m
2013-12-01 20:21:12,065:INFO:STDOUT:        50          37.8012           0.0000          107.38m
2013-12-01 20:24:01,921:INFO:STDOUT:        60 876466115353619535097306443070218208854156000929918671754780783673344.0000           0.0000          102.97m
2013-12-01 20:28:34,830:INFO:STDOUT:        70 657349586515214603432494180243636832942272402250277015730488019517440.0000           0.0000          107.10m
2013-12-01 20:31:12,877:INFO:STDOUT:        80 1314699173030429589988873576959488255471301592077849936145756584935424.0000           0.0000          101.41m
2013-12-01 20:33:17,032:INFO:STDOUT:        90 657349584295816919228791417173995241324340263064296383704506713505792.0000 5178541885014098747526973096463886967257659921846232940544000.0000           94.46m
2013-12-01 20:36:04,475:INFO:STDOUT:       100 1095582640493028294495623666074712382937256302001484615678706325651456.0000           0.0000           90.64m
2013-12-01 21:06:42,607:INFO:STDOUT:       200 876466112394422558971721889565326988432453684085728511606008951341056.0000           0.0000           60.85m
2013-12-01 21:30:36,872:INFO:STDOUT:       300 876466112394422558971721889565326988432453684085728511606008951341056.0000           0.0000           28.25m
2013-12-01 21:55:02,307:INFO:STDOUT:       400 657349584295816919228791417173995241324340263064296383704506713505792.0000           0.0000            0.00s
2013-12-01 21:55:02,307:INFO:STDOUT:train time: 6551.152s
2013-12-01 21:55:02,614:INFO:STDOUT:Saved k4
